Using pre-set license
Built from '2021.3/staging' branch; Version is '2021.3.24f1 (cf10dcf7010d) revision 13570268'; Using compiler version '192829333'; Build Type 'Release'
OS: 'Windows 10  (10.0.19045) 64bit Core' Language: 'ko' Physical Memory: 16318 MB
BatchMode: 1, IsHumanControllingUs: 0, StartBugReporterOnCrash: 0, Is64bit: 1, IsPro: 1

COMMAND LINE ARGUMENTS:
E:\Editor\2021.3.24f1\Editor\Unity.exe
-adb2
-batchMode
-noUpm
-name
AssetImportWorker7
-projectPath
E:/FinalProject/FinalProject/FinalProject
-logFile
Logs/AssetImportWorker7.log
-srvPort
8436
Successfully changed project path to: E:/FinalProject/FinalProject/FinalProject
E:/FinalProject/FinalProject/FinalProject
[UnityMemory] Configuration Parameters - Can be set up in boot.config
    "memorysetup-bucket-allocator-granularity=16"
    "memorysetup-bucket-allocator-bucket-count=8"
    "memorysetup-bucket-allocator-block-size=33554432"
    "memorysetup-bucket-allocator-block-count=8"
    "memorysetup-main-allocator-block-size=16777216"
    "memorysetup-thread-allocator-block-size=16777216"
    "memorysetup-gfx-main-allocator-block-size=16777216"
    "memorysetup-gfx-thread-allocator-block-size=16777216"
    "memorysetup-cache-allocator-block-size=4194304"
    "memorysetup-typetree-allocator-block-size=2097152"
    "memorysetup-profiler-bucket-allocator-granularity=16"
    "memorysetup-profiler-bucket-allocator-bucket-count=8"
    "memorysetup-profiler-bucket-allocator-block-size=33554432"
    "memorysetup-profiler-bucket-allocator-block-count=8"
    "memorysetup-profiler-allocator-block-size=16777216"
    "memorysetup-profiler-editor-allocator-block-size=1048576"
    "memorysetup-temp-allocator-size-main=16777216"
    "memorysetup-job-temp-allocator-block-size=2097152"
    "memorysetup-job-temp-allocator-block-size-background=1048576"
    "memorysetup-job-temp-allocator-reduction-small-platforms=262144"
    "memorysetup-temp-allocator-size-background-worker=32768"
    "memorysetup-temp-allocator-size-job-worker=262144"
    "memorysetup-temp-allocator-size-preload-manager=33554432"
    "memorysetup-temp-allocator-size-nav-mesh-worker=65536"
    "memorysetup-temp-allocator-size-audio-worker=65536"
    "memorysetup-temp-allocator-size-cloud-worker=32768"
    "memorysetup-temp-allocator-size-gi-baking-worker=262144"
    "memorysetup-temp-allocator-size-gfx=262144"
Player connection [13904] Host "[IP] 192.168.0.2 [Port] 0 [Flags] 2 [Guid] 1321591459 [EditorId] 1321591459 [Version] 1048832 [Id] WindowsEditor(7,DESKTOP-HE9ITCQ) [Debug] 1 [PackageName] WindowsEditor [ProjectName] Editor" joined multi-casting on [225.0.0.222:54997]...

Player connection [13904] Host "[IP] 192.168.0.2 [Port] 0 [Flags] 2 [Guid] 1321591459 [EditorId] 1321591459 [Version] 1048832 [Id] WindowsEditor(7,DESKTOP-HE9ITCQ) [Debug] 1 [PackageName] WindowsEditor [ProjectName] Editor" joined alternative multi-casting on [225.0.0.222:34997]...

Refreshing native plugins compatible for Editor in 114.07 ms, found 3 plugins.
Preloading 0 native plugins for Editor in 0.00 ms.
Initialize engine version: 2021.3.24f1 (cf10dcf7010d)
[Subsystems] Discovering subsystems at path E:/Editor/2021.3.24f1/Editor/Data/Resources/UnitySubsystems
[Subsystems] Discovering subsystems at path E:/FinalProject/FinalProject/FinalProject/Assets
GfxDevice: creating device client; threaded=0; jobified=0
Direct3D:
    Version:  Direct3D 11.0 [level 11.1]
    Renderer: NVIDIA GeForce GTX 1080 (ID=0x1b80)
    Vendor:   NVIDIA
    VRAM:     8079 MB
    Driver:   31.0.15.1748
Initialize mono
Mono path[0] = 'E:/Editor/2021.3.24f1/Editor/Data/Managed'
Mono path[1] = 'E:/Editor/2021.3.24f1/Editor/Data/MonoBleedingEdge/lib/mono/unityjit-win32'
Mono config path = 'E:/Editor/2021.3.24f1/Editor/Data/MonoBleedingEdge/etc'
Using monoOptions --debugger-agent=transport=dt_socket,embedding=1,server=y,suspend=n,address=127.0.0.1:56276
Begin MonoManager ReloadAssembly
Registering precompiled unity dll's ...
Register platform support module: E:/Editor/2021.3.24f1/Editor/Data/PlaybackEngines/WindowsStandaloneSupport/UnityEditor.WindowsStandalone.Extensions.dll
Registered in 0.004327 seconds.
Native extension for WindowsStandalone target not found
Refreshing native plugins compatible for Editor in 71.86 ms, found 3 plugins.
Preloading 0 native plugins for Editor in 0.00 ms.
Mono: successfully reloaded assembly
- Completed reload, in  0.665 seconds
Domain Reload Profiling:
	ReloadAssembly (666ms)
		BeginReloadAssembly (110ms)
			ExecutionOrderSort (0ms)
			DisableScriptedObjects (0ms)
			BackupInstance (0ms)
			ReleaseScriptingObjects (0ms)
			CreateAndSetChildDomain (1ms)
		EndReloadAssembly (458ms)
			LoadAssemblies (109ms)
			RebuildTransferFunctionScriptingTraits (0ms)
			SetupTypeCache (112ms)
			ReleaseScriptCaches (0ms)
			RebuildScriptCaches (27ms)
			SetupLoadedEditorAssemblies (266ms)
				LogAssemblyErrors (0ms)
				InitializePlatformSupportModulesInManaged (7ms)
				SetLoadedEditorAssemblies (0ms)
				RefreshPlugins (72ms)
				BeforeProcessingInitializeOnLoad (1ms)
				ProcessInitializeOnLoadAttributes (129ms)
				ProcessInitializeOnLoadMethodAttributes (58ms)
				AfterProcessingInitializeOnLoad (0ms)
				EditorAssembliesLoaded (0ms)
			ExecutionOrderSort2 (0ms)
			AwakeInstancesAfterBackupRestoration (0ms)
Platform modules already initialized, skipping
Registering precompiled user dll's ...
Registered in 0.006751 seconds.
Begin MonoManager ReloadAssembly
Symbol file LoadedFromMemory doesn't match image E:\FinalProject\FinalProject\FinalProject\Library\PackageCache\com.unity.visualscripting@1.8.0\Editor\VisualScripting.Core\Dependencies\YamlDotNet\Unity.VisualScripting.YamlDotNet.dll
Symbol file LoadedFromMemory doesn't match image E:\FinalProject\FinalProject\FinalProject\Library\PackageCache\com.unity.visualscripting@1.8.0\Editor\VisualScripting.Core\Dependencies\DotNetZip\Unity.VisualScripting.IonicZip.dll
Native extension for WindowsStandalone target not found
Refreshing native plugins compatible for Editor in 0.47 ms, found 3 plugins.
Preloading 0 native plugins for Editor in 0.00 ms.
System.Exception: Error! Visual Scripting: couldn't find visual scripting package
  at Unity.VisualScripting.PackageVersionUtility.get_version () [0x00043] in E:\FinalProject\FinalProject\FinalProject\Library\PackageCache\com.unity.visualscripting@1.8.0\Editor\VisualScripting.Core\Utilities\PackageVersionUtility.cs:31 
  at Unity.VisualScripting.BoltCoreManifest.get_version () [0x00000] in E:\FinalProject\FinalProject\FinalProject\Library\PackageCache\com.unity.visualscripting@1.8.0\Editor\VisualScripting.Core\Plugin\BoltCoreManifest.cs:11 
  at Unity.VisualScripting.PluginManifest.get_currentVersion () [0x00000] in E:\FinalProject\FinalProject\FinalProject\Library\PackageCache\com.unity.visualscripting@1.8.0\Editor\VisualScripting.Core\Plugins\PluginManifest.cs:33 
  at Unity.VisualScripting.PluginManifest.get_versionMismatch () [0x00000] in E:\FinalProject\FinalProject\FinalProject\Library\PackageCache\com.unity.visualscripting@1.8.0\Editor\VisualScripting.Core\Plugins\PluginManifest.cs:48 
  at Unity.VisualScripting.PluginContainer.Initialize () [0x00525] in E:\FinalProject\FinalProject\FinalProject\Library\PackageCache\com.unity.visualscripting@1.8.0\Editor\VisualScripting.Core\Plugins\PluginContainer.cs:208 
  at Unity.VisualScripting.PluginContainer.InitializeOnLoad () [0x00009] in E:\FinalProject\FinalProject\FinalProject\Library\PackageCache\com.unity.visualscripting@1.8.0\Editor\VisualScripting.Core\Plugins\PluginContainer.cs:32 
  at Unity.VisualScripting.VSUsageUtility.DoInitializeOnLoadCalls () [0x00034] in E:\FinalProject\FinalProject\FinalProject\Library\PackageCache\com.unity.visualscripting@1.8.0\Editor\VisualScripting.Core\Utilities\VSUsageUtility.cs:76 
  at Unity.VisualScripting.VSUsageUtility.set_isVisualScriptingUsed (System.Boolean value) [0x0002c] in E:\FinalProject\FinalProject\FinalProject\Library\PackageCache\com.unity.visualscripting@1.8.0\Editor\VisualScripting.Core\Utilities\VSUsageUtility.cs:114 
  at Unity.VisualScripting.VSUsageUtility.CheckAndSetIsVisualScriptingUsed () [0x00032] in E:\FinalProject\FinalProject\FinalProject\Library\PackageCache\com.unity.visualscripting@1.8.0\Editor\VisualScripting.Core\Utilities\VSUsageUtility.cs:48 
  at Unity.VisualScripting.VSUsageUtility..cctor () [0x00000] in E:\FinalProject\FinalProject\FinalProject\Library\PackageCache\com.unity.visualscripting@1.8.0\Editor\VisualScripting.Core\Utilities\VSUsageUtility.cs:22 
UnityEngine.StackTraceUtility:ExtractStackTrace ()
UnityEngine.DebugLogHandler:LogFormat (UnityEngine.LogType,UnityEngine.Object,string,object[])
UnityEngine.Logger:Log (UnityEngine.LogType,object)
UnityEngine.Debug:LogError (object)
UnityEditor.EditorAssemblies:ProcessInitializeOnLoadAttributes (System.Type[])

Mono: successfully reloaded assembly
- Completed reload, in  1.445 seconds
Domain Reload Profiling:
	ReloadAssembly (1446ms)
		BeginReloadAssembly (146ms)
			ExecutionOrderSort (0ms)
			DisableScriptedObjects (6ms)
			BackupInstance (0ms)
			ReleaseScriptingObjects (0ms)
			CreateAndSetChildDomain (19ms)
		EndReloadAssembly (1197ms)
			LoadAssemblies (127ms)
			RebuildTransferFunctionScriptingTraits (0ms)
			SetupTypeCache (273ms)
			ReleaseScriptCaches (1ms)
			RebuildScriptCaches (50ms)
			SetupLoadedEditorAssemblies (741ms)
				LogAssemblyErrors (0ms)
				InitializePlatformSupportModulesInManaged (4ms)
				SetLoadedEditorAssemblies (0ms)
				RefreshPlugins (1ms)
				BeforeProcessingInitializeOnLoad (72ms)
				ProcessInitializeOnLoadAttributes (639ms)
				ProcessInitializeOnLoadMethodAttributes (20ms)
				AfterProcessingInitializeOnLoad (4ms)
				EditorAssembliesLoaded (0ms)
			ExecutionOrderSort2 (0ms)
			AwakeInstancesAfterBackupRestoration (19ms)
Platform modules already initialized, skipping
========================================================================
Worker process is ready to serve import requests
Launched and connected shader compiler UnityShaderCompiler.exe after 0.13 seconds
Refreshing native plugins compatible for Editor in 0.56 ms, found 3 plugins.
Preloading 0 native plugins for Editor in 0.00 ms.
Unloading 3120 Unused Serialized files (Serialized files now loaded: 0)
Unloading 22 unused Assets / (56.2 KB). Loaded Objects now: 3590.
Memory consumption went from 112.6 MB to 112.5 MB.
Total: 11.698700 ms (FindLiveObjects: 0.436200 ms CreateObjectMapping: 0.309600 ms MarkObjects: 10.846100 ms  DeleteObjects: 0.105500 ms)

AssetImportParameters requested are different than current active one (requested -> active):
  custom:video-decoder-ogg-theora: a1e56fd34408186e4bbccfd4996cb3dc -> 
  custom:container-muxer-webm: aa71ff27fc2769a1b78a27578f13a17b -> 
  custom:container-demuxer-webm: 4f35f7cbe854078d1ac9338744f61a02 -> 
  custom:video-encoder-webm-vp8: eb34c28f22e8b96e1ab97ce403110664 -> 
  custom:audio-encoder-webm-vorbis: bf7c407c2cedff20999df2af8eb42d56 -> 
  custom:framework-win-MediaFoundation: 216162199b28c13a410421893ffa2e32 -> 
  custom:container-demuxer-ogg: 62fdf1f143b41e24485cea50d1cbac27 -> 
  custom:video-decoder-webm-vp8: 9c59270c3fd7afecdb556c50c9e8de78 -> 
  custom:audio-decoder-ogg-vorbis: bf7c407c2cedff20999df2af8eb42d56 -> 
========================================================================
Received Import Request.
  Time since last request: 28998.946799 seconds.
  path: Assets/FourEvilDragonsHP/Animations/DragonSoulEater/Fireball Shoot.fbx
  artifactKey: Guid(6e4f9ef5485ccb04299f52ceae24d120) Importer(815301076,1909f56bfc062723c751e8b465ee728b)
Start importing Assets/FourEvilDragonsHP/Animations/DragonSoulEater/Fireball Shoot.fbx using Guid(6e4f9ef5485ccb04299f52ceae24d120) Importer(815301076,1909f56bfc062723c751e8b465ee728b)  -> (artifact id: 'b36e074bd1eb06c97ca053c210c482d8') in 0.230415 seconds 
========================================================================
Received Import Request.
  Time since last request: 21.251966 seconds.
  path: Assets/FourEvilDragonsHP/Animations/DragonTerrorBringer/die.fbx
  artifactKey: Guid(49d0a594e1ca9d54ca3e17fb24d28f5c) Importer(815301076,1909f56bfc062723c751e8b465ee728b)
Start importing Assets/FourEvilDragonsHP/Animations/DragonTerrorBringer/die.fbx using Guid(49d0a594e1ca9d54ca3e17fb24d28f5c) Importer(815301076,1909f56bfc062723c751e8b465ee728b)  -> (artifact id: '43a90ba2f53204eb1fc45ad674093cd1') in 0.023493 seconds 
========================================================================
Received Import Request.
  Time since last request: 0.000049 seconds.
  path: Assets/FourEvilDragonsHP/Animations/DragonTerrorBringer/Landing.fbx
  artifactKey: Guid(f728a9645c91629469fdc1e9a452ddea) Importer(815301076,1909f56bfc062723c751e8b465ee728b)
Start importing Assets/FourEvilDragonsHP/Animations/DragonTerrorBringer/Landing.fbx using Guid(f728a9645c91629469fdc1e9a452ddea) Importer(815301076,1909f56bfc062723c751e8b465ee728b)  -> (artifact id: 'bbfae0d8c9ac20b9b7586a376e472364') in 0.031746 seconds 
========================================================================
Received Import Request.
  Time since last request: 0.000031 seconds.
  path: Assets/FourEvilDragonsHP/Animations/DragonTerrorBringer/Run.fbx
  artifactKey: Guid(9700edab3a23d7d408e78a7cb99cf41d) Importer(815301076,1909f56bfc062723c751e8b465ee728b)
Start importing Assets/FourEvilDragonsHP/Animations/DragonTerrorBringer/Run.fbx using Guid(9700edab3a23d7d408e78a7cb99cf41d) Importer(815301076,1909f56bfc062723c751e8b465ee728b)  -> (artifact id: '87be9eadf947f4b53634d34a793129d0') in 0.159887 seconds 
========================================================================
Received Prepare
Registering precompiled user dll's ...
Registered in 0.006678 seconds.
Begin MonoManager ReloadAssembly
Symbol file LoadedFromMemory doesn't match image E:\FinalProject\FinalProject\FinalProject\Library\PackageCache\com.unity.visualscripting@1.8.0\Editor\VisualScripting.Core\Dependencies\YamlDotNet\Unity.VisualScripting.YamlDotNet.dll
Symbol file LoadedFromMemory doesn't match image E:\FinalProject\FinalProject\FinalProject\Library\PackageCache\com.unity.visualscripting@1.8.0\Editor\VisualScripting.Core\Dependencies\DotNetZip\Unity.VisualScripting.IonicZip.dll
Native extension for WindowsStandalone target not found
Refreshing native plugins compatible for Editor in 0.99 ms, found 3 plugins.
Preloading 0 native plugins for Editor in 0.00 ms.
System.Exception: Error! Visual Scripting: couldn't find visual scripting package
  at Unity.VisualScripting.PackageVersionUtility.get_version () [0x00043] in E:\FinalProject\FinalProject\FinalProject\Library\PackageCache\com.unity.visualscripting@1.8.0\Editor\VisualScripting.Core\Utilities\PackageVersionUtility.cs:31 
  at Unity.VisualScripting.BoltCoreManifest.get_version () [0x00000] in E:\FinalProject\FinalProject\FinalProject\Library\PackageCache\com.unity.visualscripting@1.8.0\Editor\VisualScripting.Core\Plugin\BoltCoreManifest.cs:11 
  at Unity.VisualScripting.PluginManifest.get_currentVersion () [0x00000] in E:\FinalProject\FinalProject\FinalProject\Library\PackageCache\com.unity.visualscripting@1.8.0\Editor\VisualScripting.Core\Plugins\PluginManifest.cs:33 
  at Unity.VisualScripting.PluginManifest.get_versionMismatch () [0x00000] in E:\FinalProject\FinalProject\FinalProject\Library\PackageCache\com.unity.visualscripting@1.8.0\Editor\VisualScripting.Core\Plugins\PluginManifest.cs:48 
  at Unity.VisualScripting.PluginContainer.Initialize () [0x00525] in E:\FinalProject\FinalProject\FinalProject\Library\PackageCache\com.unity.visualscripting@1.8.0\Editor\VisualScripting.Core\Plugins\PluginContainer.cs:208 
  at Unity.VisualScripting.PluginContainer.InitializeOnLoad () [0x00009] in E:\FinalProject\FinalProject\FinalProject\Library\PackageCache\com.unity.visualscripting@1.8.0\Editor\VisualScripting.Core\Plugins\PluginContainer.cs:32 
  at Unity.VisualScripting.VSUsageUtility.DoInitializeOnLoadCalls () [0x00034] in E:\FinalProject\FinalProject\FinalProject\Library\PackageCache\com.unity.visualscripting@1.8.0\Editor\VisualScripting.Core\Utilities\VSUsageUtility.cs:76 
  at Unity.VisualScripting.VSUsageUtility.set_isVisualScriptingUsed (System.Boolean value) [0x0002c] in E:\FinalProject\FinalProject\FinalProject\Library\PackageCache\com.unity.visualscripting@1.8.0\Editor\VisualScripting.Core\Utilities\VSUsageUtility.cs:114 
  at Unity.VisualScripting.VSUsageUtility.CheckAndSetIsVisualScriptingUsed () [0x0000d] in E:\FinalProject\FinalProject\FinalProject\Library\PackageCache\com.unity.visualscripting@1.8.0\Editor\VisualScripting.Core\Utilities\VSUsageUtility.cs:33 
  at Unity.VisualScripting.VSUsageUtility..cctor () [0x00000] in E:\FinalProject\FinalProject\FinalProject\Library\PackageCache\com.unity.visualscripting@1.8.0\Editor\VisualScripting.Core\Utilities\VSUsageUtility.cs:22 
UnityEngine.StackTraceUtility:ExtractStackTrace ()
UnityEngine.DebugLogHandler:LogFormat (UnityEngine.LogType,UnityEngine.Object,string,object[])
UnityEngine.Logger:Log (UnityEngine.LogType,object)
UnityEngine.Debug:LogError (object)
UnityEditor.EditorAssemblies:ProcessInitializeOnLoadAttributes (System.Type[])

Mono: successfully reloaded assembly
- Completed reload, in  1.814 seconds
Domain Reload Profiling:
	ReloadAssembly (1815ms)
		BeginReloadAssembly (221ms)
			ExecutionOrderSort (0ms)
			DisableScriptedObjects (5ms)
			BackupInstance (0ms)
			ReleaseScriptingObjects (0ms)
			CreateAndSetChildDomain (52ms)
		EndReloadAssembly (1478ms)
			LoadAssemblies (183ms)
			RebuildTransferFunctionScriptingTraits (0ms)
			SetupTypeCache (368ms)
			ReleaseScriptCaches (1ms)
			RebuildScriptCaches (53ms)
			SetupLoadedEditorAssemblies (608ms)
				LogAssemblyErrors (0ms)
				InitializePlatformSupportModulesInManaged (5ms)
				SetLoadedEditorAssemblies (1ms)
				RefreshPlugins (1ms)
				BeforeProcessingInitializeOnLoad (63ms)
				ProcessInitializeOnLoadAttributes (511ms)
				ProcessInitializeOnLoadMethodAttributes (23ms)
				AfterProcessingInitializeOnLoad (5ms)
				EditorAssembliesLoaded (0ms)
			ExecutionOrderSort2 (0ms)
			AwakeInstancesAfterBackupRestoration (24ms)
Platform modules already initialized, skipping
Refreshing native plugins compatible for Editor in 2.75 ms, found 3 plugins.
Preloading 0 native plugins for Editor in 0.00 ms.
Unloading 3100 Unused Serialized files (Serialized files now loaded: 0)
Unloading 15 unused Assets / (24.6 KB). Loaded Objects now: 3640.
Memory consumption went from 128.2 MB to 128.2 MB.
Total: 10.336000 ms (FindLiveObjects: 0.350600 ms CreateObjectMapping: 0.231100 ms MarkObjects: 9.727900 ms  DeleteObjects: 0.024900 ms)

AssetImportParameters requested are different than current active one (requested -> active):
  custom:video-decoder-ogg-theora: a1e56fd34408186e4bbccfd4996cb3dc -> 
  custom:container-muxer-webm: aa71ff27fc2769a1b78a27578f13a17b -> 
  custom:container-demuxer-webm: 4f35f7cbe854078d1ac9338744f61a02 -> 
  custom:video-encoder-webm-vp8: eb34c28f22e8b96e1ab97ce403110664 -> 
  custom:audio-encoder-webm-vorbis: bf7c407c2cedff20999df2af8eb42d56 -> 
  custom:framework-win-MediaFoundation: 216162199b28c13a410421893ffa2e32 -> 
  custom:container-demuxer-ogg: 62fdf1f143b41e24485cea50d1cbac27 -> 
  custom:video-decoder-webm-vp8: 9c59270c3fd7afecdb556c50c9e8de78 -> 
  custom:audio-decoder-ogg-vorbis: bf7c407c2cedff20999df2af8eb42d56 -> 
========================================================================
Received Import Request.
  Time since last request: 204.212782 seconds.
  path: Assets/FourEvilDragonsHP/Animations/DragonUsurper/attackHand.fbx
  artifactKey: Guid(1420a40f7b2cd1341944b103718427f4) Importer(815301076,1909f56bfc062723c751e8b465ee728b)
Start importing Assets/FourEvilDragonsHP/Animations/DragonUsurper/attackHand.fbx using Guid(1420a40f7b2cd1341944b103718427f4) Importer(815301076,1909f56bfc062723c751e8b465ee728b)  -> (artifact id: 'ca81a5ced8b35e9044a15191f1fa41a9') in 0.138509 seconds 
========================================================================
Received Import Request.
  Time since last request: 0.000053 seconds.
  path: Assets/FourEvilDragonsHP/Animations/DragonUsurper/FlyForward.fbx
  artifactKey: Guid(3ab266bf94f3a1a4bb030eb1b90b8600) Importer(815301076,1909f56bfc062723c751e8b465ee728b)
Start importing Assets/FourEvilDragonsHP/Animations/DragonUsurper/FlyForward.fbx using Guid(3ab266bf94f3a1a4bb030eb1b90b8600) Importer(815301076,1909f56bfc062723c751e8b465ee728b)  -> (artifact id: '4019d1b7b2ecbcfb4abb72239e04f4d9') in 0.032784 seconds 
========================================================================
Received Import Request.
  Time since last request: 0.000053 seconds.
  path: Assets/FourEvilDragonsHP/Animations/DragonUsurper/Die.fbx
  artifactKey: Guid(347d2e064d3a3f946b17655dcc998386) Importer(815301076,1909f56bfc062723c751e8b465ee728b)
Start importing Assets/FourEvilDragonsHP/Animations/DragonUsurper/Die.fbx using Guid(347d2e064d3a3f946b17655dcc998386) Importer(815301076,1909f56bfc062723c751e8b465ee728b)  -> (artifact id: '3d88755cb5ce7feeb7fb9eb63a435d23') in 0.035480 seconds 
========================================================================
Received Import Request.
  Time since last request: 0.000028 seconds.
  path: Assets/FourEvilDragonsHP/Animations/DragonUsurper/getHit.fbx
  artifactKey: Guid(1f674d87cae509644a306408e4fecfc1) Importer(815301076,1909f56bfc062723c751e8b465ee728b)
Start importing Assets/FourEvilDragonsHP/Animations/DragonUsurper/getHit.fbx using Guid(1f674d87cae509644a306408e4fecfc1) Importer(815301076,1909f56bfc062723c751e8b465ee728b)  -> (artifact id: 'edf238eab2fb1bd147b7c149e1aec868') in 0.026110 seconds 
========================================================================
Received Import Request.
  Time since last request: 0.000031 seconds.
  path: Assets/FourEvilDragonsHP/Animations/DragonUsurper/Land.fbx
  artifactKey: Guid(16d67d90d0f2e3f4995c3c82004acb92) Importer(815301076,1909f56bfc062723c751e8b465ee728b)
Start importing Assets/FourEvilDragonsHP/Animations/DragonUsurper/Land.fbx using Guid(16d67d90d0f2e3f4995c3c82004acb92) Importer(815301076,1909f56bfc062723c751e8b465ee728b)  -> (artifact id: '1ba005b5e29ff40e7da085af7072977a') in 0.032504 seconds 
========================================================================
Received Import Request.
  Time since last request: 0.000021 seconds.
  path: Assets/FourEvilDragonsHP/Animations/DragonUsurper/FlyFlame.fbx
  artifactKey: Guid(5d9e1f89045bd0946b0908d6f9d29050) Importer(815301076,1909f56bfc062723c751e8b465ee728b)
Start importing Assets/FourEvilDragonsHP/Animations/DragonUsurper/FlyFlame.fbx using Guid(5d9e1f89045bd0946b0908d6f9d29050) Importer(815301076,1909f56bfc062723c751e8b465ee728b)  -> (artifact id: '389d7d371ae9fa604bb53377f4ebc377') in 0.030260 seconds 
========================================================================
Received Import Request.
  Time since last request: 0.000034 seconds.
  path: Assets/FourEvilDragonsHP/Animations/DragonUsurper/idle01.fbx
  artifactKey: Guid(f862cf09513abb14cbba0e94da9a410f) Importer(815301076,1909f56bfc062723c751e8b465ee728b)
Start importing Assets/FourEvilDragonsHP/Animations/DragonUsurper/idle01.fbx using Guid(f862cf09513abb14cbba0e94da9a410f) Importer(815301076,1909f56bfc062723c751e8b465ee728b)  -> (artifact id: '4e1bda35a8d1556fb478ac731a1cb9df') in 0.026982 seconds 
========================================================================
Received Import Request.
  Time since last request: 0.000039 seconds.
  path: Assets/FourEvilDragonsHP/Animations/DragonUsurper/takeOff.fbx
  artifactKey: Guid(8d407c572ffcdd64a8093245d978392e) Importer(815301076,1909f56bfc062723c751e8b465ee728b)
Start importing Assets/FourEvilDragonsHP/Animations/DragonUsurper/takeOff.fbx using Guid(8d407c572ffcdd64a8093245d978392e) Importer(815301076,1909f56bfc062723c751e8b465ee728b)  -> (artifact id: '1e49f56747dd4ca02ef775df4a53fe2d') in 0.025505 seconds 
========================================================================
Received Import Request.
  Time since last request: 0.000028 seconds.
  path: Assets/FourEvilDragonsHP/Animations/DragonUsurper/Run.fbx
  artifactKey: Guid(239b8825753a9e04ab2528df8f251b8b) Importer(815301076,1909f56bfc062723c751e8b465ee728b)
Start importing Assets/FourEvilDragonsHP/Animations/DragonUsurper/Run.fbx using Guid(239b8825753a9e04ab2528df8f251b8b) Importer(815301076,1909f56bfc062723c751e8b465ee728b)  -> (artifact id: '49451a9d65897f6747601ebdebb5e6cf') in 0.026120 seconds 
========================================================================
Received Import Request.
  Time since last request: 53.469806 seconds.
  path: Assets/FourEvilDragonsHP/Mesh/DragonUsurperMesh.fbx
  artifactKey: Guid(79b50b34e44b5fd4db1cdc9535a3c86b) Importer(815301076,1909f56bfc062723c751e8b465ee728b)
Start importing Assets/FourEvilDragonsHP/Mesh/DragonUsurperMesh.fbx using Guid(79b50b34e44b5fd4db1cdc9535a3c86b) Importer(815301076,1909f56bfc062723c751e8b465ee728b)  -> (artifact id: '99a273f7b4d0cbfb5106b668be59e3a9') in 0.024141 seconds 
========================================================================
Received Import Request.
  Time since last request: 0.000031 seconds.
  path: Assets/FourEvilDragonsHP/Mesh/Stage.fbx
  artifactKey: Guid(2897399b8106c274f9e41904f19945b0) Importer(815301076,1909f56bfc062723c751e8b465ee728b)
Start importing Assets/FourEvilDragonsHP/Mesh/Stage.fbx using Guid(2897399b8106c274f9e41904f19945b0) Importer(815301076,1909f56bfc062723c751e8b465ee728b)  -> (artifact id: '287690d314a5b545af9729d991cb86da') in 0.017064 seconds 
========================================================================
Received Import Request.
  Time since last request: 4.199608 seconds.
  path: Assets/resource_default/box_a_03.png
  artifactKey: Guid(7cd59d7fb38a77f4ca92099e8d101b73) Importer(815301076,1909f56bfc062723c751e8b465ee728b)
Start importing Assets/resource_default/box_a_03.png using Guid(7cd59d7fb38a77f4ca92099e8d101b73) Importer(815301076,1909f56bfc062723c751e8b465ee728b)  -> (artifact id: '4093ca3b19f4466ee630ec931eaba66a') in 0.047121 seconds 
========================================================================
Received Import Request.
  Time since last request: 0.000024 seconds.
  path: Assets/resource_default/gage_b_fill05.png
  artifactKey: Guid(5f800e8c23f52d9439d7929cf06cd922) Importer(815301076,1909f56bfc062723c751e8b465ee728b)
Start importing Assets/resource_default/gage_b_fill05.png using Guid(5f800e8c23f52d9439d7929cf06cd922) Importer(815301076,1909f56bfc062723c751e8b465ee728b)  -> (artifact id: '919bbbd839e49dc51d24d3ca6a8824e2') in 0.021491 seconds 
========================================================================
Received Import Request.
  Time since last request: 0.000032 seconds.
  path: Assets/resource_default/btn_b_grey.png
  artifactKey: Guid(d7d480a22b9c1f64bb6d748bf353e45b) Importer(815301076,1909f56bfc062723c751e8b465ee728b)
Start importing Assets/resource_default/btn_b_grey.png using Guid(d7d480a22b9c1f64bb6d748bf353e45b) Importer(815301076,1909f56bfc062723c751e8b465ee728b)  -> (artifact id: '16aee1f1c55316d675138f7e1b2902dd') in 0.021420 seconds 
========================================================================
Received Import Request.
  Time since last request: 0.000024 seconds.
  path: Assets/resource_default/gage_b_fill01.png
  artifactKey: Guid(9df81246e4df1154cb8d7410d2af7e84) Importer(815301076,1909f56bfc062723c751e8b465ee728b)
Start importing Assets/resource_default/gage_b_fill01.png using Guid(9df81246e4df1154cb8d7410d2af7e84) Importer(815301076,1909f56bfc062723c751e8b465ee728b)  -> (artifact id: '8ac0a90c676d2b6d3d8cbca75d4dabcd') in 0.017795 seconds 
========================================================================
Received Import Request.
  Time since last request: 0.000078 seconds.
  path: Assets/resource_default/innerbox_a_btn_04.png
  artifactKey: Guid(ff3db5d915c96184ea06e6aff8c7240a) Importer(815301076,1909f56bfc062723c751e8b465ee728b)
Start importing Assets/resource_default/innerbox_a_btn_04.png using Guid(ff3db5d915c96184ea06e6aff8c7240a) Importer(815301076,1909f56bfc062723c751e8b465ee728b)  -> (artifact id: '7dd309f53285661fb5f635e7a38837e4') in 0.017802 seconds 
========================================================================
Received Import Request.
  Time since last request: 0.000021 seconds.
  path: Assets/resource_default/btn_a_emerald.png
  artifactKey: Guid(e87e973aa97e2cf41885259822725eb5) Importer(815301076,1909f56bfc062723c751e8b465ee728b)
Start importing Assets/resource_default/btn_a_emerald.png using Guid(e87e973aa97e2cf41885259822725eb5) Importer(815301076,1909f56bfc062723c751e8b465ee728b)  -> (artifact id: 'be36c429ad028f7a93caabf0214f6d8d') in 0.022328 seconds 
========================================================================
Received Import Request.
  Time since last request: 0.000025 seconds.
  path: Assets/resource_default/btn_a_beige.png
  artifactKey: Guid(8e8051156b4decf4693f0648a48b3fc9) Importer(815301076,1909f56bfc062723c751e8b465ee728b)
Start importing Assets/resource_default/btn_a_beige.png using Guid(8e8051156b4decf4693f0648a48b3fc9) Importer(815301076,1909f56bfc062723c751e8b465ee728b)  -> (artifact id: 'c4c198f170bdda3e464aef1a1310de3a') in 0.024407 seconds 
========================================================================
Received Import Request.
  Time since last request: 0.000038 seconds.
  path: Assets/resource_default/box_b_02.png
  artifactKey: Guid(4b1885f5416f3c741ac0815952921840) Importer(815301076,1909f56bfc062723c751e8b465ee728b)
Start importing Assets/resource_default/box_b_02.png using Guid(4b1885f5416f3c741ac0815952921840) Importer(815301076,1909f56bfc062723c751e8b465ee728b)  -> (artifact id: '2ca223ef4a53e827e107f82f85e25cdf') in 0.019102 seconds 
========================================================================
Received Import Request.
  Time since last request: 0.000039 seconds.
  path: Assets/resource_default/icon_arrowdown.png
  artifactKey: Guid(031411cfd15824643a4ccdedb8d36bc2) Importer(815301076,1909f56bfc062723c751e8b465ee728b)
Start importing Assets/resource_default/icon_arrowdown.png using Guid(031411cfd15824643a4ccdedb8d36bc2) Importer(815301076,1909f56bfc062723c751e8b465ee728b)  -> (artifact id: '469d5b736acc741755656c776c1e8882') in 0.018916 seconds 
========================================================================
Received Import Request.
  Time since last request: 0.000035 seconds.
  path: Assets/resource_default/btn_b_red.png
  artifactKey: Guid(0a1a18af546cb004db55d57b6559928b) Importer(815301076,1909f56bfc062723c751e8b465ee728b)
Start importing Assets/resource_default/btn_b_red.png using Guid(0a1a18af546cb004db55d57b6559928b) Importer(815301076,1909f56bfc062723c751e8b465ee728b)  -> (artifact id: '08735f8d56f5ef5e94c7638d3288e800') in 0.031721 seconds 
========================================================================
Received Import Request.
  Time since last request: 0.000022 seconds.
  path: Assets/resource_default/innerbox_a_btn_02.png
  artifactKey: Guid(49eaf0cf4f54e7a4ab865811163498e6) Importer(815301076,1909f56bfc062723c751e8b465ee728b)
Start importing Assets/resource_default/innerbox_a_btn_02.png using Guid(49eaf0cf4f54e7a4ab865811163498e6) Importer(815301076,1909f56bfc062723c751e8b465ee728b)  -> (artifact id: 'aab44bb0065f65605d5e8a35b9d7675d') in 0.018487 seconds 
========================================================================
Received Import Request.
  Time since last request: 0.000048 seconds.
  path: Assets/resource_default/gage_b_fill08.png
  artifactKey: Guid(d40499526caa6e243958c6071f4d5b0f) Importer(815301076,1909f56bfc062723c751e8b465ee728b)
Start importing Assets/resource_default/gage_b_fill08.png using Guid(d40499526caa6e243958c6071f4d5b0f) Importer(815301076,1909f56bfc062723c751e8b465ee728b)  -> (artifact id: '5705c592487726ad2627a2ac3d14f1cd') in 0.018382 seconds 
========================================================================
Received Import Request.
  Time since last request: 0.000033 seconds.
  path: Assets/resource_default/checkbox_blank.png
  artifactKey: Guid(32f25fd44c295474483ad5f89d5863fb) Importer(815301076,1909f56bfc062723c751e8b465ee728b)
Start importing Assets/resource_default/checkbox_blank.png using Guid(32f25fd44c295474483ad5f89d5863fb) Importer(815301076,1909f56bfc062723c751e8b465ee728b)  -> (artifact id: '06e549cedb2851ac6478e9ee6204d788') in 0.017955 seconds 
========================================================================
Received Import Request.
  Time since last request: 2.735003 seconds.
  path: Assets/Hovl Studio/Magic effects pack/Demo scene/ReflectionProbe-0.exr
  artifactKey: Guid(b437cf6f67f5f1c4e9f1876cbbb8aceb) Importer(815301076,1909f56bfc062723c751e8b465ee728b)
Start importing Assets/Hovl Studio/Magic effects pack/Demo scene/ReflectionProbe-0.exr using Guid(b437cf6f67f5f1c4e9f1876cbbb8aceb) Importer(815301076,1909f56bfc062723c751e8b465ee728b)  -> (artifact id: '9ce3c15807d90ca6719b7866d195f97f') in 0.035852 seconds 
========================================================================
Received Import Request.
  Time since last request: 1.889854 seconds.
  path: Assets/Hovl Studio/Magic effects pack/Materials/Electro.mat
  artifactKey: Guid(410fa9a27b8dd1f4989dd201babd7d76) Importer(815301076,1909f56bfc062723c751e8b465ee728b)
Start importing Assets/Hovl Studio/Magic effects pack/Materials/Electro.mat using Guid(410fa9a27b8dd1f4989dd201babd7d76) Importer(815301076,1909f56bfc062723c751e8b465ee728b)  -> (artifact id: '0b2d3cb300123f7d339ad00068857104') in 0.056924 seconds 
========================================================================
Received Import Request.
  Time since last request: 0.000028 seconds.
  path: Assets/Hovl Studio/Magic effects pack/Materials/MagicCircle.mat
  artifactKey: Guid(ddac23d301cbfca45bcbe217c05f0141) Importer(815301076,1909f56bfc062723c751e8b465ee728b)
Start importing Assets/Hovl Studio/Magic effects pack/Materials/MagicCircle.mat using Guid(ddac23d301cbfca45bcbe217c05f0141) Importer(815301076,1909f56bfc062723c751e8b465ee728b)  -> (artifact id: 'e8d8ebd6a4dd75929493209900676890') in 0.022922 seconds 
========================================================================
Received Import Request.
  Time since last request: 0.000025 seconds.
  path: Assets/Hovl Studio/Magic effects pack/Materials/Flare.mat
  artifactKey: Guid(818e127314f46c844a3b31d893dcfe6a) Importer(815301076,1909f56bfc062723c751e8b465ee728b)
Start importing Assets/Hovl Studio/Magic effects pack/Materials/Flare.mat using Guid(818e127314f46c844a3b31d893dcfe6a) Importer(815301076,1909f56bfc062723c751e8b465ee728b)  -> (artifact id: 'b14ffb8de77aeb835088fdfc5c2b65c3') in 0.016941 seconds 
========================================================================
Received Import Request.
  Time since last request: 0.000038 seconds.
  path: Assets/Hovl Studio/Magic effects pack/Materials/Snowflake.mat
  artifactKey: Guid(110e8ef5ba5275f4c864c6b5190c7891) Importer(815301076,1909f56bfc062723c751e8b465ee728b)
Start importing Assets/Hovl Studio/Magic effects pack/Materials/Snowflake.mat using Guid(110e8ef5ba5275f4c864c6b5190c7891) Importer(815301076,1909f56bfc062723c751e8b465ee728b)  -> (artifact id: 'aa4dea6cbe1ebcc8e1f13871b3cd0554') in 0.024376 seconds 
========================================================================
Received Import Request.
  Time since last request: 0.000033 seconds.
  path: Assets/Hovl Studio/Magic effects pack/Materials/Slash.mat
  artifactKey: Guid(8b3cc142b0783eb40be02cde5b31ca6a) Importer(815301076,1909f56bfc062723c751e8b465ee728b)
Start importing Assets/Hovl Studio/Magic effects pack/Materials/Slash.mat using Guid(8b3cc142b0783eb40be02cde5b31ca6a) Importer(815301076,1909f56bfc062723c751e8b465ee728b)  -> (artifact id: 'f8a9e9f0466dc82a8a8659bd3c70d424') in 0.069252 seconds 
========================================================================
Received Import Request.
  Time since last request: 10.525015 seconds.
  path: Assets/Hovl Studio/Magic effects pack/Prefabs/Portals/Portal yellow.prefab
  artifactKey: Guid(5ad33d58a66ab154a89c9e88255601e5) Importer(815301076,1909f56bfc062723c751e8b465ee728b)
Start importing Assets/Hovl Studio/Magic effects pack/Prefabs/Portals/Portal yellow.prefab using Guid(5ad33d58a66ab154a89c9e88255601e5) Importer(815301076,1909f56bfc062723c751e8b465ee728b)  -> (artifact id: 'afa3699a36f40dfbc21abebe3649ed66') in 0.073811 seconds 
========================================================================
Received Import Request.
  Time since last request: 26.392773 seconds.
  path: Assets/Hovl Studio/Magic effects pack/Prefabs/Magic circles/Magic circle.prefab
  artifactKey: Guid(a2a060732547fe64581bb0cb3c2bdf1d) Importer(815301076,1909f56bfc062723c751e8b465ee728b)
Start importing Assets/Hovl Studio/Magic effects pack/Prefabs/Magic circles/Magic circle.prefab using Guid(a2a060732547fe64581bb0cb3c2bdf1d) Importer(815301076,1909f56bfc062723c751e8b465ee728b)  -> (artifact id: '415b3c7e238a396ffcbbf30818c17632') in 0.022004 seconds 
========================================================================
Received Import Request.
  Time since last request: 6.596789 seconds.
  path: Assets/Hovl Studio/Magic effects pack/Prefabs/Hits and explosions/Holy hit.prefab
  artifactKey: Guid(e190bf97c041e58448af6b043116cba0) Importer(815301076,1909f56bfc062723c751e8b465ee728b)
Start importing Assets/Hovl Studio/Magic effects pack/Prefabs/Hits and explosions/Holy hit.prefab using Guid(e190bf97c041e58448af6b043116cba0) Importer(815301076,1909f56bfc062723c751e8b465ee728b)  -> (artifact id: '21ab7cc63139a6c6753d55c00e1d86ba') in 0.021731 seconds 
========================================================================
Received Import Request.
  Time since last request: 0.000029 seconds.
  path: Assets/Hovl Studio/Magic effects pack/Prefabs/Hits and explosions/Star hit.prefab
  artifactKey: Guid(98c4704d0fd7211449bcf5c451095a60) Importer(815301076,1909f56bfc062723c751e8b465ee728b)
Start importing Assets/Hovl Studio/Magic effects pack/Prefabs/Hits and explosions/Star hit.prefab using Guid(98c4704d0fd7211449bcf5c451095a60) Importer(815301076,1909f56bfc062723c751e8b465ee728b)  -> (artifact id: 'c01981df21757f569c3930433b1dd267') in 0.021874 seconds 
========================================================================
Received Import Request.
  Time since last request: 0.303628 seconds.
  path: Assets/Hovl Studio/Magic effects pack/Prefabs/Character auras/Lightning aura.prefab
  artifactKey: Guid(4d9a3b35b3bc07649b697df7fb497b6d) Importer(815301076,1909f56bfc062723c751e8b465ee728b)
Start importing Assets/Hovl Studio/Magic effects pack/Prefabs/Character auras/Lightning aura.prefab using Guid(4d9a3b35b3bc07649b697df7fb497b6d) Importer(815301076,1909f56bfc062723c751e8b465ee728b)  -> (artifact id: '6f5162ef46034ccf6f9e0b364e6973c5') in 0.019005 seconds 
========================================================================
Received Import Request.
  Time since last request: 0.000017 seconds.
  path: Assets/Hovl Studio/Magic effects pack/Prefabs/Character auras/Love aura.prefab
  artifactKey: Guid(43d1d06cf70fcb2488255051aaae40a5) Importer(815301076,1909f56bfc062723c751e8b465ee728b)
Start importing Assets/Hovl Studio/Magic effects pack/Prefabs/Character auras/Love aura.prefab using Guid(43d1d06cf70fcb2488255051aaae40a5) Importer(815301076,1909f56bfc062723c751e8b465ee728b)  -> (artifact id: '5d523e68006494121d6f999c52e33468') in 0.016080 seconds 
========================================================================
Received Import Request.
  Time since last request: 0.673582 seconds.
  path: Assets/Hovl Studio/Magic effects pack/Textures/Concrete slab_Height.png
  artifactKey: Guid(db368c1c85b12fe48aba6cc9bcd41f43) Importer(815301076,1909f56bfc062723c751e8b465ee728b)
Start importing Assets/Hovl Studio/Magic effects pack/Textures/Concrete slab_Height.png using Guid(db368c1c85b12fe48aba6cc9bcd41f43) Importer(815301076,1909f56bfc062723c751e8b465ee728b)  -> (artifact id: 'e8b05dc5aed824de2166c2b64e526123') in 0.023358 seconds 
========================================================================
Received Import Request.
  Time since last request: 0.000040 seconds.
  path: Assets/Hovl Studio/Magic effects pack/Textures/Electro.png
  artifactKey: Guid(ede7b7fc6b09fcc41892be0d6935c8cf) Importer(815301076,1909f56bfc062723c751e8b465ee728b)
Start importing Assets/Hovl Studio/Magic effects pack/Textures/Electro.png using Guid(ede7b7fc6b09fcc41892be0d6935c8cf) Importer(815301076,1909f56bfc062723c751e8b465ee728b)  -> (artifact id: '273bb97c65bcdf157f5f87dc56a21a40') in 0.015103 seconds 
========================================================================
Received Import Request.
  Time since last request: 0.000019 seconds.
  path: Assets/Hovl Studio/Magic effects pack/Textures/Trail67.png
  artifactKey: Guid(c4f655f5d01f55547a23a546b58afd04) Importer(815301076,1909f56bfc062723c751e8b465ee728b)
Start importing Assets/Hovl Studio/Magic effects pack/Textures/Trail67.png using Guid(c4f655f5d01f55547a23a546b58afd04) Importer(815301076,1909f56bfc062723c751e8b465ee728b)  -> (artifact id: '6287c588e271a0e5b5c0e83e81c5930b') in 0.012183 seconds 
========================================================================
Received Import Request.
  Time since last request: 0.000050 seconds.
  path: Assets/Hovl Studio/Magic effects pack/Textures/Heart.png
  artifactKey: Guid(47a48c9cf6895484983862ae79cb7102) Importer(815301076,1909f56bfc062723c751e8b465ee728b)
Start importing Assets/Hovl Studio/Magic effects pack/Textures/Heart.png using Guid(47a48c9cf6895484983862ae79cb7102) Importer(815301076,1909f56bfc062723c751e8b465ee728b)  -> (artifact id: '7ec6e24fbbbffeb2c642838982b8f44c') in 0.019865 seconds 
========================================================================
Received Import Request.
  Time since last request: 0.000023 seconds.
  path: Assets/Hovl Studio/Magic effects pack/Textures/Gradient.png
  artifactKey: Guid(878972c3151f97940b2c53535a0d1ce5) Importer(815301076,1909f56bfc062723c751e8b465ee728b)
Start importing Assets/Hovl Studio/Magic effects pack/Textures/Gradient.png using Guid(878972c3151f97940b2c53535a0d1ce5) Importer(815301076,1909f56bfc062723c751e8b465ee728b)  -> (artifact id: 'f5c9cee6a7d5f4600735b1b27dc45c2b') in 0.016944 seconds 
========================================================================
Received Import Request.
  Time since last request: 0.000023 seconds.
  path: Assets/Hovl Studio/Magic effects pack/Textures/MagicCircle.png
  artifactKey: Guid(3dce5bac285284a46b6cf77e52dfcd98) Importer(815301076,1909f56bfc062723c751e8b465ee728b)
Start importing Assets/Hovl Studio/Magic effects pack/Textures/MagicCircle.png using Guid(3dce5bac285284a46b6cf77e52dfcd98) Importer(815301076,1909f56bfc062723c751e8b465ee728b)  -> (artifact id: 'b8f86c3c49892a6b46a2bc5ecda631f9') in 0.015217 seconds 
========================================================================
Received Import Request.
  Time since last request: 34.399501 seconds.
  path: Assets/ZombiSoft/TinyHealthSystem/Globes/ManaGlobe.psd
  artifactKey: Guid(1c321a99202188c4292cf77fa20bde28) Importer(815301076,1909f56bfc062723c751e8b465ee728b)
Start importing Assets/ZombiSoft/TinyHealthSystem/Globes/ManaGlobe.psd using Guid(1c321a99202188c4292cf77fa20bde28) Importer(815301076,1909f56bfc062723c751e8b465ee728b)  -> (artifact id: 'f7ef2cbb33c4b410670f706f7717fcf5') in 0.025977 seconds 
========================================================================
Received Import Request.
  Time since last request: 1.414401 seconds.
  path: Assets/ZombiSoft/TinyHealthSystem/Bars/ManaBar.psd
  artifactKey: Guid(434394464ff385b44b221a3b8d4213a5) Importer(815301076,1909f56bfc062723c751e8b465ee728b)
Start importing Assets/ZombiSoft/TinyHealthSystem/Bars/ManaBar.psd using Guid(434394464ff385b44b221a3b8d4213a5) Importer(815301076,1909f56bfc062723c751e8b465ee728b)  -> (artifact id: '5a1a1551d6451acfd325d707c276c83c') in 0.036342 seconds 
========================================================================
Received Prepare
Refreshing native plugins compatible for Editor in 4.31 ms, found 3 plugins.
Preloading 0 native plugins for Editor in 0.00 ms.
Unloading 16 Unused Serialized files (Serialized files now loaded: 0)
Unloading 17 unused Assets / (23.5 KB). Loaded Objects now: 3670.
Memory consumption went from 68.0 MB to 68.0 MB.
Total: 12.272600 ms (FindLiveObjects: 0.250900 ms CreateObjectMapping: 0.215100 ms MarkObjects: 11.732500 ms  DeleteObjects: 0.072900 ms)

AssetImportParameters requested are different than current active one (requested -> active):
  custom:video-decoder-ogg-theora: a1e56fd34408186e4bbccfd4996cb3dc -> 
  custom:container-muxer-webm: aa71ff27fc2769a1b78a27578f13a17b -> 
  custom:container-demuxer-webm: 4f35f7cbe854078d1ac9338744f61a02 -> 
  custom:video-encoder-webm-vp8: eb34c28f22e8b96e1ab97ce403110664 -> 
  custom:audio-encoder-webm-vorbis: bf7c407c2cedff20999df2af8eb42d56 -> 
  custom:framework-win-MediaFoundation: 216162199b28c13a410421893ffa2e32 -> 
  custom:container-demuxer-ogg: 62fdf1f143b41e24485cea50d1cbac27 -> 
  custom:video-decoder-webm-vp8: 9c59270c3fd7afecdb556c50c9e8de78 -> 
  custom:audio-decoder-ogg-vorbis: bf7c407c2cedff20999df2af8eb42d56 -> 
========================================================================
Received Prepare
Registering precompiled user dll's ...
Registered in 0.005411 seconds.
Begin MonoManager ReloadAssembly
Symbol file LoadedFromMemory doesn't match image E:\FinalProject\FinalProject\FinalProject\Library\PackageCache\com.unity.visualscripting@1.8.0\Editor\VisualScripting.Core\Dependencies\YamlDotNet\Unity.VisualScripting.YamlDotNet.dll
Symbol file LoadedFromMemory doesn't match image E:\FinalProject\FinalProject\FinalProject\Library\PackageCache\com.unity.visualscripting@1.8.0\Editor\VisualScripting.Core\Dependencies\DotNetZip\Unity.VisualScripting.IonicZip.dll
Native extension for WindowsStandalone target not found
Refreshing native plugins compatible for Editor in 0.66 ms, found 3 plugins.
Preloading 0 native plugins for Editor in 0.00 ms.
System.Exception: Error! Visual Scripting: couldn't find visual scripting package
  at Unity.VisualScripting.PackageVersionUtility.get_version () [0x00043] in E:\FinalProject\FinalProject\FinalProject\Library\PackageCache\com.unity.visualscripting@1.8.0\Editor\VisualScripting.Core\Utilities\PackageVersionUtility.cs:31 
  at Unity.VisualScripting.BoltCoreManifest.get_version () [0x00000] in E:\FinalProject\FinalProject\FinalProject\Library\PackageCache\com.unity.visualscripting@1.8.0\Editor\VisualScripting.Core\Plugin\BoltCoreManifest.cs:11 
  at Unity.VisualScripting.PluginManifest.get_currentVersion () [0x00000] in E:\FinalProject\FinalProject\FinalProject\Library\PackageCache\com.unity.visualscripting@1.8.0\Editor\VisualScripting.Core\Plugins\PluginManifest.cs:33 
  at Unity.VisualScripting.PluginManifest.get_versionMismatch () [0x00000] in E:\FinalProject\FinalProject\FinalProject\Library\PackageCache\com.unity.visualscripting@1.8.0\Editor\VisualScripting.Core\Plugins\PluginManifest.cs:48 
  at Unity.VisualScripting.PluginContainer.Initialize () [0x00525] in E:\FinalProject\FinalProject\FinalProject\Library\PackageCache\com.unity.visualscripting@1.8.0\Editor\VisualScripting.Core\Plugins\PluginContainer.cs:208 
  at Unity.VisualScripting.PluginContainer.InitializeOnLoad () [0x00009] in E:\FinalProject\FinalProject\FinalProject\Library\PackageCache\com.unity.visualscripting@1.8.0\Editor\VisualScripting.Core\Plugins\PluginContainer.cs:32 
  at Unity.VisualScripting.VSUsageUtility.DoInitializeOnLoadCalls () [0x00034] in E:\FinalProject\FinalProject\FinalProject\Library\PackageCache\com.unity.visualscripting@1.8.0\Editor\VisualScripting.Core\Utilities\VSUsageUtility.cs:76 
  at Unity.VisualScripting.VSUsageUtility.set_isVisualScriptingUsed (System.Boolean value) [0x0002c] in E:\FinalProject\FinalProject\FinalProject\Library\PackageCache\com.unity.visualscripting@1.8.0\Editor\VisualScripting.Core\Utilities\VSUsageUtility.cs:114 
  at Unity.VisualScripting.VSUsageUtility.CheckAndSetIsVisualScriptingUsed () [0x0000d] in E:\FinalProject\FinalProject\FinalProject\Library\PackageCache\com.unity.visualscripting@1.8.0\Editor\VisualScripting.Core\Utilities\VSUsageUtility.cs:33 
  at Unity.VisualScripting.VSUsageUtility..cctor () [0x00000] in E:\FinalProject\FinalProject\FinalProject\Library\PackageCache\com.unity.visualscripting@1.8.0\Editor\VisualScripting.Core\Utilities\VSUsageUtility.cs:22 
UnityEngine.StackTraceUtility:ExtractStackTrace ()
UnityEngine.DebugLogHandler:LogFormat (UnityEngine.LogType,UnityEngine.Object,string,object[])
UnityEngine.Logger:Log (UnityEngine.LogType,object)
UnityEngine.Debug:LogError (object)
UnityEditor.EditorAssemblies:ProcessInitializeOnLoadAttributes (System.Type[])

Mono: successfully reloaded assembly
- Completed reload, in  1.507 seconds
Domain Reload Profiling:
	ReloadAssembly (1508ms)
		BeginReloadAssembly (200ms)
			ExecutionOrderSort (0ms)
			DisableScriptedObjects (5ms)
			BackupInstance (0ms)
			ReleaseScriptingObjects (0ms)
			CreateAndSetChildDomain (45ms)
		EndReloadAssembly (1208ms)
			LoadAssemblies (144ms)
			RebuildTransferFunctionScriptingTraits (0ms)
			SetupTypeCache (303ms)
			ReleaseScriptCaches (2ms)
			RebuildScriptCaches (49ms)
			SetupLoadedEditorAssemblies (498ms)
				LogAssemblyErrors (0ms)
				InitializePlatformSupportModulesInManaged (4ms)
				SetLoadedEditorAssemblies (0ms)
				RefreshPlugins (1ms)
				BeforeProcessingInitializeOnLoad (62ms)
				ProcessInitializeOnLoadAttributes (407ms)
				ProcessInitializeOnLoadMethodAttributes (20ms)
				AfterProcessingInitializeOnLoad (4ms)
				EditorAssembliesLoaded (0ms)
			ExecutionOrderSort2 (0ms)
			AwakeInstancesAfterBackupRestoration (19ms)
Platform modules already initialized, skipping
Refreshing native plugins compatible for Editor in 2.88 ms, found 3 plugins.
Preloading 0 native plugins for Editor in 0.00 ms.
Unloading 3100 Unused Serialized files (Serialized files now loaded: 0)
Unloading 16 unused Assets / (24.6 KB). Loaded Objects now: 3672.
Memory consumption went from 129.2 MB to 129.1 MB.
Total: 10.984400 ms (FindLiveObjects: 0.384300 ms CreateObjectMapping: 0.273400 ms MarkObjects: 10.292100 ms  DeleteObjects: 0.033600 ms)

AssetImportParameters requested are different than current active one (requested -> active):
  custom:video-decoder-ogg-theora: a1e56fd34408186e4bbccfd4996cb3dc -> 
  custom:container-muxer-webm: aa71ff27fc2769a1b78a27578f13a17b -> 
  custom:container-demuxer-webm: 4f35f7cbe854078d1ac9338744f61a02 -> 
  custom:video-encoder-webm-vp8: eb34c28f22e8b96e1ab97ce403110664 -> 
  custom:audio-encoder-webm-vorbis: bf7c407c2cedff20999df2af8eb42d56 -> 
  custom:framework-win-MediaFoundation: 216162199b28c13a410421893ffa2e32 -> 
  custom:container-demuxer-ogg: 62fdf1f143b41e24485cea50d1cbac27 -> 
  custom:video-decoder-webm-vp8: 9c59270c3fd7afecdb556c50c9e8de78 -> 
  custom:audio-decoder-ogg-vorbis: bf7c407c2cedff20999df2af8eb42d56 -> 
