Using pre-set license
Built from '2021.3/staging' branch; Version is '2021.3.24f1 (cf10dcf7010d) revision 13570268'; Using compiler version '192829333'; Build Type 'Release'
OS: 'Windows 10  (10.0.19045) 64bit Core' Language: 'ko' Physical Memory: 16334 MB
BatchMode: 1, IsHumanControllingUs: 0, StartBugReporterOnCrash: 0, Is64bit: 1, IsPro: 1

COMMAND LINE ARGUMENTS:
D:\Unity\2021.3.24f1\Editor\Unity.exe
-adb2
-batchMode
-noUpm
-name
AssetImportWorker11
-projectPath
D:/UnityProjects/FinalProj/FinalProject/FinalProject
-logFile
Logs/AssetImportWorker11.log
-srvPort
8900
Successfully changed project path to: D:/UnityProjects/FinalProj/FinalProject/FinalProject
D:/UnityProjects/FinalProj/FinalProject/FinalProject
[UnityMemory] Configuration Parameters - Can be set up in boot.config
    "memorysetup-bucket-allocator-granularity=16"
    "memorysetup-bucket-allocator-bucket-count=8"
    "memorysetup-bucket-allocator-block-size=33554432"
    "memorysetup-bucket-allocator-block-count=8"
    "memorysetup-main-allocator-block-size=16777216"
    "memorysetup-thread-allocator-block-size=16777216"
    "memorysetup-gfx-main-allocator-block-size=16777216"
    "memorysetup-gfx-thread-allocator-block-size=16777216"
    "memorysetup-cache-allocator-block-size=4194304"
    "memorysetup-typetree-allocator-block-size=2097152"
    "memorysetup-profiler-bucket-allocator-granularity=16"
    "memorysetup-profiler-bucket-allocator-bucket-count=8"
    "memorysetup-profiler-bucket-allocator-block-size=33554432"
    "memorysetup-profiler-bucket-allocator-block-count=8"
    "memorysetup-profiler-allocator-block-size=16777216"
    "memorysetup-profiler-editor-allocator-block-size=1048576"
    "memorysetup-temp-allocator-size-main=16777216"
    "memorysetup-job-temp-allocator-block-size=2097152"
    "memorysetup-job-temp-allocator-block-size-background=1048576"
    "memorysetup-job-temp-allocator-reduction-small-platforms=262144"
    "memorysetup-temp-allocator-size-background-worker=32768"
    "memorysetup-temp-allocator-size-job-worker=262144"
    "memorysetup-temp-allocator-size-preload-manager=33554432"
    "memorysetup-temp-allocator-size-nav-mesh-worker=65536"
    "memorysetup-temp-allocator-size-audio-worker=65536"
    "memorysetup-temp-allocator-size-cloud-worker=32768"
    "memorysetup-temp-allocator-size-gi-baking-worker=262144"
    "memorysetup-temp-allocator-size-gfx=262144"
Player connection [29560] Host "[IP] 192.168.25.3 [Port] 0 [Flags] 2 [Guid] 3342631033 [EditorId] 3342631033 [Version] 1048832 [Id] WindowsEditor(7,DESKTOP-U6G1BF4) [Debug] 1 [PackageName] WindowsEditor [ProjectName] Editor" joined multi-casting on [225.0.0.222:54997]...

Player connection [29560] Host "[IP] 192.168.25.3 [Port] 0 [Flags] 2 [Guid] 3342631033 [EditorId] 3342631033 [Version] 1048832 [Id] WindowsEditor(7,DESKTOP-U6G1BF4) [Debug] 1 [PackageName] WindowsEditor [ProjectName] Editor" joined alternative multi-casting on [225.0.0.222:34997]...

Refreshing native plugins compatible for Editor in 120.59 ms, found 3 plugins.
Preloading 0 native plugins for Editor in 0.00 ms.
Initialize engine version: 2021.3.24f1 (cf10dcf7010d)
[Subsystems] Discovering subsystems at path D:/Unity/2021.3.24f1/Editor/Data/Resources/UnitySubsystems
[Subsystems] Discovering subsystems at path D:/UnityProjects/FinalProj/FinalProject/FinalProject/Assets
GfxDevice: creating device client; threaded=0; jobified=0
Direct3D:
    Version:  Direct3D 11.0 [level 11.1]
    Renderer: NVIDIA GeForce GTX 1070 Ti (ID=0x1b82)
    Vendor:   NVIDIA
    VRAM:     8079 MB
    Driver:   31.0.15.1694
Initialize mono
Mono path[0] = 'D:/Unity/2021.3.24f1/Editor/Data/Managed'
Mono path[1] = 'D:/Unity/2021.3.24f1/Editor/Data/MonoBleedingEdge/lib/mono/unityjit-win32'
Mono config path = 'D:/Unity/2021.3.24f1/Editor/Data/MonoBleedingEdge/etc'
Using monoOptions --debugger-agent=transport=dt_socket,embedding=1,server=y,suspend=n,address=127.0.0.1:56076
Begin MonoManager ReloadAssembly
Registering precompiled unity dll's ...
Register platform support module: D:/Unity/2021.3.24f1/Editor/Data/PlaybackEngines/WindowsStandaloneSupport/UnityEditor.WindowsStandalone.Extensions.dll
Registered in 0.006370 seconds.
Native extension for WindowsStandalone target not found
Refreshing native plugins compatible for Editor in 101.19 ms, found 3 plugins.
Preloading 0 native plugins for Editor in 0.00 ms.
Mono: successfully reloaded assembly
- Completed reload, in  1.064 seconds
Domain Reload Profiling:
	ReloadAssembly (1065ms)
		BeginReloadAssembly (256ms)
			ExecutionOrderSort (0ms)
			DisableScriptedObjects (0ms)
			BackupInstance (0ms)
			ReleaseScriptingObjects (0ms)
			CreateAndSetChildDomain (1ms)
		EndReloadAssembly (636ms)
			LoadAssemblies (255ms)
			RebuildTransferFunctionScriptingTraits (0ms)
			SetupTypeCache (150ms)
			ReleaseScriptCaches (0ms)
			RebuildScriptCaches (37ms)
			SetupLoadedEditorAssemblies (377ms)
				LogAssemblyErrors (0ms)
				InitializePlatformSupportModulesInManaged (10ms)
				SetLoadedEditorAssemblies (1ms)
				RefreshPlugins (101ms)
				BeforeProcessingInitializeOnLoad (2ms)
				ProcessInitializeOnLoadAttributes (178ms)
				ProcessInitializeOnLoadMethodAttributes (86ms)
				AfterProcessingInitializeOnLoad (0ms)
				EditorAssembliesLoaded (0ms)
			ExecutionOrderSort2 (0ms)
			AwakeInstancesAfterBackupRestoration (0ms)
Platform modules already initialized, skipping
Registering precompiled user dll's ...
Registered in 0.012020 seconds.
Begin MonoManager ReloadAssembly
Symbol file LoadedFromMemory doesn't match image D:\UnityProjects\FinalProj\FinalProject\FinalProject\Library\PackageCache\com.unity.visualscripting@1.8.0\Editor\VisualScripting.Core\Dependencies\YamlDotNet\Unity.VisualScripting.YamlDotNet.dll
Symbol file LoadedFromMemory doesn't match image D:\UnityProjects\FinalProj\FinalProject\FinalProject\Library\PackageCache\com.unity.visualscripting@1.8.0\Editor\VisualScripting.Core\Dependencies\DotNetZip\Unity.VisualScripting.IonicZip.dll
Native extension for WindowsStandalone target not found
Refreshing native plugins compatible for Editor in 0.81 ms, found 3 plugins.
Preloading 0 native plugins for Editor in 0.00 ms.
System.Exception: Error! Visual Scripting: couldn't find visual scripting package
  at Unity.VisualScripting.PackageVersionUtility.get_version () [0x00043] in D:\UnityProjects\FinalProj\FinalProject\FinalProject\Library\PackageCache\com.unity.visualscripting@1.8.0\Editor\VisualScripting.Core\Utilities\PackageVersionUtility.cs:31 
  at Unity.VisualScripting.BoltCoreManifest.get_version () [0x00000] in D:\UnityProjects\FinalProj\FinalProject\FinalProject\Library\PackageCache\com.unity.visualscripting@1.8.0\Editor\VisualScripting.Core\Plugin\BoltCoreManifest.cs:11 
  at Unity.VisualScripting.PluginManifest.get_currentVersion () [0x00000] in D:\UnityProjects\FinalProj\FinalProject\FinalProject\Library\PackageCache\com.unity.visualscripting@1.8.0\Editor\VisualScripting.Core\Plugins\PluginManifest.cs:33 
  at Unity.VisualScripting.PluginManifest.get_versionMismatch () [0x00000] in D:\UnityProjects\FinalProj\FinalProject\FinalProject\Library\PackageCache\com.unity.visualscripting@1.8.0\Editor\VisualScripting.Core\Plugins\PluginManifest.cs:48 
  at Unity.VisualScripting.PluginContainer.Initialize () [0x00525] in D:\UnityProjects\FinalProj\FinalProject\FinalProject\Library\PackageCache\com.unity.visualscripting@1.8.0\Editor\VisualScripting.Core\Plugins\PluginContainer.cs:208 
  at Unity.VisualScripting.PluginContainer.InitializeOnLoad () [0x00009] in D:\UnityProjects\FinalProj\FinalProject\FinalProject\Library\PackageCache\com.unity.visualscripting@1.8.0\Editor\VisualScripting.Core\Plugins\PluginContainer.cs:32 
  at Unity.VisualScripting.VSUsageUtility.DoInitializeOnLoadCalls () [0x00034] in D:\UnityProjects\FinalProj\FinalProject\FinalProject\Library\PackageCache\com.unity.visualscripting@1.8.0\Editor\VisualScripting.Core\Utilities\VSUsageUtility.cs:76 
  at Unity.VisualScripting.VSUsageUtility.set_isVisualScriptingUsed (System.Boolean value) [0x0002c] in D:\UnityProjects\FinalProj\FinalProject\FinalProject\Library\PackageCache\com.unity.visualscripting@1.8.0\Editor\VisualScripting.Core\Utilities\VSUsageUtility.cs:114 
  at Unity.VisualScripting.VSUsageUtility.CheckAndSetIsVisualScriptingUsed () [0x00032] in D:\UnityProjects\FinalProj\FinalProject\FinalProject\Library\PackageCache\com.unity.visualscripting@1.8.0\Editor\VisualScripting.Core\Utilities\VSUsageUtility.cs:48 
  at Unity.VisualScripting.VSUsageUtility..cctor () [0x00000] in D:\UnityProjects\FinalProj\FinalProject\FinalProject\Library\PackageCache\com.unity.visualscripting@1.8.0\Editor\VisualScripting.Core\Utilities\VSUsageUtility.cs:22 
UnityEngine.StackTraceUtility:ExtractStackTrace ()
UnityEngine.DebugLogHandler:LogFormat (UnityEngine.LogType,UnityEngine.Object,string,object[])
UnityEngine.Logger:Log (UnityEngine.LogType,object)
UnityEngine.Debug:LogError (object)
UnityEditor.EditorAssemblies:ProcessInitializeOnLoadAttributes (System.Type[])

Mono: successfully reloaded assembly
- Completed reload, in  2.112 seconds
Domain Reload Profiling:
	ReloadAssembly (2114ms)
		BeginReloadAssembly (256ms)
			ExecutionOrderSort (0ms)
			DisableScriptedObjects (9ms)
			BackupInstance (0ms)
			ReleaseScriptingObjects (0ms)
			CreateAndSetChildDomain (28ms)
		EndReloadAssembly (1699ms)
			LoadAssemblies (243ms)
			RebuildTransferFunctionScriptingTraits (0ms)
			SetupTypeCache (384ms)
			ReleaseScriptCaches (1ms)
			RebuildScriptCaches (70ms)
			SetupLoadedEditorAssemblies (1023ms)
				LogAssemblyErrors (0ms)
				InitializePlatformSupportModulesInManaged (9ms)
				SetLoadedEditorAssemblies (1ms)
				RefreshPlugins (1ms)
				BeforeProcessingInitializeOnLoad (99ms)
				ProcessInitializeOnLoadAttributes (875ms)
				ProcessInitializeOnLoadMethodAttributes (30ms)
				AfterProcessingInitializeOnLoad (8ms)
				EditorAssembliesLoaded (0ms)
			ExecutionOrderSort2 (0ms)
			AwakeInstancesAfterBackupRestoration (27ms)
Platform modules already initialized, skipping
========================================================================
Worker process is ready to serve import requests
Launched and connected shader compiler UnityShaderCompiler.exe after 0.10 seconds
Refreshing native plugins compatible for Editor in 2.00 ms, found 3 plugins.
Preloading 0 native plugins for Editor in 0.00 ms.
Unloading 3120 Unused Serialized files (Serialized files now loaded: 0)
Unloading 22 unused Assets / (56.3 KB). Loaded Objects now: 3590.
Memory consumption went from 112.7 MB to 112.6 MB.
Total: 17.895100 ms (FindLiveObjects: 0.502000 ms CreateObjectMapping: 0.115500 ms MarkObjects: 17.128900 ms  DeleteObjects: 0.146900 ms)

AssetImportParameters requested are different than current active one (requested -> active):
  custom:video-decoder-ogg-theora: a1e56fd34408186e4bbccfd4996cb3dc -> 
  custom:container-muxer-webm: aa71ff27fc2769a1b78a27578f13a17b -> 
  custom:container-demuxer-webm: 4f35f7cbe854078d1ac9338744f61a02 -> 
  custom:video-encoder-webm-vp8: eb34c28f22e8b96e1ab97ce403110664 -> 
  custom:audio-encoder-webm-vorbis: bf7c407c2cedff20999df2af8eb42d56 -> 
  custom:framework-win-MediaFoundation: 216162199b28c13a410421893ffa2e32 -> 
  custom:container-demuxer-ogg: 62fdf1f143b41e24485cea50d1cbac27 -> 
  custom:video-decoder-webm-vp8: 9c59270c3fd7afecdb556c50c9e8de78 -> 
  custom:audio-decoder-ogg-vorbis: bf7c407c2cedff20999df2af8eb42d56 -> 
========================================================================
Received Import Request.
  Time since last request: 1935779.296795 seconds.
  path: Assets/Simasart/Hungry Bat/Prefabs/UI/PowerUp.prefab
  artifactKey: Guid(e76728621bf45ab4887a518b0dfd739d) Importer(815301076,1909f56bfc062723c751e8b465ee728b)
Start importing Assets/Simasart/Hungry Bat/Prefabs/UI/PowerUp.prefab using Guid(e76728621bf45ab4887a518b0dfd739d) Importer(815301076,1909f56bfc062723c751e8b465ee728b)  -> (artifact id: '7e1c71626f26cc8e238fb89ffec0257f') in 0.150081 seconds 
========================================================================
Received Import Request.
  Time since last request: 23.732906 seconds.
  path: Assets/Simasart/Hungry Bat/Art/Background/bg_Grass.png
  artifactKey: Guid(dbf358507f7a6224d89daef6be569d6f) Importer(815301076,1909f56bfc062723c751e8b465ee728b)
Start importing Assets/Simasart/Hungry Bat/Art/Background/bg_Grass.png using Guid(dbf358507f7a6224d89daef6be569d6f) Importer(815301076,1909f56bfc062723c751e8b465ee728b)  -> (artifact id: '2919714b25b469628f00967903bb65d9') in 0.320769 seconds 
========================================================================
Received Import Request.
  Time since last request: 0.621125 seconds.
  path: Assets/Simasart/Hungry Bat/Art/Character/hungry_bat_blur.png
  artifactKey: Guid(1c5627402d68cd642b43a000a0e53686) Importer(815301076,1909f56bfc062723c751e8b465ee728b)
Start importing Assets/Simasart/Hungry Bat/Art/Character/hungry_bat_blur.png using Guid(1c5627402d68cd642b43a000a0e53686) Importer(815301076,1909f56bfc062723c751e8b465ee728b)  -> (artifact id: 'db937cab1199b9e1ee76a8bdb8d35f92') in 0.039855 seconds 
========================================================================
Received Import Request.
  Time since last request: 4.133275 seconds.
  path: Assets/Simasart/Hungry Bat/Art/Demos/hungrybats3-pause.png
  artifactKey: Guid(3a9b17ae9e85f744aa327f8fbd27b87f) Importer(815301076,1909f56bfc062723c751e8b465ee728b)
Start importing Assets/Simasart/Hungry Bat/Art/Demos/hungrybats3-pause.png using Guid(3a9b17ae9e85f744aa327f8fbd27b87f) Importer(815301076,1909f56bfc062723c751e8b465ee728b)  -> (artifact id: '84eae85891ced7390f981dfb35fed4a3') in 0.225001 seconds 
========================================================================
Received Import Request.
  Time since last request: 0.068914 seconds.
  path: Assets/Simasart/Hungry Bat/Art/Fruits/banana.png
  artifactKey: Guid(a292bddf8693e00428dace4a7f770aa6) Importer(815301076,1909f56bfc062723c751e8b465ee728b)
Start importing Assets/Simasart/Hungry Bat/Art/Fruits/banana.png using Guid(a292bddf8693e00428dace4a7f770aa6) Importer(815301076,1909f56bfc062723c751e8b465ee728b)  -> (artifact id: '227c2c2f06b01b661a8c8627da3b00eb') in 0.033575 seconds 
========================================================================
Received Import Request.
  Time since last request: 0.000022 seconds.
  path: Assets/Simasart/Hungry Bat/Art/Fruits/strawberry.png
  artifactKey: Guid(140169fe467b8b649aa2541e0c8d6c09) Importer(815301076,1909f56bfc062723c751e8b465ee728b)
Start importing Assets/Simasart/Hungry Bat/Art/Fruits/strawberry.png using Guid(140169fe467b8b649aa2541e0c8d6c09) Importer(815301076,1909f56bfc062723c751e8b465ee728b)  -> (artifact id: '903339cc8b0388218fd9df86e59aee13') in 0.027195 seconds 
========================================================================
Received Import Request.
  Time since last request: 0.229394 seconds.
  path: Assets/Simasart/Hungry Bat/Art/UI/box_blue.png
  artifactKey: Guid(1157b8e349a8ffe4c88f133ce0c28a5b) Importer(815301076,1909f56bfc062723c751e8b465ee728b)
Start importing Assets/Simasart/Hungry Bat/Art/UI/box_blue.png using Guid(1157b8e349a8ffe4c88f133ce0c28a5b) Importer(815301076,1909f56bfc062723c751e8b465ee728b)  -> (artifact id: '8caa994ea9c77cdff08a9e3a9193ebb6') in 0.047747 seconds 
========================================================================
Received Import Request.
  Time since last request: 0.000066 seconds.
  path: Assets/Simasart/Hungry Bat/Art/UI/txt_mask_shadow.png
  artifactKey: Guid(108f8629d34b46447ba79c773b73fe78) Importer(815301076,1909f56bfc062723c751e8b465ee728b)
Start importing Assets/Simasart/Hungry Bat/Art/UI/txt_mask_shadow.png using Guid(108f8629d34b46447ba79c773b73fe78) Importer(815301076,1909f56bfc062723c751e8b465ee728b)  -> (artifact id: 'b6f7a37f982dc76c524600fd240603fc') in 0.042980 seconds 
========================================================================
Received Import Request.
  Time since last request: 0.000063 seconds.
  path: Assets/Simasart/Hungry Bat/Art/UI/speech_bubble_bg.png
  artifactKey: Guid(4ea348433890b4f439183c9c11524ad6) Importer(815301076,1909f56bfc062723c751e8b465ee728b)
Start importing Assets/Simasart/Hungry Bat/Art/UI/speech_bubble_bg.png using Guid(4ea348433890b4f439183c9c11524ad6) Importer(815301076,1909f56bfc062723c751e8b465ee728b)  -> (artifact id: '11f0e68bb348c51a2495d05771589f26') in 0.038526 seconds 
========================================================================
Received Import Request.
  Time since last request: 0.000074 seconds.
  path: Assets/Simasart/Hungry Bat/Art/UI/tittle_box.png
  artifactKey: Guid(c8a9c674838776147b01b49761e36724) Importer(815301076,1909f56bfc062723c751e8b465ee728b)
Start importing Assets/Simasart/Hungry Bat/Art/UI/tittle_box.png using Guid(c8a9c674838776147b01b49761e36724) Importer(815301076,1909f56bfc062723c751e8b465ee728b)  -> (artifact id: '31d4d76293668aacf8bfdbd93434cb23') in 0.031653 seconds 
========================================================================
Received Import Request.
  Time since last request: 0.457429 seconds.
  path: Assets/Simasart/Hungry Bat/Art/Project/hungrybats_icon.png
  artifactKey: Guid(13335ddeab3f9f143a12454e43ab6fe6) Importer(815301076,1909f56bfc062723c751e8b465ee728b)
Start importing Assets/Simasart/Hungry Bat/Art/Project/hungrybats_icon.png using Guid(13335ddeab3f9f143a12454e43ab6fe6) Importer(815301076,1909f56bfc062723c751e8b465ee728b)  -> (artifact id: 'd7b604b99c8da9ce6b402b077643e616') in 0.035810 seconds 
========================================================================
Received Import Request.
  Time since last request: 47.230427 seconds.
  path: Assets/Simasart/Hungry Bat/Prefabs/Fruits/Banana.prefab
  artifactKey: Guid(1f9bc2baa3eecbe48aaac571067bd966) Importer(815301076,1909f56bfc062723c751e8b465ee728b)
Start importing Assets/Simasart/Hungry Bat/Prefabs/Fruits/Banana.prefab using Guid(1f9bc2baa3eecbe48aaac571067bd966) Importer(815301076,1909f56bfc062723c751e8b465ee728b)  -> (artifact id: '82ae10d7930c5d95da663fcb8ddf604a') in 0.010402 seconds 
========================================================================
Received Import Request.
  Time since last request: 0.000031 seconds.
  path: Assets/Simasart/Hungry Bat/Prefabs/Fruits/Pear.prefab
  artifactKey: Guid(fe78d4afa3f68664fa71adf376f4aea6) Importer(815301076,1909f56bfc062723c751e8b465ee728b)
Start importing Assets/Simasart/Hungry Bat/Prefabs/Fruits/Pear.prefab using Guid(fe78d4afa3f68664fa71adf376f4aea6) Importer(815301076,1909f56bfc062723c751e8b465ee728b)  -> (artifact id: '37f5718f2d29c3402ae6c292004424d9') in 0.011583 seconds 
========================================================================
Received Import Request.
  Time since last request: 38.781926 seconds.
  path: Assets/Hovl Studio/Magic effects pack/Demo scene/Lightmap-0_comp_dir.png
  artifactKey: Guid(4a3abcea8684f464a9b302dd7a047387) Importer(815301076,1909f56bfc062723c751e8b465ee728b)
Start importing Assets/Hovl Studio/Magic effects pack/Demo scene/Lightmap-0_comp_dir.png using Guid(4a3abcea8684f464a9b302dd7a047387) Importer(815301076,1909f56bfc062723c751e8b465ee728b)  -> (artifact id: '26854b7337998a3f7674d209aa46f90d') in 0.029809 seconds 
========================================================================
Received Import Request.
  Time since last request: 0.464787 seconds.
  path: Assets/Hovl Studio/Magic effects pack/Materials/Floor3.mat
  artifactKey: Guid(ca6fd35d7de69cb449d560ab9228d502) Importer(815301076,1909f56bfc062723c751e8b465ee728b)
Start importing Assets/Hovl Studio/Magic effects pack/Materials/Floor3.mat using Guid(ca6fd35d7de69cb449d560ab9228d502) Importer(815301076,1909f56bfc062723c751e8b465ee728b)  -> (artifact id: 'c331882e1a43785b5ca87dd52424ed74') in 0.435463 seconds 
========================================================================
Received Import Request.
  Time since last request: 14.824368 seconds.
  path: Assets/FourEvilDragonsHP/Materials/Stage.mat
  artifactKey: Guid(34466cf7960487a4380913c62e795ebd) Importer(815301076,1909f56bfc062723c751e8b465ee728b)
Start importing Assets/FourEvilDragonsHP/Materials/Stage.mat using Guid(34466cf7960487a4380913c62e795ebd) Importer(815301076,1909f56bfc062723c751e8b465ee728b)  -> (artifact id: '4c0aa2045b7c5d71853d7598d99811e4') in 0.121291 seconds 
========================================================================
Received Import Request.
  Time since last request: 5.901981 seconds.
  path: Assets/Fantasy Skybox FREE/Cubemaps/Classic/FS000_Day_01.png
  artifactKey: Guid(1331a26d2843a1148a23d5ddc81629dc) Importer(815301076,1909f56bfc062723c751e8b465ee728b)
Start importing Assets/Fantasy Skybox FREE/Cubemaps/Classic/FS000_Day_01.png using Guid(1331a26d2843a1148a23d5ddc81629dc) Importer(815301076,1909f56bfc062723c751e8b465ee728b)  -> (artifact id: '12bc0e22793e7ac2a8a10c46caf0891f') in 0.057649 seconds 
========================================================================
Received Import Request.
  Time since last request: 0.000052 seconds.
  path: Assets/Fantasy Skybox FREE/Cubemaps/Classic/FS000_Day_03_Sunless.mat
  artifactKey: Guid(8f2c8ef98c47442d4b0e1896539bf7f1) Importer(815301076,1909f56bfc062723c751e8b465ee728b)
Start importing Assets/Fantasy Skybox FREE/Cubemaps/Classic/FS000_Day_03_Sunless.mat using Guid(8f2c8ef98c47442d4b0e1896539bf7f1) Importer(815301076,1909f56bfc062723c751e8b465ee728b)  -> (artifact id: '39bd070da583b5320eabeece619762d7') in 0.031266 seconds 
========================================================================
Received Import Request.
  Time since last request: 0.000075 seconds.
  path: Assets/Fantasy Skybox FREE/Cubemaps/Classic/FS000_Day_02.mat
  artifactKey: Guid(fa95802f80bd745cfb5e9c89f7e22341) Importer(815301076,1909f56bfc062723c751e8b465ee728b)
Start importing Assets/Fantasy Skybox FREE/Cubemaps/Classic/FS000_Day_02.mat using Guid(fa95802f80bd745cfb5e9c89f7e22341) Importer(815301076,1909f56bfc062723c751e8b465ee728b)  -> (artifact id: 'fefccd5410d5ac660cd4a9323b3a125c') in 0.031333 seconds 
========================================================================
Received Import Request.
  Time since last request: 0.000045 seconds.
  path: Assets/Fantasy Skybox FREE/Cubemaps/Classic/FS000_Night_03.png
  artifactKey: Guid(df8d1504e61fa6046bbb3b99bf96da1a) Importer(815301076,1909f56bfc062723c751e8b465ee728b)
Start importing Assets/Fantasy Skybox FREE/Cubemaps/Classic/FS000_Night_03.png using Guid(df8d1504e61fa6046bbb3b99bf96da1a) Importer(815301076,1909f56bfc062723c751e8b465ee728b)  -> (artifact id: '9c1138ede9ff238fa8270bd1581f9484') in 0.047544 seconds 
========================================================================
Received Import Request.
  Time since last request: 0.000041 seconds.
  path: Assets/Fantasy Skybox FREE/Cubemaps/Classic/FS000_Day_04.png
  artifactKey: Guid(599e20092e3297247ad7ecc4ba9caf00) Importer(815301076,1909f56bfc062723c751e8b465ee728b)
Start importing Assets/Fantasy Skybox FREE/Cubemaps/Classic/FS000_Day_04.png using Guid(599e20092e3297247ad7ecc4ba9caf00) Importer(815301076,1909f56bfc062723c751e8b465ee728b)  -> (artifact id: '013cc7145e112536a8854302edce735d') in 0.046791 seconds 
========================================================================
Received Import Request.
  Time since last request: 0.000032 seconds.
  path: Assets/Fantasy Skybox FREE/Cubemaps/Classic/FS000_Day_05.png
  artifactKey: Guid(3b9c8413bb7d59b4dbd832a9122271cb) Importer(815301076,1909f56bfc062723c751e8b465ee728b)
Start importing Assets/Fantasy Skybox FREE/Cubemaps/Classic/FS000_Day_05.png using Guid(3b9c8413bb7d59b4dbd832a9122271cb) Importer(815301076,1909f56bfc062723c751e8b465ee728b)  -> (artifact id: 'fcdef1314a653c89cf8ac15f5229cd6c') in 0.048141 seconds 
========================================================================
Received Import Request.
  Time since last request: 0.000053 seconds.
  path: Assets/Fantasy Skybox FREE/Cubemaps/Classic/FS000_Day_04_Sunless.png
  artifactKey: Guid(0e981c5218a661d479182696be5f084f) Importer(815301076,1909f56bfc062723c751e8b465ee728b)
Start importing Assets/Fantasy Skybox FREE/Cubemaps/Classic/FS000_Day_04_Sunless.png using Guid(0e981c5218a661d479182696be5f084f) Importer(815301076,1909f56bfc062723c751e8b465ee728b)  -> (artifact id: '9ecaf052dc3bf41326cb023eabb325b8') in 0.047081 seconds 
========================================================================
Received Import Request.
  Time since last request: 0.000061 seconds.
  path: Assets/Fantasy Skybox FREE/Cubemaps/Classic/FS000_Day_02_Sunless.png
  artifactKey: Guid(a12ea62fd952d57439f49b6287da4762) Importer(815301076,1909f56bfc062723c751e8b465ee728b)
Start importing Assets/Fantasy Skybox FREE/Cubemaps/Classic/FS000_Day_02_Sunless.png using Guid(a12ea62fd952d57439f49b6287da4762) Importer(815301076,1909f56bfc062723c751e8b465ee728b)  -> (artifact id: '5b73db9a8b01ffe501725e4c3185d1a9') in 0.043888 seconds 
========================================================================
Received Import Request.
  Time since last request: 0.000053 seconds.
  path: Assets/Fantasy Skybox FREE/Cubemaps/FS002/FS002_Day_Cubemap.mat
  artifactKey: Guid(94d852a7748a347489661febea5eafc6) Importer(815301076,1909f56bfc062723c751e8b465ee728b)
Start importing Assets/Fantasy Skybox FREE/Cubemaps/FS002/FS002_Day_Cubemap.mat using Guid(94d852a7748a347489661febea5eafc6) Importer(815301076,1909f56bfc062723c751e8b465ee728b)  -> (artifact id: '174e1abadc90ab29f5fe39575888adb7') in 0.052341 seconds 
========================================================================
Received Import Request.
  Time since last request: 0.000037 seconds.
  path: Assets/Fantasy Skybox FREE/Cubemaps/FS002/FS002_Night_Cubemap.mat
  artifactKey: Guid(3f1e52dec055a3a4f850420ef19cb2b2) Importer(815301076,1909f56bfc062723c751e8b465ee728b)
Start importing Assets/Fantasy Skybox FREE/Cubemaps/FS002/FS002_Night_Cubemap.mat using Guid(3f1e52dec055a3a4f850420ef19cb2b2) Importer(815301076,1909f56bfc062723c751e8b465ee728b)  -> (artifact id: 'e62481184e0ca0785345371d261334e3') in 0.051437 seconds 
========================================================================
Received Import Request.
  Time since last request: 0.000073 seconds.
  path: Assets/Fantasy Skybox FREE/Cubemaps/Classic/FS000_Day_06_Sunless.png
  artifactKey: Guid(5a80706490c0b9e458216d2d0bb6c8f5) Importer(815301076,1909f56bfc062723c751e8b465ee728b)
Start importing Assets/Fantasy Skybox FREE/Cubemaps/Classic/FS000_Day_06_Sunless.png using Guid(5a80706490c0b9e458216d2d0bb6c8f5) Importer(815301076,1909f56bfc062723c751e8b465ee728b)  -> (artifact id: '43510922933840d71f22530e8078bea3') in 0.053264 seconds 
========================================================================
Received Import Request.
  Time since last request: 0.223610 seconds.
  path: Assets/Fantasy Skybox FREE/Cubemaps/FS003/FS003_Day_Sunless_Cubemap.mat
  artifactKey: Guid(400d8db5104338b428633f2079c1b88e) Importer(815301076,1909f56bfc062723c751e8b465ee728b)
Start importing Assets/Fantasy Skybox FREE/Cubemaps/FS003/FS003_Day_Sunless_Cubemap.mat using Guid(400d8db5104338b428633f2079c1b88e) Importer(815301076,1909f56bfc062723c751e8b465ee728b)  -> (artifact id: '23e3839c396271af5d82e9fad9230423') in 0.041694 seconds 
========================================================================
Received Import Request.
  Time since last request: 0.000044 seconds.
  path: Assets/Fantasy Skybox FREE/Cubemaps/FS003/FS003_Snowy_Cubemap.mat
  artifactKey: Guid(4f0579e073abe59409641925c6e53e31) Importer(815301076,1909f56bfc062723c751e8b465ee728b)
Start importing Assets/Fantasy Skybox FREE/Cubemaps/FS003/FS003_Snowy_Cubemap.mat using Guid(4f0579e073abe59409641925c6e53e31) Importer(815301076,1909f56bfc062723c751e8b465ee728b)  -> (artifact id: '6d4ae837ae3981e6e6923f56f91a5cc2') in 0.043349 seconds 
========================================================================
Received Import Request.
  Time since last request: 4.498994 seconds.
  path: Assets/03. Asset/Flat icoon n UI/best_01.png
  artifactKey: Guid(fd28f2f1442c5ec4dbba5d9a9cbeccb2) Importer(815301076,1909f56bfc062723c751e8b465ee728b)
Start importing Assets/03. Asset/Flat icoon n UI/best_01.png using Guid(fd28f2f1442c5ec4dbba5d9a9cbeccb2) Importer(815301076,1909f56bfc062723c751e8b465ee728b)  -> (artifact id: 'df6f7286d30cb4b1807ce55ebd6f9775') in 0.026574 seconds 
========================================================================
Received Import Request.
  Time since last request: 0.000047 seconds.
  path: Assets/03. Asset/Flat icoon n UI/icon_70_04.png
  artifactKey: Guid(f03e9806373a2a44daa63fe9457e1f98) Importer(815301076,1909f56bfc062723c751e8b465ee728b)
Start importing Assets/03. Asset/Flat icoon n UI/icon_70_04.png using Guid(f03e9806373a2a44daa63fe9457e1f98) Importer(815301076,1909f56bfc062723c751e8b465ee728b)  -> (artifact id: '4a7bb129be7c39fe4a5163ae2ef77601') in 0.030410 seconds 
========================================================================
Received Import Request.
  Time since last request: 0.000044 seconds.
  path: Assets/03. Asset/Flat icoon n UI/icon_120_10.png
  artifactKey: Guid(e128940e306449f419053d07d3aad18f) Importer(815301076,1909f56bfc062723c751e8b465ee728b)
Start importing Assets/03. Asset/Flat icoon n UI/icon_120_10.png using Guid(e128940e306449f419053d07d3aad18f) Importer(815301076,1909f56bfc062723c751e8b465ee728b)  -> (artifact id: '8f09cf168a43854293d68f29563cc976') in 0.026654 seconds 
========================================================================
Received Import Request.
  Time since last request: 0.000037 seconds.
  path: Assets/03. Asset/Flat icoon n UI/icon_90_1_02.png
  artifactKey: Guid(615c25c557d8be5458da5a14f572f311) Importer(815301076,1909f56bfc062723c751e8b465ee728b)
Start importing Assets/03. Asset/Flat icoon n UI/icon_90_1_02.png using Guid(615c25c557d8be5458da5a14f572f311) Importer(815301076,1909f56bfc062723c751e8b465ee728b)  -> (artifact id: '981d4efd4d83991eccb21de970a26a8d') in 0.028150 seconds 
========================================================================
Received Import Request.
  Time since last request: 0.000152 seconds.
  path: Assets/03. Asset/Flat icoon n UI/ui_b_02.png
  artifactKey: Guid(48ab1d344ca61a542a20c35d795e3c2f) Importer(815301076,1909f56bfc062723c751e8b465ee728b)
Start importing Assets/03. Asset/Flat icoon n UI/ui_b_02.png using Guid(48ab1d344ca61a542a20c35d795e3c2f) Importer(815301076,1909f56bfc062723c751e8b465ee728b)  -> (artifact id: 'f7b9c37ac51c21a8b1a1c20b1bbe6ba7') in 0.035957 seconds 
========================================================================
Received Import Request.
  Time since last request: 0.000056 seconds.
  path: Assets/03. Asset/Flat icoon n UI/icon_70_07.png
  artifactKey: Guid(e90b72c3b6ceebd4a96815b24d084f54) Importer(815301076,1909f56bfc062723c751e8b465ee728b)
Start importing Assets/03. Asset/Flat icoon n UI/icon_70_07.png using Guid(e90b72c3b6ceebd4a96815b24d084f54) Importer(815301076,1909f56bfc062723c751e8b465ee728b)  -> (artifact id: 'f502d046bd5ff3406ab2db40785b2894') in 0.025718 seconds 
========================================================================
Received Import Request.
  Time since last request: 0.000057 seconds.
  path: Assets/03. Asset/Flat icoon n UI/icon_100_12.png
  artifactKey: Guid(c2702d82e8fe2ba4b8c26522340d352d) Importer(815301076,1909f56bfc062723c751e8b465ee728b)
Start importing Assets/03. Asset/Flat icoon n UI/icon_100_12.png using Guid(c2702d82e8fe2ba4b8c26522340d352d) Importer(815301076,1909f56bfc062723c751e8b465ee728b)  -> (artifact id: '71dfc2ad4b8d7b170a53fde870be630d') in 0.028253 seconds 
========================================================================
Received Import Request.
  Time since last request: 0.000050 seconds.
  path: Assets/03. Asset/Flat icoon n UI/icon_120_06.png
  artifactKey: Guid(7723dc06656450b488671618ad95f124) Importer(815301076,1909f56bfc062723c751e8b465ee728b)
Start importing Assets/03. Asset/Flat icoon n UI/icon_120_06.png using Guid(7723dc06656450b488671618ad95f124) Importer(815301076,1909f56bfc062723c751e8b465ee728b)  -> (artifact id: '26947baa20bed4e573947bc0fed68400') in 0.030557 seconds 
========================================================================
Received Import Request.
  Time since last request: 0.000031 seconds.
  path: Assets/03. Asset/Flat icoon n UI/icon_120_04.png
  artifactKey: Guid(b70f8ccedd16c2647a30ed2f723a2d84) Importer(815301076,1909f56bfc062723c751e8b465ee728b)
Start importing Assets/03. Asset/Flat icoon n UI/icon_120_04.png using Guid(b70f8ccedd16c2647a30ed2f723a2d84) Importer(815301076,1909f56bfc062723c751e8b465ee728b)  -> (artifact id: '40622004d3791d7c6fa2a84871b45b29') in 0.024968 seconds 
========================================================================
Received Import Request.
  Time since last request: 0.000054 seconds.
  path: Assets/03. Asset/Flat icoon n UI/next.png
  artifactKey: Guid(6578e0af05d7a52428c8b84618d70c94) Importer(815301076,1909f56bfc062723c751e8b465ee728b)
Start importing Assets/03. Asset/Flat icoon n UI/next.png using Guid(6578e0af05d7a52428c8b84618d70c94) Importer(815301076,1909f56bfc062723c751e8b465ee728b)  -> (artifact id: '17999beba0a0ddd777ff8c69f02f59c3') in 0.030100 seconds 
========================================================================
Received Import Request.
  Time since last request: 0.000043 seconds.
  path: Assets/03. Asset/Flat icoon n UI/icon_120_11.png
  artifactKey: Guid(4a42790af7ef0ee469b522e2b37beb6c) Importer(815301076,1909f56bfc062723c751e8b465ee728b)
Start importing Assets/03. Asset/Flat icoon n UI/icon_120_11.png using Guid(4a42790af7ef0ee469b522e2b37beb6c) Importer(815301076,1909f56bfc062723c751e8b465ee728b)  -> (artifact id: '0bc9be616818657a4477d1938819ac70') in 0.027323 seconds 
========================================================================
Received Import Request.
  Time since last request: 0.000034 seconds.
  path: Assets/03. Asset/Flat icoon n UI/icon_70_09.png
  artifactKey: Guid(42ff812fea9e80b4693bc66cf2581a04) Importer(815301076,1909f56bfc062723c751e8b465ee728b)
Start importing Assets/03. Asset/Flat icoon n UI/icon_70_09.png using Guid(42ff812fea9e80b4693bc66cf2581a04) Importer(815301076,1909f56bfc062723c751e8b465ee728b)  -> (artifact id: '05b99924b52bfe965113d711f47d542d') in 0.022110 seconds 
========================================================================
Received Import Request.
  Time since last request: 0.376709 seconds.
  path: Assets/03. Asset/Flat icoon n UI/ui_c_02.png
  artifactKey: Guid(eaff91dda6a02a047ab6e80adaab9bda) Importer(815301076,1909f56bfc062723c751e8b465ee728b)
Start importing Assets/03. Asset/Flat icoon n UI/ui_c_02.png using Guid(eaff91dda6a02a047ab6e80adaab9bda) Importer(815301076,1909f56bfc062723c751e8b465ee728b)  -> (artifact id: '86e4470431217da772a14d96c17ff4ce') in 0.021832 seconds 
========================================================================
Received Import Request.
  Time since last request: 0.000026 seconds.
  path: Assets/03. Asset/Flat icoon n UI/ui_y_04.png
  artifactKey: Guid(3815d0d712035c24c90203f9eef6122a) Importer(815301076,1909f56bfc062723c751e8b465ee728b)
Start importing Assets/03. Asset/Flat icoon n UI/ui_y_04.png using Guid(3815d0d712035c24c90203f9eef6122a) Importer(815301076,1909f56bfc062723c751e8b465ee728b)  -> (artifact id: 'ff0ff79aba95bf9a5ae5ccc44798ada6') in 0.026610 seconds 
========================================================================
Received Import Request.
  Time since last request: 0.000034 seconds.
  path: Assets/03. Asset/Flat icoon n UI/ui_y_05.png
  artifactKey: Guid(53c7258c5639bc34d93c5fd26a404d97) Importer(815301076,1909f56bfc062723c751e8b465ee728b)
Start importing Assets/03. Asset/Flat icoon n UI/ui_y_05.png using Guid(53c7258c5639bc34d93c5fd26a404d97) Importer(815301076,1909f56bfc062723c751e8b465ee728b)  -> (artifact id: '4e22d36e224de158bda5393247d68a89') in 0.028490 seconds 
========================================================================
Received Import Request.
  Time since last request: 0.000047 seconds.
  path: Assets/03. Asset/Flat icoon n UI/ui_g_02.png
  artifactKey: Guid(44f91ce376eb95f479e757912fa01194) Importer(815301076,1909f56bfc062723c751e8b465ee728b)
Start importing Assets/03. Asset/Flat icoon n UI/ui_g_02.png using Guid(44f91ce376eb95f479e757912fa01194) Importer(815301076,1909f56bfc062723c751e8b465ee728b)  -> (artifact id: '2d196bb961a9fec10fb6342afb1be2f1') in 0.021358 seconds 
