Using pre-set license
Built from '2021.3/staging' branch; Version is '2021.3.24f1 (cf10dcf7010d) revision 13570268'; Using compiler version '192829333'; Build Type 'Release'
OS: 'Windows 10  (10.0.19045) 64bit Core' Language: 'ko' Physical Memory: 16318 MB
BatchMode: 1, IsHumanControllingUs: 0, StartBugReporterOnCrash: 0, Is64bit: 1, IsPro: 1

COMMAND LINE ARGUMENTS:
E:\Editor\2021.3.24f1\Editor\Unity.exe
-adb2
-batchMode
-noUpm
-name
AssetImportWorker3
-projectPath
E:/FinalProject/FinalProject/FinalProject
-logFile
Logs/AssetImportWorker3.log
-srvPort
8436
Successfully changed project path to: E:/FinalProject/FinalProject/FinalProject
E:/FinalProject/FinalProject/FinalProject
[UnityMemory] Configuration Parameters - Can be set up in boot.config
    "memorysetup-bucket-allocator-granularity=16"
    "memorysetup-bucket-allocator-bucket-count=8"
    "memorysetup-bucket-allocator-block-size=33554432"
    "memorysetup-bucket-allocator-block-count=8"
    "memorysetup-main-allocator-block-size=16777216"
    "memorysetup-thread-allocator-block-size=16777216"
    "memorysetup-gfx-main-allocator-block-size=16777216"
    "memorysetup-gfx-thread-allocator-block-size=16777216"
    "memorysetup-cache-allocator-block-size=4194304"
    "memorysetup-typetree-allocator-block-size=2097152"
    "memorysetup-profiler-bucket-allocator-granularity=16"
    "memorysetup-profiler-bucket-allocator-bucket-count=8"
    "memorysetup-profiler-bucket-allocator-block-size=33554432"
    "memorysetup-profiler-bucket-allocator-block-count=8"
    "memorysetup-profiler-allocator-block-size=16777216"
    "memorysetup-profiler-editor-allocator-block-size=1048576"
    "memorysetup-temp-allocator-size-main=16777216"
    "memorysetup-job-temp-allocator-block-size=2097152"
    "memorysetup-job-temp-allocator-block-size-background=1048576"
    "memorysetup-job-temp-allocator-reduction-small-platforms=262144"
    "memorysetup-temp-allocator-size-background-worker=32768"
    "memorysetup-temp-allocator-size-job-worker=262144"
    "memorysetup-temp-allocator-size-preload-manager=33554432"
    "memorysetup-temp-allocator-size-nav-mesh-worker=65536"
    "memorysetup-temp-allocator-size-audio-worker=65536"
    "memorysetup-temp-allocator-size-cloud-worker=32768"
    "memorysetup-temp-allocator-size-gi-baking-worker=262144"
    "memorysetup-temp-allocator-size-gfx=262144"
Player connection [23340] Host "[IP] 192.168.0.2 [Port] 0 [Flags] 2 [Guid] 465140608 [EditorId] 465140608 [Version] 1048832 [Id] WindowsEditor(7,DESKTOP-HE9ITCQ) [Debug] 1 [PackageName] WindowsEditor [ProjectName] Editor" joined multi-casting on [225.0.0.222:54997]...

Player connection [23340] Host "[IP] 192.168.0.2 [Port] 0 [Flags] 2 [Guid] 465140608 [EditorId] 465140608 [Version] 1048832 [Id] WindowsEditor(7,DESKTOP-HE9ITCQ) [Debug] 1 [PackageName] WindowsEditor [ProjectName] Editor" joined alternative multi-casting on [225.0.0.222:34997]...

Refreshing native plugins compatible for Editor in 181.87 ms, found 3 plugins.
Preloading 0 native plugins for Editor in 0.00 ms.
Initialize engine version: 2021.3.24f1 (cf10dcf7010d)
[Subsystems] Discovering subsystems at path E:/Editor/2021.3.24f1/Editor/Data/Resources/UnitySubsystems
[Subsystems] Discovering subsystems at path E:/FinalProject/FinalProject/FinalProject/Assets
GfxDevice: creating device client; threaded=0; jobified=0
Direct3D:
    Version:  Direct3D 11.0 [level 11.1]
    Renderer: NVIDIA GeForce GTX 1080 (ID=0x1b80)
    Vendor:   NVIDIA
    VRAM:     8079 MB
    Driver:   31.0.15.1748
Initialize mono
Mono path[0] = 'E:/Editor/2021.3.24f1/Editor/Data/Managed'
Mono path[1] = 'E:/Editor/2021.3.24f1/Editor/Data/MonoBleedingEdge/lib/mono/unityjit-win32'
Mono config path = 'E:/Editor/2021.3.24f1/Editor/Data/MonoBleedingEdge/etc'
Using monoOptions --debugger-agent=transport=dt_socket,embedding=1,server=y,suspend=n,address=127.0.0.1:56300
Begin MonoManager ReloadAssembly
Registering precompiled unity dll's ...
Register platform support module: E:/Editor/2021.3.24f1/Editor/Data/PlaybackEngines/WindowsStandaloneSupport/UnityEditor.WindowsStandalone.Extensions.dll
Registered in 0.005606 seconds.
Native extension for WindowsStandalone target not found
Refreshing native plugins compatible for Editor in 89.30 ms, found 3 plugins.
Preloading 0 native plugins for Editor in 0.00 ms.
Mono: successfully reloaded assembly
- Completed reload, in  0.858 seconds
Domain Reload Profiling:
	ReloadAssembly (859ms)
		BeginReloadAssembly (166ms)
			ExecutionOrderSort (0ms)
			DisableScriptedObjects (0ms)
			BackupInstance (0ms)
			ReleaseScriptingObjects (0ms)
			CreateAndSetChildDomain (2ms)
		EndReloadAssembly (569ms)
			LoadAssemblies (163ms)
			RebuildTransferFunctionScriptingTraits (0ms)
			SetupTypeCache (158ms)
			ReleaseScriptCaches (0ms)
			RebuildScriptCaches (40ms)
			SetupLoadedEditorAssemblies (311ms)
				LogAssemblyErrors (0ms)
				InitializePlatformSupportModulesInManaged (8ms)
				SetLoadedEditorAssemblies (0ms)
				RefreshPlugins (89ms)
				BeforeProcessingInitializeOnLoad (1ms)
				ProcessInitializeOnLoadAttributes (140ms)
				ProcessInitializeOnLoadMethodAttributes (72ms)
				AfterProcessingInitializeOnLoad (0ms)
				EditorAssembliesLoaded (0ms)
			ExecutionOrderSort2 (0ms)
			AwakeInstancesAfterBackupRestoration (0ms)
Platform modules already initialized, skipping
Registering precompiled user dll's ...
Registered in 0.006315 seconds.
Begin MonoManager ReloadAssembly
Symbol file LoadedFromMemory doesn't match image E:\FinalProject\FinalProject\FinalProject\Library\PackageCache\com.unity.visualscripting@1.8.0\Editor\VisualScripting.Core\Dependencies\YamlDotNet\Unity.VisualScripting.YamlDotNet.dll
Symbol file LoadedFromMemory doesn't match image E:\FinalProject\FinalProject\FinalProject\Library\PackageCache\com.unity.visualscripting@1.8.0\Editor\VisualScripting.Core\Dependencies\DotNetZip\Unity.VisualScripting.IonicZip.dll
Native extension for WindowsStandalone target not found
Refreshing native plugins compatible for Editor in 0.73 ms, found 3 plugins.
Preloading 0 native plugins for Editor in 0.00 ms.
System.Exception: Error! Visual Scripting: couldn't find visual scripting package
  at Unity.VisualScripting.PackageVersionUtility.get_version () [0x00043] in E:\FinalProject\FinalProject\FinalProject\Library\PackageCache\com.unity.visualscripting@1.8.0\Editor\VisualScripting.Core\Utilities\PackageVersionUtility.cs:31 
  at Unity.VisualScripting.BoltCoreManifest.get_version () [0x00000] in E:\FinalProject\FinalProject\FinalProject\Library\PackageCache\com.unity.visualscripting@1.8.0\Editor\VisualScripting.Core\Plugin\BoltCoreManifest.cs:11 
  at Unity.VisualScripting.PluginManifest.get_currentVersion () [0x00000] in E:\FinalProject\FinalProject\FinalProject\Library\PackageCache\com.unity.visualscripting@1.8.0\Editor\VisualScripting.Core\Plugins\PluginManifest.cs:33 
  at Unity.VisualScripting.PluginManifest.get_versionMismatch () [0x00000] in E:\FinalProject\FinalProject\FinalProject\Library\PackageCache\com.unity.visualscripting@1.8.0\Editor\VisualScripting.Core\Plugins\PluginManifest.cs:48 
  at Unity.VisualScripting.PluginContainer.Initialize () [0x00525] in E:\FinalProject\FinalProject\FinalProject\Library\PackageCache\com.unity.visualscripting@1.8.0\Editor\VisualScripting.Core\Plugins\PluginContainer.cs:208 
  at Unity.VisualScripting.PluginContainer.InitializeOnLoad () [0x00009] in E:\FinalProject\FinalProject\FinalProject\Library\PackageCache\com.unity.visualscripting@1.8.0\Editor\VisualScripting.Core\Plugins\PluginContainer.cs:32 
  at Unity.VisualScripting.VSUsageUtility.DoInitializeOnLoadCalls () [0x00034] in E:\FinalProject\FinalProject\FinalProject\Library\PackageCache\com.unity.visualscripting@1.8.0\Editor\VisualScripting.Core\Utilities\VSUsageUtility.cs:76 
  at Unity.VisualScripting.VSUsageUtility.set_isVisualScriptingUsed (System.Boolean value) [0x0002c] in E:\FinalProject\FinalProject\FinalProject\Library\PackageCache\com.unity.visualscripting@1.8.0\Editor\VisualScripting.Core\Utilities\VSUsageUtility.cs:114 
  at Unity.VisualScripting.VSUsageUtility.CheckAndSetIsVisualScriptingUsed () [0x00032] in E:\FinalProject\FinalProject\FinalProject\Library\PackageCache\com.unity.visualscripting@1.8.0\Editor\VisualScripting.Core\Utilities\VSUsageUtility.cs:48 
  at Unity.VisualScripting.VSUsageUtility..cctor () [0x00000] in E:\FinalProject\FinalProject\FinalProject\Library\PackageCache\com.unity.visualscripting@1.8.0\Editor\VisualScripting.Core\Utilities\VSUsageUtility.cs:22 
UnityEngine.StackTraceUtility:ExtractStackTrace ()
UnityEngine.DebugLogHandler:LogFormat (UnityEngine.LogType,UnityEngine.Object,string,object[])
UnityEngine.Logger:Log (UnityEngine.LogType,object)
UnityEngine.Debug:LogError (object)
UnityEditor.EditorAssemblies:ProcessInitializeOnLoadAttributes (System.Type[])

Mono: successfully reloaded assembly
- Completed reload, in  1.754 seconds
Domain Reload Profiling:
	ReloadAssembly (1755ms)
		BeginReloadAssembly (269ms)
			ExecutionOrderSort (0ms)
			DisableScriptedObjects (9ms)
			BackupInstance (0ms)
			ReleaseScriptingObjects (0ms)
			CreateAndSetChildDomain (49ms)
		EndReloadAssembly (1342ms)
			LoadAssemblies (205ms)
			RebuildTransferFunctionScriptingTraits (0ms)
			SetupTypeCache (325ms)
			ReleaseScriptCaches (1ms)
			RebuildScriptCaches (61ms)
			SetupLoadedEditorAssemblies (810ms)
				LogAssemblyErrors (0ms)
				InitializePlatformSupportModulesInManaged (5ms)
				SetLoadedEditorAssemblies (1ms)
				RefreshPlugins (1ms)
				BeforeProcessingInitializeOnLoad (75ms)
				ProcessInitializeOnLoadAttributes (702ms)
				ProcessInitializeOnLoadMethodAttributes (21ms)
				AfterProcessingInitializeOnLoad (5ms)
				EditorAssembliesLoaded (0ms)
			ExecutionOrderSort2 (0ms)
			AwakeInstancesAfterBackupRestoration (18ms)
Platform modules already initialized, skipping
========================================================================
Worker process is ready to serve import requests
Launched and connected shader compiler UnityShaderCompiler.exe after 0.12 seconds
Refreshing native plugins compatible for Editor in 0.49 ms, found 3 plugins.
Preloading 0 native plugins for Editor in 0.00 ms.
Unloading 3120 Unused Serialized files (Serialized files now loaded: 0)
Unloading 22 unused Assets / (56.2 KB). Loaded Objects now: 3583.
Memory consumption went from 111.7 MB to 111.6 MB.
Total: 12.176900 ms (FindLiveObjects: 0.355000 ms CreateObjectMapping: 0.298100 ms MarkObjects: 11.444400 ms  DeleteObjects: 0.078400 ms)

AssetImportParameters requested are different than current active one (requested -> active):
  custom:video-decoder-ogg-theora: a1e56fd34408186e4bbccfd4996cb3dc -> 
  custom:container-muxer-webm: aa71ff27fc2769a1b78a27578f13a17b -> 
  custom:container-demuxer-webm: 4f35f7cbe854078d1ac9338744f61a02 -> 
  custom:video-encoder-webm-vp8: eb34c28f22e8b96e1ab97ce403110664 -> 
  custom:audio-encoder-webm-vorbis: bf7c407c2cedff20999df2af8eb42d56 -> 
  custom:framework-win-MediaFoundation: 216162199b28c13a410421893ffa2e32 -> 
  custom:container-demuxer-ogg: 62fdf1f143b41e24485cea50d1cbac27 -> 
  custom:video-decoder-webm-vp8: 9c59270c3fd7afecdb556c50c9e8de78 -> 
  custom:audio-decoder-ogg-vorbis: bf7c407c2cedff20999df2af8eb42d56 -> 
========================================================================
Received Import Request.
  Time since last request: 28722.059446 seconds.
  path: Assets/Button.prefab
  artifactKey: Guid(a43689590fb99ac4ab678ce3e6cdf59a) Importer(815301076,1909f56bfc062723c751e8b465ee728b)
Start importing Assets/Button.prefab using Guid(a43689590fb99ac4ab678ce3e6cdf59a) Importer(815301076,1909f56bfc062723c751e8b465ee728b)  -> (artifact id: '7fb14b2fb568a5d1b9e34b4a932a0041') in 0.559354 seconds 
========================================================================
Received Import Request.
  Time since last request: 0.000029 seconds.
  path: Assets/Skybox.mat
  artifactKey: Guid(7987b8c6e6b89ae4da933d395c862de5) Importer(815301076,1909f56bfc062723c751e8b465ee728b)
Start importing Assets/Skybox.mat using Guid(7987b8c6e6b89ae4da933d395c862de5) Importer(815301076,1909f56bfc062723c751e8b465ee728b)  -> (artifact id: '3859273ff85e8b9078bc350b0d64afe2') in 0.279569 seconds 
========================================================================
Received Import Request.
  Time since last request: 0.000030 seconds.
  path: Assets/Sphere.prefab
  artifactKey: Guid(36ae109d317028f418f9a48db1afb699) Importer(815301076,1909f56bfc062723c751e8b465ee728b)
Start importing Assets/Sphere.prefab using Guid(36ae109d317028f418f9a48db1afb699) Importer(815301076,1909f56bfc062723c751e8b465ee728b)  -> (artifact id: '0d0a69eb030ec23a49d8447c31bf52d8') in 0.235723 seconds 
========================================================================
Received Import Request.
  Time since last request: 130.272084 seconds.
  path: Assets/03. Asset/Flat icoon n UI/best_01.png
  artifactKey: Guid(fd28f2f1442c5ec4dbba5d9a9cbeccb2) Importer(815301076,1909f56bfc062723c751e8b465ee728b)
Start importing Assets/03. Asset/Flat icoon n UI/best_01.png using Guid(fd28f2f1442c5ec4dbba5d9a9cbeccb2) Importer(815301076,1909f56bfc062723c751e8b465ee728b)  -> (artifact id: '9fc88031498e054cadad945f267561e5') in 0.051536 seconds 
========================================================================
Received Import Request.
  Time since last request: 0.018476 seconds.
  path: Assets/03. Asset/Flat icoon n UI/best_03_2.png
  artifactKey: Guid(ce2e40cb926b0d8448a8f137a5703339) Importer(815301076,1909f56bfc062723c751e8b465ee728b)
Start importing Assets/03. Asset/Flat icoon n UI/best_03_2.png using Guid(ce2e40cb926b0d8448a8f137a5703339) Importer(815301076,1909f56bfc062723c751e8b465ee728b)  -> (artifact id: '0a0db97b375711147dbf4bd796ce6492') in 0.018426 seconds 
========================================================================
Received Import Request.
  Time since last request: 0.000019 seconds.
  path: Assets/03. Asset/Flat icoon n UI/icon_70_04.png
  artifactKey: Guid(f03e9806373a2a44daa63fe9457e1f98) Importer(815301076,1909f56bfc062723c751e8b465ee728b)
Start importing Assets/03. Asset/Flat icoon n UI/icon_70_04.png using Guid(f03e9806373a2a44daa63fe9457e1f98) Importer(815301076,1909f56bfc062723c751e8b465ee728b)  -> (artifact id: 'e9252e6400eaec784f8a1a7e99137906') in 0.016565 seconds 
========================================================================
Received Import Request.
  Time since last request: 0.000016 seconds.
  path: Assets/03. Asset/Flat icoon n UI/icon_120_03.png
  artifactKey: Guid(22420c88d72683047b6d80be6b325148) Importer(815301076,1909f56bfc062723c751e8b465ee728b)
Start importing Assets/03. Asset/Flat icoon n UI/icon_120_03.png using Guid(22420c88d72683047b6d80be6b325148) Importer(815301076,1909f56bfc062723c751e8b465ee728b)  -> (artifact id: '11ef50d9d5fdf2b526f522e38280e790') in 0.015812 seconds 
========================================================================
Received Import Request.
  Time since last request: 0.000026 seconds.
  path: Assets/03. Asset/Flat icoon n UI/icon_120_10.png
  artifactKey: Guid(e128940e306449f419053d07d3aad18f) Importer(815301076,1909f56bfc062723c751e8b465ee728b)
Start importing Assets/03. Asset/Flat icoon n UI/icon_120_10.png using Guid(e128940e306449f419053d07d3aad18f) Importer(815301076,1909f56bfc062723c751e8b465ee728b)  -> (artifact id: '7f4380d3494e98f41b018dd199557463') in 0.014782 seconds 
========================================================================
Received Import Request.
  Time since last request: 0.000021 seconds.
  path: Assets/03. Asset/Flat icoon n UI/icon_70_05.png
  artifactKey: Guid(2843a2a9e2959624ab9d6613d4e4d707) Importer(815301076,1909f56bfc062723c751e8b465ee728b)
Start importing Assets/03. Asset/Flat icoon n UI/icon_70_05.png using Guid(2843a2a9e2959624ab9d6613d4e4d707) Importer(815301076,1909f56bfc062723c751e8b465ee728b)  -> (artifact id: '69e2e615bfb9a52210bd1648268ce6bb') in 0.016651 seconds 
========================================================================
Received Import Request.
  Time since last request: 0.000050 seconds.
  path: Assets/03. Asset/Flat icoon n UI/icon_70_03.png
  artifactKey: Guid(b0341d5c19aeed74ba2edc6171cea3d5) Importer(815301076,1909f56bfc062723c751e8b465ee728b)
Start importing Assets/03. Asset/Flat icoon n UI/icon_70_03.png using Guid(b0341d5c19aeed74ba2edc6171cea3d5) Importer(815301076,1909f56bfc062723c751e8b465ee728b)  -> (artifact id: '6f65d6cbe9cb8dc434771823879065a8') in 0.014656 seconds 
========================================================================
Received Import Request.
  Time since last request: 0.000065 seconds.
  path: Assets/03. Asset/Flat icoon n UI/icon_90_1_05.png
  artifactKey: Guid(bde2410848e8cbd4cba1971804ba166f) Importer(815301076,1909f56bfc062723c751e8b465ee728b)
Start importing Assets/03. Asset/Flat icoon n UI/icon_90_1_05.png using Guid(bde2410848e8cbd4cba1971804ba166f) Importer(815301076,1909f56bfc062723c751e8b465ee728b)  -> (artifact id: 'c183e5970b657707ce260e2926f1ed09') in 0.021467 seconds 
========================================================================
Received Import Request.
  Time since last request: 0.000052 seconds.
  path: Assets/03. Asset/Flat icoon n UI/ui_b_02.png
  artifactKey: Guid(48ab1d344ca61a542a20c35d795e3c2f) Importer(815301076,1909f56bfc062723c751e8b465ee728b)
Start importing Assets/03. Asset/Flat icoon n UI/ui_b_02.png using Guid(48ab1d344ca61a542a20c35d795e3c2f) Importer(815301076,1909f56bfc062723c751e8b465ee728b)  -> (artifact id: '410a096dbd17c9f123aeb30515701d72') in 0.024887 seconds 
========================================================================
Received Import Request.
  Time since last request: 0.000038 seconds.
  path: Assets/03. Asset/Flat icoon n UI/star_2_03.png
  artifactKey: Guid(f993aeb06cafce74c8f6f059b63e1355) Importer(815301076,1909f56bfc062723c751e8b465ee728b)
Start importing Assets/03. Asset/Flat icoon n UI/star_2_03.png using Guid(f993aeb06cafce74c8f6f059b63e1355) Importer(815301076,1909f56bfc062723c751e8b465ee728b)  -> (artifact id: 'b04c117d3fc51c4c94a49d1a1bdc8d22') in 0.022758 seconds 
========================================================================
Received Import Request.
  Time since last request: 0.000030 seconds.
  path: Assets/03. Asset/Flat icoon n UI/icon_90_1_03.png
  artifactKey: Guid(14267505a49756e4aada6c0f91f1a00a) Importer(815301076,1909f56bfc062723c751e8b465ee728b)
Start importing Assets/03. Asset/Flat icoon n UI/icon_90_1_03.png using Guid(14267505a49756e4aada6c0f91f1a00a) Importer(815301076,1909f56bfc062723c751e8b465ee728b)  -> (artifact id: '17dc69ce7539e13bdf4e9cc98eb84362') in 0.019085 seconds 
========================================================================
Received Import Request.
  Time since last request: 0.000027 seconds.
  path: Assets/03. Asset/Flat icoon n UI/ui_y_05.png
  artifactKey: Guid(53c7258c5639bc34d93c5fd26a404d97) Importer(815301076,1909f56bfc062723c751e8b465ee728b)
Start importing Assets/03. Asset/Flat icoon n UI/ui_y_05.png using Guid(53c7258c5639bc34d93c5fd26a404d97) Importer(815301076,1909f56bfc062723c751e8b465ee728b)  -> (artifact id: '8f552affaa77bf81052f9799a745c632') in 0.020825 seconds 
========================================================================
Received Import Request.
  Time since last request: 0.000023 seconds.
  path: Assets/03. Asset/Flat icoon n UI/icon_70_07.png
  artifactKey: Guid(e90b72c3b6ceebd4a96815b24d084f54) Importer(815301076,1909f56bfc062723c751e8b465ee728b)
Start importing Assets/03. Asset/Flat icoon n UI/icon_70_07.png using Guid(e90b72c3b6ceebd4a96815b24d084f54) Importer(815301076,1909f56bfc062723c751e8b465ee728b)  -> (artifact id: '19a64e3d3027249a04b626181b144b4c') in 0.020309 seconds 
========================================================================
Received Import Request.
  Time since last request: 0.000024 seconds.
  path: Assets/03. Asset/Flat icoon n UI/icon_120_09.png
  artifactKey: Guid(f16d6e269e9757c45bf025cec61a9fc9) Importer(815301076,1909f56bfc062723c751e8b465ee728b)
Start importing Assets/03. Asset/Flat icoon n UI/icon_120_09.png using Guid(f16d6e269e9757c45bf025cec61a9fc9) Importer(815301076,1909f56bfc062723c751e8b465ee728b)  -> (artifact id: '5ad86e88bd5596da009bb2f26cc08fdf') in 0.023612 seconds 
========================================================================
Received Import Request.
  Time since last request: 0.000027 seconds.
  path: Assets/03. Asset/Flat icoon n UI/icon_70_01.png
  artifactKey: Guid(709d227509515c54da81b89c61abe71f) Importer(815301076,1909f56bfc062723c751e8b465ee728b)
Start importing Assets/03. Asset/Flat icoon n UI/icon_70_01.png using Guid(709d227509515c54da81b89c61abe71f) Importer(815301076,1909f56bfc062723c751e8b465ee728b)  -> (artifact id: 'd6352439938b1b3441d01330e6c82202') in 0.021913 seconds 
========================================================================
Received Import Request.
  Time since last request: 0.000042 seconds.
  path: Assets/03. Asset/Flat icoon n UI/icon_90_1_01.png
  artifactKey: Guid(1d757fdb4f269044680a71897876375e) Importer(815301076,1909f56bfc062723c751e8b465ee728b)
Start importing Assets/03. Asset/Flat icoon n UI/icon_90_1_01.png using Guid(1d757fdb4f269044680a71897876375e) Importer(815301076,1909f56bfc062723c751e8b465ee728b)  -> (artifact id: 'fb466613e93fa46c4a3e3b0339de3a47') in 0.019343 seconds 
========================================================================
Received Import Request.
  Time since last request: 0.000067 seconds.
  path: Assets/03. Asset/Flat icoon n UI/ui_b_05.png
  artifactKey: Guid(33fc88e08db6cdf488b404a99f4269a9) Importer(815301076,1909f56bfc062723c751e8b465ee728b)
Start importing Assets/03. Asset/Flat icoon n UI/ui_b_05.png using Guid(33fc88e08db6cdf488b404a99f4269a9) Importer(815301076,1909f56bfc062723c751e8b465ee728b)  -> (artifact id: '841cc21fa8fa6f2c507e0917a01c2a40') in 0.018390 seconds 
========================================================================
Received Import Request.
  Time since last request: 0.000019 seconds.
  path: Assets/03. Asset/Flat icoon n UI/icon_70_06.png
  artifactKey: Guid(783be3395fd9dad429d3abeccdbfe8f5) Importer(815301076,1909f56bfc062723c751e8b465ee728b)
Start importing Assets/03. Asset/Flat icoon n UI/icon_70_06.png using Guid(783be3395fd9dad429d3abeccdbfe8f5) Importer(815301076,1909f56bfc062723c751e8b465ee728b)  -> (artifact id: '78efb930d448ec1c18d87bb6d37475f7') in 0.016424 seconds 
========================================================================
Received Import Request.
  Time since last request: 0.000028 seconds.
  path: Assets/03. Asset/Flat icoon n UI/link.png
  artifactKey: Guid(8e2ad1ee22ede7240a6c32c3d62cb8f1) Importer(815301076,1909f56bfc062723c751e8b465ee728b)
Start importing Assets/03. Asset/Flat icoon n UI/link.png using Guid(8e2ad1ee22ede7240a6c32c3d62cb8f1) Importer(815301076,1909f56bfc062723c751e8b465ee728b)  -> (artifact id: '98b1a140d067d54d45bf2d8c6e7a6682') in 0.019332 seconds 
========================================================================
Received Import Request.
  Time since last request: 0.000017 seconds.
  path: Assets/03. Asset/Flat icoon n UI/ui_y_02.png
  artifactKey: Guid(53a9b1e9bcbe4ae4da7b450bfc6f8af1) Importer(815301076,1909f56bfc062723c751e8b465ee728b)
Start importing Assets/03. Asset/Flat icoon n UI/ui_y_02.png using Guid(53a9b1e9bcbe4ae4da7b450bfc6f8af1) Importer(815301076,1909f56bfc062723c751e8b465ee728b)  -> (artifact id: '8a60dad61ffd4a5ab90401663f913499') in 0.019069 seconds 
========================================================================
Received Import Request.
  Time since last request: 0.000047 seconds.
  path: Assets/03. Asset/Flat icoon n UI/icon_120_04.png
  artifactKey: Guid(b70f8ccedd16c2647a30ed2f723a2d84) Importer(815301076,1909f56bfc062723c751e8b465ee728b)
Start importing Assets/03. Asset/Flat icoon n UI/icon_120_04.png using Guid(b70f8ccedd16c2647a30ed2f723a2d84) Importer(815301076,1909f56bfc062723c751e8b465ee728b)  -> (artifact id: 'f3aff9dbabbe3887639be3191eff9212') in 0.020834 seconds 
========================================================================
Received Import Request.
  Time since last request: 0.000022 seconds.
  path: Assets/03. Asset/Flat icoon n UI/ui_y_03.png
  artifactKey: Guid(c6196194a7ba5ce46b2c0049114defd2) Importer(815301076,1909f56bfc062723c751e8b465ee728b)
Start importing Assets/03. Asset/Flat icoon n UI/ui_y_03.png using Guid(c6196194a7ba5ce46b2c0049114defd2) Importer(815301076,1909f56bfc062723c751e8b465ee728b)  -> (artifact id: 'c5aa5cd857b35f91eb358a10a2908fc0') in 0.018334 seconds 
========================================================================
Received Import Request.
  Time since last request: 0.000023 seconds.
  path: Assets/03. Asset/Flat icoon n UI/icon_120_12.png
  artifactKey: Guid(a2db8e08354c86f42a502697cdc6c834) Importer(815301076,1909f56bfc062723c751e8b465ee728b)
Start importing Assets/03. Asset/Flat icoon n UI/icon_120_12.png using Guid(a2db8e08354c86f42a502697cdc6c834) Importer(815301076,1909f56bfc062723c751e8b465ee728b)  -> (artifact id: '48a86e3e040a278257eddb756e9df71d') in 0.018807 seconds 
========================================================================
Received Import Request.
  Time since last request: 0.000017 seconds.
  path: Assets/03. Asset/Flat icoon n UI/icon_70_08.png
  artifactKey: Guid(b1cb063dc166ec8428d4ebe7bb737b31) Importer(815301076,1909f56bfc062723c751e8b465ee728b)
Start importing Assets/03. Asset/Flat icoon n UI/icon_70_08.png using Guid(b1cb063dc166ec8428d4ebe7bb737b31) Importer(815301076,1909f56bfc062723c751e8b465ee728b)  -> (artifact id: 'a0afa06dbb6f5c63f2ff0e0aaffe59db') in 0.019148 seconds 
========================================================================
Received Import Request.
  Time since last request: 0.000019 seconds.
  path: Assets/03. Asset/Flat icoon n UI/ui_b_04.png
  artifactKey: Guid(5fd28df9afe248845b1425917bf17984) Importer(815301076,1909f56bfc062723c751e8b465ee728b)
Start importing Assets/03. Asset/Flat icoon n UI/ui_b_04.png using Guid(5fd28df9afe248845b1425917bf17984) Importer(815301076,1909f56bfc062723c751e8b465ee728b)  -> (artifact id: 'f6d72b1d4a36c43d30dc810e4f219807') in 0.022263 seconds 
========================================================================
Received Import Request.
  Time since last request: 0.000035 seconds.
  path: Assets/03. Asset/Flat icoon n UI/ui_g_02.png
  artifactKey: Guid(44f91ce376eb95f479e757912fa01194) Importer(815301076,1909f56bfc062723c751e8b465ee728b)
Start importing Assets/03. Asset/Flat icoon n UI/ui_g_02.png using Guid(44f91ce376eb95f479e757912fa01194) Importer(815301076,1909f56bfc062723c751e8b465ee728b)  -> (artifact id: '19c2da9397269d3c5c8fa4fe8dfc8a13') in 0.017047 seconds 
========================================================================
Received Import Request.
  Time since last request: 0.000023 seconds.
  path: Assets/03. Asset/Flat icoon n UI/icon_120_11.png
  artifactKey: Guid(4a42790af7ef0ee469b522e2b37beb6c) Importer(815301076,1909f56bfc062723c751e8b465ee728b)
Start importing Assets/03. Asset/Flat icoon n UI/icon_120_11.png using Guid(4a42790af7ef0ee469b522e2b37beb6c) Importer(815301076,1909f56bfc062723c751e8b465ee728b)  -> (artifact id: '913c3b468a09fd61dea8c7c011bebd10') in 0.033970 seconds 
========================================================================
Received Import Request.
  Time since last request: 0.000028 seconds.
  path: Assets/03. Asset/Flat icoon n UI/game_start.png
  artifactKey: Guid(f0a062c575b778b41a45d1119384eda6) Importer(815301076,1909f56bfc062723c751e8b465ee728b)
Start importing Assets/03. Asset/Flat icoon n UI/game_start.png using Guid(f0a062c575b778b41a45d1119384eda6) Importer(815301076,1909f56bfc062723c751e8b465ee728b)  -> (artifact id: '1b6e43d63a6348d7212ddb40935eb8fc') in 0.021824 seconds 
========================================================================
Received Import Request.
  Time since last request: 0.000017 seconds.
  path: Assets/03. Asset/Flat icoon n UI/ui_c_01.png
  artifactKey: Guid(7e708dbfcda0bca4197e2135b6671a3a) Importer(815301076,1909f56bfc062723c751e8b465ee728b)
Start importing Assets/03. Asset/Flat icoon n UI/ui_c_01.png using Guid(7e708dbfcda0bca4197e2135b6671a3a) Importer(815301076,1909f56bfc062723c751e8b465ee728b)  -> (artifact id: 'c0865d68dab9437e24a82b61675f6051') in 0.019766 seconds 
========================================================================
Received Import Request.
  Time since last request: 0.000031 seconds.
  path: Assets/03. Asset/Flat icoon n UI/icon_90_1_06.png
  artifactKey: Guid(fd6b8cdd6601b6341817b4abb0aa7f57) Importer(815301076,1909f56bfc062723c751e8b465ee728b)
Start importing Assets/03. Asset/Flat icoon n UI/icon_90_1_06.png using Guid(fd6b8cdd6601b6341817b4abb0aa7f57) Importer(815301076,1909f56bfc062723c751e8b465ee728b)  -> (artifact id: '021022096e82ba074b54f2e929f0bd25') in 0.018917 seconds 
========================================================================
Received Prepare
Registering precompiled user dll's ...
Registered in 0.006884 seconds.
Begin MonoManager ReloadAssembly
Symbol file LoadedFromMemory doesn't match image E:\FinalProject\FinalProject\FinalProject\Library\PackageCache\com.unity.visualscripting@1.8.0\Editor\VisualScripting.Core\Dependencies\YamlDotNet\Unity.VisualScripting.YamlDotNet.dll
Symbol file LoadedFromMemory doesn't match image E:\FinalProject\FinalProject\FinalProject\Library\PackageCache\com.unity.visualscripting@1.8.0\Editor\VisualScripting.Core\Dependencies\DotNetZip\Unity.VisualScripting.IonicZip.dll
Native extension for WindowsStandalone target not found
Refreshing native plugins compatible for Editor in 0.87 ms, found 3 plugins.
Preloading 0 native plugins for Editor in 0.00 ms.
System.Exception: Error! Visual Scripting: couldn't find visual scripting package
  at Unity.VisualScripting.PackageVersionUtility.get_version () [0x00043] in E:\FinalProject\FinalProject\FinalProject\Library\PackageCache\com.unity.visualscripting@1.8.0\Editor\VisualScripting.Core\Utilities\PackageVersionUtility.cs:31 
  at Unity.VisualScripting.BoltCoreManifest.get_version () [0x00000] in E:\FinalProject\FinalProject\FinalProject\Library\PackageCache\com.unity.visualscripting@1.8.0\Editor\VisualScripting.Core\Plugin\BoltCoreManifest.cs:11 
  at Unity.VisualScripting.PluginManifest.get_currentVersion () [0x00000] in E:\FinalProject\FinalProject\FinalProject\Library\PackageCache\com.unity.visualscripting@1.8.0\Editor\VisualScripting.Core\Plugins\PluginManifest.cs:33 
  at Unity.VisualScripting.PluginManifest.get_versionMismatch () [0x00000] in E:\FinalProject\FinalProject\FinalProject\Library\PackageCache\com.unity.visualscripting@1.8.0\Editor\VisualScripting.Core\Plugins\PluginManifest.cs:48 
  at Unity.VisualScripting.PluginContainer.Initialize () [0x00525] in E:\FinalProject\FinalProject\FinalProject\Library\PackageCache\com.unity.visualscripting@1.8.0\Editor\VisualScripting.Core\Plugins\PluginContainer.cs:208 
  at Unity.VisualScripting.PluginContainer.InitializeOnLoad () [0x00009] in E:\FinalProject\FinalProject\FinalProject\Library\PackageCache\com.unity.visualscripting@1.8.0\Editor\VisualScripting.Core\Plugins\PluginContainer.cs:32 
  at Unity.VisualScripting.VSUsageUtility.DoInitializeOnLoadCalls () [0x00034] in E:\FinalProject\FinalProject\FinalProject\Library\PackageCache\com.unity.visualscripting@1.8.0\Editor\VisualScripting.Core\Utilities\VSUsageUtility.cs:76 
  at Unity.VisualScripting.VSUsageUtility.set_isVisualScriptingUsed (System.Boolean value) [0x0002c] in E:\FinalProject\FinalProject\FinalProject\Library\PackageCache\com.unity.visualscripting@1.8.0\Editor\VisualScripting.Core\Utilities\VSUsageUtility.cs:114 
  at Unity.VisualScripting.VSUsageUtility.CheckAndSetIsVisualScriptingUsed () [0x0000d] in E:\FinalProject\FinalProject\FinalProject\Library\PackageCache\com.unity.visualscripting@1.8.0\Editor\VisualScripting.Core\Utilities\VSUsageUtility.cs:33 
  at Unity.VisualScripting.VSUsageUtility..cctor () [0x00000] in E:\FinalProject\FinalProject\FinalProject\Library\PackageCache\com.unity.visualscripting@1.8.0\Editor\VisualScripting.Core\Utilities\VSUsageUtility.cs:22 
UnityEngine.StackTraceUtility:ExtractStackTrace ()
UnityEngine.DebugLogHandler:LogFormat (UnityEngine.LogType,UnityEngine.Object,string,object[])
UnityEngine.Logger:Log (UnityEngine.LogType,object)
UnityEngine.Debug:LogError (object)
UnityEditor.EditorAssemblies:ProcessInitializeOnLoadAttributes (System.Type[])

Mono: successfully reloaded assembly
- Completed reload, in  1.821 seconds
Domain Reload Profiling:
	ReloadAssembly (1821ms)
		BeginReloadAssembly (224ms)
			ExecutionOrderSort (0ms)
			DisableScriptedObjects (5ms)
			BackupInstance (0ms)
			ReleaseScriptingObjects (0ms)
			CreateAndSetChildDomain (54ms)
		EndReloadAssembly (1472ms)
			LoadAssemblies (165ms)
			RebuildTransferFunctionScriptingTraits (0ms)
			SetupTypeCache (359ms)
			ReleaseScriptCaches (1ms)
			RebuildScriptCaches (53ms)
			SetupLoadedEditorAssemblies (644ms)
				LogAssemblyErrors (0ms)
				InitializePlatformSupportModulesInManaged (4ms)
				SetLoadedEditorAssemblies (0ms)
				RefreshPlugins (1ms)
				BeforeProcessingInitializeOnLoad (68ms)
				ProcessInitializeOnLoadAttributes (541ms)
				ProcessInitializeOnLoadMethodAttributes (24ms)
				AfterProcessingInitializeOnLoad (5ms)
				EditorAssembliesLoaded (0ms)
			ExecutionOrderSort2 (0ms)
			AwakeInstancesAfterBackupRestoration (24ms)
Platform modules already initialized, skipping
Refreshing native plugins compatible for Editor in 3.28 ms, found 3 plugins.
Preloading 0 native plugins for Editor in 0.00 ms.
Unloading 3100 Unused Serialized files (Serialized files now loaded: 0)
Unloading 16 unused Assets / (25.5 KB). Loaded Objects now: 3661.
Memory consumption went from 114.8 MB to 114.8 MB.
Total: 11.747300 ms (FindLiveObjects: 0.278200 ms CreateObjectMapping: 0.221400 ms MarkObjects: 11.219300 ms  DeleteObjects: 0.027200 ms)

AssetImportParameters requested are different than current active one (requested -> active):
  custom:video-decoder-ogg-theora: a1e56fd34408186e4bbccfd4996cb3dc -> 
  custom:container-muxer-webm: aa71ff27fc2769a1b78a27578f13a17b -> 
  custom:container-demuxer-webm: 4f35f7cbe854078d1ac9338744f61a02 -> 
  custom:video-encoder-webm-vp8: eb34c28f22e8b96e1ab97ce403110664 -> 
  custom:audio-encoder-webm-vorbis: bf7c407c2cedff20999df2af8eb42d56 -> 
  custom:framework-win-MediaFoundation: 216162199b28c13a410421893ffa2e32 -> 
  custom:container-demuxer-ogg: 62fdf1f143b41e24485cea50d1cbac27 -> 
  custom:video-decoder-webm-vp8: 9c59270c3fd7afecdb556c50c9e8de78 -> 
  custom:audio-decoder-ogg-vorbis: bf7c407c2cedff20999df2af8eb42d56 -> 
Editor requested this worker to shutdown with reason: Scaling down because of idle timeout
AssetImportWorker is now disconnected from the server
Process exiting
Exiting without the bug reporter. Application will terminate with return code 0