Using pre-set license
Built from '2021.3/staging' branch; Version is '2021.3.24f1 (cf10dcf7010d) revision 13570268'; Using compiler version '192829333'; Build Type 'Release'
OS: 'Windows 10  (10.0.19045) 64bit Core' Language: 'ko' Physical Memory: 16318 MB
BatchMode: 1, IsHumanControllingUs: 0, StartBugReporterOnCrash: 0, Is64bit: 1, IsPro: 1

COMMAND LINE ARGUMENTS:
E:\Editor\2021.3.24f1\Editor\Unity.exe
-adb2
-batchMode
-noUpm
-name
AssetImportWorker4
-projectPath
E:/FinalProject/FinalProject/FinalProject
-logFile
Logs/AssetImportWorker4.log
-srvPort
9091
Successfully changed project path to: E:/FinalProject/FinalProject/FinalProject
E:/FinalProject/FinalProject/FinalProject
[UnityMemory] Configuration Parameters - Can be set up in boot.config
    "memorysetup-bucket-allocator-granularity=16"
    "memorysetup-bucket-allocator-bucket-count=8"
    "memorysetup-bucket-allocator-block-size=33554432"
    "memorysetup-bucket-allocator-block-count=8"
    "memorysetup-main-allocator-block-size=16777216"
    "memorysetup-thread-allocator-block-size=16777216"
    "memorysetup-gfx-main-allocator-block-size=16777216"
    "memorysetup-gfx-thread-allocator-block-size=16777216"
    "memorysetup-cache-allocator-block-size=4194304"
    "memorysetup-typetree-allocator-block-size=2097152"
    "memorysetup-profiler-bucket-allocator-granularity=16"
    "memorysetup-profiler-bucket-allocator-bucket-count=8"
    "memorysetup-profiler-bucket-allocator-block-size=33554432"
    "memorysetup-profiler-bucket-allocator-block-count=8"
    "memorysetup-profiler-allocator-block-size=16777216"
    "memorysetup-profiler-editor-allocator-block-size=1048576"
    "memorysetup-temp-allocator-size-main=16777216"
    "memorysetup-job-temp-allocator-block-size=2097152"
    "memorysetup-job-temp-allocator-block-size-background=1048576"
    "memorysetup-job-temp-allocator-reduction-small-platforms=262144"
    "memorysetup-temp-allocator-size-background-worker=32768"
    "memorysetup-temp-allocator-size-job-worker=262144"
    "memorysetup-temp-allocator-size-preload-manager=33554432"
    "memorysetup-temp-allocator-size-nav-mesh-worker=65536"
    "memorysetup-temp-allocator-size-audio-worker=65536"
    "memorysetup-temp-allocator-size-cloud-worker=32768"
    "memorysetup-temp-allocator-size-gi-baking-worker=262144"
    "memorysetup-temp-allocator-size-gfx=262144"
Player connection [628] Host "[IP] 192.168.0.2 [Port] 0 [Flags] 2 [Guid] 3975056542 [EditorId] 3975056542 [Version] 1048832 [Id] WindowsEditor(7,DESKTOP-HE9ITCQ) [Debug] 1 [PackageName] WindowsEditor [ProjectName] Editor" joined multi-casting on [225.0.0.222:54997]...

Player connection [628] Host "[IP] 192.168.0.2 [Port] 0 [Flags] 2 [Guid] 3975056542 [EditorId] 3975056542 [Version] 1048832 [Id] WindowsEditor(7,DESKTOP-HE9ITCQ) [Debug] 1 [PackageName] WindowsEditor [ProjectName] Editor" joined alternative multi-casting on [225.0.0.222:34997]...

Refreshing native plugins compatible for Editor in 79.61 ms, found 3 plugins.
Preloading 0 native plugins for Editor in 0.00 ms.
Initialize engine version: 2021.3.24f1 (cf10dcf7010d)
[Subsystems] Discovering subsystems at path E:/Editor/2021.3.24f1/Editor/Data/Resources/UnitySubsystems
[Subsystems] Discovering subsystems at path E:/FinalProject/FinalProject/FinalProject/Assets
GfxDevice: creating device client; threaded=0; jobified=0
Direct3D:
    Version:  Direct3D 11.0 [level 11.1]
    Renderer: NVIDIA GeForce GTX 1080 (ID=0x1b80)
    Vendor:   NVIDIA
    VRAM:     8079 MB
    Driver:   31.0.15.1748
Initialize mono
Mono path[0] = 'E:/Editor/2021.3.24f1/Editor/Data/Managed'
Mono path[1] = 'E:/Editor/2021.3.24f1/Editor/Data/MonoBleedingEdge/lib/mono/unityjit-win32'
Mono config path = 'E:/Editor/2021.3.24f1/Editor/Data/MonoBleedingEdge/etc'
Using monoOptions --debugger-agent=transport=dt_socket,embedding=1,server=y,suspend=n,address=127.0.0.1:56912
Begin MonoManager ReloadAssembly
Registering precompiled unity dll's ...
Register platform support module: E:/Editor/2021.3.24f1/Editor/Data/PlaybackEngines/WindowsStandaloneSupport/UnityEditor.WindowsStandalone.Extensions.dll
Registered in 0.005199 seconds.
Native extension for WindowsStandalone target not found
Refreshing native plugins compatible for Editor in 72.41 ms, found 3 plugins.
Preloading 0 native plugins for Editor in 0.00 ms.
Mono: successfully reloaded assembly
- Completed reload, in  0.711 seconds
Domain Reload Profiling:
	ReloadAssembly (712ms)
		BeginReloadAssembly (114ms)
			ExecutionOrderSort (0ms)
			DisableScriptedObjects (0ms)
			BackupInstance (0ms)
			ReleaseScriptingObjects (0ms)
			CreateAndSetChildDomain (1ms)
		EndReloadAssembly (488ms)
			LoadAssemblies (113ms)
			RebuildTransferFunctionScriptingTraits (0ms)
			SetupTypeCache (138ms)
			ReleaseScriptCaches (0ms)
			RebuildScriptCaches (29ms)
			SetupLoadedEditorAssemblies (269ms)
				LogAssemblyErrors (0ms)
				InitializePlatformSupportModulesInManaged (6ms)
				SetLoadedEditorAssemblies (0ms)
				RefreshPlugins (73ms)
				BeforeProcessingInitializeOnLoad (2ms)
				ProcessInitializeOnLoadAttributes (128ms)
				ProcessInitializeOnLoadMethodAttributes (60ms)
				AfterProcessingInitializeOnLoad (0ms)
				EditorAssembliesLoaded (0ms)
			ExecutionOrderSort2 (0ms)
			AwakeInstancesAfterBackupRestoration (0ms)
Platform modules already initialized, skipping
Registering precompiled user dll's ...
Registered in 0.005886 seconds.
Begin MonoManager ReloadAssembly
Symbol file LoadedFromMemory doesn't match image E:\FinalProject\FinalProject\FinalProject\Library\PackageCache\com.unity.visualscripting@1.8.0\Editor\VisualScripting.Core\Dependencies\YamlDotNet\Unity.VisualScripting.YamlDotNet.dll
Symbol file LoadedFromMemory doesn't match image E:\FinalProject\FinalProject\FinalProject\Library\PackageCache\com.unity.visualscripting@1.8.0\Editor\VisualScripting.Core\Dependencies\DotNetZip\Unity.VisualScripting.IonicZip.dll
Native extension for WindowsStandalone target not found
Refreshing native plugins compatible for Editor in 0.52 ms, found 3 plugins.
Preloading 0 native plugins for Editor in 0.00 ms.
System.Exception: Error! Visual Scripting: couldn't find visual scripting package
  at Unity.VisualScripting.PackageVersionUtility.get_version () [0x00043] in E:\FinalProject\FinalProject\FinalProject\Library\PackageCache\com.unity.visualscripting@1.8.0\Editor\VisualScripting.Core\Utilities\PackageVersionUtility.cs:31 
  at Unity.VisualScripting.BoltCoreManifest.get_version () [0x00000] in E:\FinalProject\FinalProject\FinalProject\Library\PackageCache\com.unity.visualscripting@1.8.0\Editor\VisualScripting.Core\Plugin\BoltCoreManifest.cs:11 
  at Unity.VisualScripting.PluginManifest.get_currentVersion () [0x00000] in E:\FinalProject\FinalProject\FinalProject\Library\PackageCache\com.unity.visualscripting@1.8.0\Editor\VisualScripting.Core\Plugins\PluginManifest.cs:33 
  at Unity.VisualScripting.PluginManifest.get_versionMismatch () [0x00000] in E:\FinalProject\FinalProject\FinalProject\Library\PackageCache\com.unity.visualscripting@1.8.0\Editor\VisualScripting.Core\Plugins\PluginManifest.cs:48 
  at Unity.VisualScripting.PluginContainer.Initialize () [0x00525] in E:\FinalProject\FinalProject\FinalProject\Library\PackageCache\com.unity.visualscripting@1.8.0\Editor\VisualScripting.Core\Plugins\PluginContainer.cs:208 
  at Unity.VisualScripting.PluginContainer.InitializeOnLoad () [0x00009] in E:\FinalProject\FinalProject\FinalProject\Library\PackageCache\com.unity.visualscripting@1.8.0\Editor\VisualScripting.Core\Plugins\PluginContainer.cs:32 
  at Unity.VisualScripting.VSUsageUtility.DoInitializeOnLoadCalls () [0x00034] in E:\FinalProject\FinalProject\FinalProject\Library\PackageCache\com.unity.visualscripting@1.8.0\Editor\VisualScripting.Core\Utilities\VSUsageUtility.cs:76 
  at Unity.VisualScripting.VSUsageUtility.set_isVisualScriptingUsed (System.Boolean value) [0x0002c] in E:\FinalProject\FinalProject\FinalProject\Library\PackageCache\com.unity.visualscripting@1.8.0\Editor\VisualScripting.Core\Utilities\VSUsageUtility.cs:114 
  at Unity.VisualScripting.VSUsageUtility.CheckAndSetIsVisualScriptingUsed () [0x00032] in E:\FinalProject\FinalProject\FinalProject\Library\PackageCache\com.unity.visualscripting@1.8.0\Editor\VisualScripting.Core\Utilities\VSUsageUtility.cs:48 
  at Unity.VisualScripting.VSUsageUtility..cctor () [0x00000] in E:\FinalProject\FinalProject\FinalProject\Library\PackageCache\com.unity.visualscripting@1.8.0\Editor\VisualScripting.Core\Utilities\VSUsageUtility.cs:22 
UnityEngine.StackTraceUtility:ExtractStackTrace ()
UnityEngine.DebugLogHandler:LogFormat (UnityEngine.LogType,UnityEngine.Object,string,object[])
UnityEngine.Logger:Log (UnityEngine.LogType,object)
UnityEngine.Debug:LogError (object)
UnityEditor.EditorAssemblies:ProcessInitializeOnLoadAttributes (System.Type[])

Mono: successfully reloaded assembly
- Completed reload, in  1.471 seconds
Domain Reload Profiling:
	ReloadAssembly (1472ms)
		BeginReloadAssembly (136ms)
			ExecutionOrderSort (0ms)
			DisableScriptedObjects (6ms)
			BackupInstance (0ms)
			ReleaseScriptingObjects (0ms)
			CreateAndSetChildDomain (18ms)
		EndReloadAssembly (1233ms)
			LoadAssemblies (109ms)
			RebuildTransferFunctionScriptingTraits (0ms)
			SetupTypeCache (283ms)
			ReleaseScriptCaches (1ms)
			RebuildScriptCaches (60ms)
			SetupLoadedEditorAssemblies (718ms)
				LogAssemblyErrors (0ms)
				InitializePlatformSupportModulesInManaged (4ms)
				SetLoadedEditorAssemblies (0ms)
				RefreshPlugins (1ms)
				BeforeProcessingInitializeOnLoad (71ms)
				ProcessInitializeOnLoadAttributes (616ms)
				ProcessInitializeOnLoadMethodAttributes (20ms)
				AfterProcessingInitializeOnLoad (5ms)
				EditorAssembliesLoaded (0ms)
			ExecutionOrderSort2 (0ms)
			AwakeInstancesAfterBackupRestoration (18ms)
Platform modules already initialized, skipping
========================================================================
Worker process is ready to serve import requests
Launched and connected shader compiler UnityShaderCompiler.exe after 0.09 seconds
Refreshing native plugins compatible for Editor in 0.58 ms, found 3 plugins.
Preloading 0 native plugins for Editor in 0.00 ms.
Unloading 3083 Unused Serialized files (Serialized files now loaded: 0)
Unloading 22 unused Assets / (56.5 KB). Loaded Objects now: 3548.
Memory consumption went from 110.7 MB to 110.6 MB.
Total: 9.920900 ms (FindLiveObjects: 0.235200 ms CreateObjectMapping: 0.173600 ms MarkObjects: 9.439300 ms  DeleteObjects: 0.071800 ms)

AssetImportParameters requested are different than current active one (requested -> active):
  custom:video-decoder-ogg-theora: a1e56fd34408186e4bbccfd4996cb3dc -> 
  custom:container-muxer-webm: aa71ff27fc2769a1b78a27578f13a17b -> 
  custom:container-demuxer-webm: 4f35f7cbe854078d1ac9338744f61a02 -> 
  custom:video-encoder-webm-vp8: eb34c28f22e8b96e1ab97ce403110664 -> 
  custom:audio-encoder-webm-vorbis: bf7c407c2cedff20999df2af8eb42d56 -> 
  custom:framework-win-MediaFoundation: 216162199b28c13a410421893ffa2e32 -> 
  custom:container-demuxer-ogg: 62fdf1f143b41e24485cea50d1cbac27 -> 
  custom:video-decoder-webm-vp8: 9c59270c3fd7afecdb556c50c9e8de78 -> 
  custom:audio-decoder-ogg-vorbis: bf7c407c2cedff20999df2af8eb42d56 -> 
========================================================================
Received Import Request.
  Time since last request: 19942.588559 seconds.
  path: Assets/Fantasy Skybox FREE/Cubemaps/FS002/Images
  artifactKey: Guid(5b2d5485e96a77647ba075f272f9dbe0) Importer(815301076,1909f56bfc062723c751e8b465ee728b)
Start importing Assets/Fantasy Skybox FREE/Cubemaps/FS002/Images using Guid(5b2d5485e96a77647ba075f272f9dbe0) Importer(815301076,1909f56bfc062723c751e8b465ee728b)  -> (artifact id: '09181edccdc2a96ce6e316acb23aaeba') in 0.011328 seconds 
========================================================================
Received Import Request.
  Time since last request: 0.055968 seconds.
  path: Assets/Fantasy Skybox FREE/Cubemaps/FS002/Images/FS002_Day_Cubemap.cubemap
  artifactKey: Guid(ebaa0716f467b2e46ad598de33148cd1) Importer(815301076,1909f56bfc062723c751e8b465ee728b)
Start importing Assets/Fantasy Skybox FREE/Cubemaps/FS002/Images/FS002_Day_Cubemap.cubemap using Guid(ebaa0716f467b2e46ad598de33148cd1) Importer(815301076,1909f56bfc062723c751e8b465ee728b)  -> (artifact id: '18037a6d1ef81c6a16533ca0c8e3db19') in 0.537639 seconds 
========================================================================
Received Import Request.
  Time since last request: 0.000060 seconds.
  path: Assets/Fantasy Skybox FREE/Cubemaps/FS002/Images/FS002_Day_Cubemap_right.png
  artifactKey: Guid(80c88082f8ee85e43906e07025f0b0ca) Importer(815301076,1909f56bfc062723c751e8b465ee728b)
Start importing Assets/Fantasy Skybox FREE/Cubemaps/FS002/Images/FS002_Day_Cubemap_right.png using Guid(80c88082f8ee85e43906e07025f0b0ca) Importer(815301076,1909f56bfc062723c751e8b465ee728b)  -> (artifact id: '275cf4d41af9bfbeb03e511049d29ee8') in 0.047155 seconds 
========================================================================
Received Import Request.
  Time since last request: 0.000048 seconds.
  path: Assets/Fantasy Skybox FREE/Cubemaps/FS002/Images/FS002_Rainy_Cubemap_up.png
  artifactKey: Guid(d2256633dec885f48a58aff279ec6fdc) Importer(815301076,1909f56bfc062723c751e8b465ee728b)
Start importing Assets/Fantasy Skybox FREE/Cubemaps/FS002/Images/FS002_Rainy_Cubemap_up.png using Guid(d2256633dec885f48a58aff279ec6fdc) Importer(815301076,1909f56bfc062723c751e8b465ee728b)  -> (artifact id: '29e924c063b6772a2ad4f52515d0e8dc') in 0.015961 seconds 
========================================================================
Received Import Request.
  Time since last request: 0.000022 seconds.
  path: Assets/Fantasy Skybox FREE/Cubemaps/FS002/Images/FS002_Night_Cubemap_front.png
  artifactKey: Guid(b7e7a8d676da05c47a63ff0e9dccd511) Importer(815301076,1909f56bfc062723c751e8b465ee728b)
Start importing Assets/Fantasy Skybox FREE/Cubemaps/FS002/Images/FS002_Night_Cubemap_front.png using Guid(b7e7a8d676da05c47a63ff0e9dccd511) Importer(815301076,1909f56bfc062723c751e8b465ee728b)  -> (artifact id: '23c17a30fd4b4054922f12c97f960faa') in 0.016859 seconds 
========================================================================
Received Import Request.
  Time since last request: 0.000041 seconds.
  path: Assets/Fantasy Skybox FREE/Cubemaps/FS002/Images/FS002_Sunrise_Cubemap.cubemap
  artifactKey: Guid(a068c526daeca0c4ea9bdbec9a251bd6) Importer(815301076,1909f56bfc062723c751e8b465ee728b)
Start importing Assets/Fantasy Skybox FREE/Cubemaps/FS002/Images/FS002_Sunrise_Cubemap.cubemap using Guid(a068c526daeca0c4ea9bdbec9a251bd6) Importer(815301076,1909f56bfc062723c751e8b465ee728b)  -> (artifact id: 'e9db37921b296f1ac394eb106da654ae') in 0.312318 seconds 
========================================================================
Received Import Request.
  Time since last request: 0.000031 seconds.
  path: Assets/Fantasy Skybox FREE/Cubemaps/FS002/Images/FS002_Sunset_Cubemap_left.png
  artifactKey: Guid(5d277067822490e4fa51534ec7091853) Importer(815301076,1909f56bfc062723c751e8b465ee728b)
Start importing Assets/Fantasy Skybox FREE/Cubemaps/FS002/Images/FS002_Sunset_Cubemap_left.png using Guid(5d277067822490e4fa51534ec7091853) Importer(815301076,1909f56bfc062723c751e8b465ee728b)  -> (artifact id: 'ca6e15ab5a33927ba5ac587c8917c8d4') in 0.013243 seconds 
========================================================================
Received Import Request.
  Time since last request: 0.000045 seconds.
  path: Assets/Fantasy Skybox FREE/Cubemaps/FS002/Images/FS002_Snowy_Cubemap_up.png
  artifactKey: Guid(d8939e90d83381342b380f950e2728fa) Importer(815301076,1909f56bfc062723c751e8b465ee728b)
Start importing Assets/Fantasy Skybox FREE/Cubemaps/FS002/Images/FS002_Snowy_Cubemap_up.png using Guid(d8939e90d83381342b380f950e2728fa) Importer(815301076,1909f56bfc062723c751e8b465ee728b)  -> (artifact id: '923257b9e559a5c6051268daf527639e') in 0.013362 seconds 
========================================================================
Received Import Request.
  Time since last request: 0.000033 seconds.
  path: Assets/Fantasy Skybox FREE/Cubemaps/FS002/Images/FS002_Sunrise_Cubemap_up.png
  artifactKey: Guid(4ac4900bf972e5143b74b72ef3ae47ac) Importer(815301076,1909f56bfc062723c751e8b465ee728b)
Start importing Assets/Fantasy Skybox FREE/Cubemaps/FS002/Images/FS002_Sunrise_Cubemap_up.png using Guid(4ac4900bf972e5143b74b72ef3ae47ac) Importer(815301076,1909f56bfc062723c751e8b465ee728b)  -> (artifact id: '63be9c384d0eca8a4c2573f52dc0e9b9') in 0.011881 seconds 
========================================================================
Received Import Request.
  Time since last request: 0.591415 seconds.
  path: Assets/Fantasy Skybox FREE/Cubemaps/FS003/FS003_Day_Cubemap.mat
  artifactKey: Guid(4c12da8dc5dced74e838120da11725a0) Importer(815301076,1909f56bfc062723c751e8b465ee728b)
Start importing Assets/Fantasy Skybox FREE/Cubemaps/FS003/FS003_Day_Cubemap.mat using Guid(4c12da8dc5dced74e838120da11725a0) Importer(815301076,1909f56bfc062723c751e8b465ee728b)  -> (artifact id: '9bd1376b3de0c3b945637fba30e6b58b') in 0.070235 seconds 
========================================================================
Received Import Request.
  Time since last request: 0.000017 seconds.
  path: Assets/Fantasy Skybox FREE/Cubemaps/FS003/FS003_Rainy_Cubemap.mat
  artifactKey: Guid(85bdd529a7fbcc344b810462de0c2b46) Importer(815301076,1909f56bfc062723c751e8b465ee728b)
Start importing Assets/Fantasy Skybox FREE/Cubemaps/FS003/FS003_Rainy_Cubemap.mat using Guid(85bdd529a7fbcc344b810462de0c2b46) Importer(815301076,1909f56bfc062723c751e8b465ee728b)  -> (artifact id: '3e805ff0ffe48b1d6016b49b255c5b08') in 0.018511 seconds 
========================================================================
Received Prepare
Registering precompiled user dll's ...
Registered in 0.007858 seconds.
Begin MonoManager ReloadAssembly
Symbol file LoadedFromMemory doesn't match image E:\FinalProject\FinalProject\FinalProject\Library\PackageCache\com.unity.visualscripting@1.8.0\Editor\VisualScripting.Core\Dependencies\YamlDotNet\Unity.VisualScripting.YamlDotNet.dll
Symbol file LoadedFromMemory doesn't match image E:\FinalProject\FinalProject\FinalProject\Library\PackageCache\com.unity.visualscripting@1.8.0\Editor\VisualScripting.Core\Dependencies\DotNetZip\Unity.VisualScripting.IonicZip.dll
Native extension for WindowsStandalone target not found
Refreshing native plugins compatible for Editor in 0.48 ms, found 3 plugins.
Preloading 0 native plugins for Editor in 0.00 ms.
System.Exception: Error! Visual Scripting: couldn't find visual scripting package
  at Unity.VisualScripting.PackageVersionUtility.get_version () [0x00043] in E:\FinalProject\FinalProject\FinalProject\Library\PackageCache\com.unity.visualscripting@1.8.0\Editor\VisualScripting.Core\Utilities\PackageVersionUtility.cs:31 
  at Unity.VisualScripting.BoltCoreManifest.get_version () [0x00000] in E:\FinalProject\FinalProject\FinalProject\Library\PackageCache\com.unity.visualscripting@1.8.0\Editor\VisualScripting.Core\Plugin\BoltCoreManifest.cs:11 
  at Unity.VisualScripting.PluginManifest.get_currentVersion () [0x00000] in E:\FinalProject\FinalProject\FinalProject\Library\PackageCache\com.unity.visualscripting@1.8.0\Editor\VisualScripting.Core\Plugins\PluginManifest.cs:33 
  at Unity.VisualScripting.PluginManifest.get_versionMismatch () [0x00000] in E:\FinalProject\FinalProject\FinalProject\Library\PackageCache\com.unity.visualscripting@1.8.0\Editor\VisualScripting.Core\Plugins\PluginManifest.cs:48 
  at Unity.VisualScripting.PluginContainer.Initialize () [0x00525] in E:\FinalProject\FinalProject\FinalProject\Library\PackageCache\com.unity.visualscripting@1.8.0\Editor\VisualScripting.Core\Plugins\PluginContainer.cs:208 
  at Unity.VisualScripting.PluginContainer.InitializeOnLoad () [0x00009] in E:\FinalProject\FinalProject\FinalProject\Library\PackageCache\com.unity.visualscripting@1.8.0\Editor\VisualScripting.Core\Plugins\PluginContainer.cs:32 
  at Unity.VisualScripting.VSUsageUtility.DoInitializeOnLoadCalls () [0x00034] in E:\FinalProject\FinalProject\FinalProject\Library\PackageCache\com.unity.visualscripting@1.8.0\Editor\VisualScripting.Core\Utilities\VSUsageUtility.cs:76 
  at Unity.VisualScripting.VSUsageUtility.set_isVisualScriptingUsed (System.Boolean value) [0x0002c] in E:\FinalProject\FinalProject\FinalProject\Library\PackageCache\com.unity.visualscripting@1.8.0\Editor\VisualScripting.Core\Utilities\VSUsageUtility.cs:114 
  at Unity.VisualScripting.VSUsageUtility.CheckAndSetIsVisualScriptingUsed () [0x0000d] in E:\FinalProject\FinalProject\FinalProject\Library\PackageCache\com.unity.visualscripting@1.8.0\Editor\VisualScripting.Core\Utilities\VSUsageUtility.cs:33 
  at Unity.VisualScripting.VSUsageUtility..cctor () [0x00000] in E:\FinalProject\FinalProject\FinalProject\Library\PackageCache\com.unity.visualscripting@1.8.0\Editor\VisualScripting.Core\Utilities\VSUsageUtility.cs:22 
UnityEngine.StackTraceUtility:ExtractStackTrace ()
UnityEngine.DebugLogHandler:LogFormat (UnityEngine.LogType,UnityEngine.Object,string,object[])
UnityEngine.Logger:Log (UnityEngine.LogType,object)
UnityEngine.Debug:LogError (object)
UnityEditor.EditorAssemblies:ProcessInitializeOnLoadAttributes (System.Type[])

Mono: successfully reloaded assembly
- Completed reload, in  1.658 seconds
Domain Reload Profiling:
	ReloadAssembly (1659ms)
		BeginReloadAssembly (202ms)
			ExecutionOrderSort (0ms)
			DisableScriptedObjects (6ms)
			BackupInstance (0ms)
			ReleaseScriptingObjects (0ms)
			CreateAndSetChildDomain (50ms)
		EndReloadAssembly (1349ms)
			LoadAssemblies (140ms)
			RebuildTransferFunctionScriptingTraits (0ms)
			SetupTypeCache (329ms)
			ReleaseScriptCaches (2ms)
			RebuildScriptCaches (51ms)
			SetupLoadedEditorAssemblies (575ms)
				LogAssemblyErrors (0ms)
				InitializePlatformSupportModulesInManaged (5ms)
				SetLoadedEditorAssemblies (1ms)
				RefreshPlugins (1ms)
				BeforeProcessingInitializeOnLoad (64ms)
				ProcessInitializeOnLoadAttributes (474ms)
				ProcessInitializeOnLoadMethodAttributes (25ms)
				AfterProcessingInitializeOnLoad (6ms)
				EditorAssembliesLoaded (0ms)
			ExecutionOrderSort2 (0ms)
			AwakeInstancesAfterBackupRestoration (24ms)
Platform modules already initialized, skipping
Refreshing native plugins compatible for Editor in 1.95 ms, found 3 plugins.
Preloading 0 native plugins for Editor in 0.00 ms.
Unloading 3063 Unused Serialized files (Serialized files now loaded: 0)
Unloading 15 unused Assets / (24.7 KB). Loaded Objects now: 3598.
Memory consumption went from 113.8 MB to 113.8 MB.
Total: 17.638200 ms (FindLiveObjects: 0.386400 ms CreateObjectMapping: 0.303400 ms MarkObjects: 16.903300 ms  DeleteObjects: 0.043900 ms)

AssetImportParameters requested are different than current active one (requested -> active):
  custom:video-decoder-ogg-theora: a1e56fd34408186e4bbccfd4996cb3dc -> 
  custom:container-muxer-webm: aa71ff27fc2769a1b78a27578f13a17b -> 
  custom:container-demuxer-webm: 4f35f7cbe854078d1ac9338744f61a02 -> 
  custom:video-encoder-webm-vp8: eb34c28f22e8b96e1ab97ce403110664 -> 
  custom:audio-encoder-webm-vorbis: bf7c407c2cedff20999df2af8eb42d56 -> 
  custom:framework-win-MediaFoundation: 216162199b28c13a410421893ffa2e32 -> 
  custom:container-demuxer-ogg: 62fdf1f143b41e24485cea50d1cbac27 -> 
  custom:video-decoder-webm-vp8: 9c59270c3fd7afecdb556c50c9e8de78 -> 
  custom:audio-decoder-ogg-vorbis: bf7c407c2cedff20999df2af8eb42d56 -> 
========================================================================
Received Import Request.
  Time since last request: 199.014775 seconds.
  path: Assets/resource_default/box_a.png
  artifactKey: Guid(ed3b4c75a68320349a9f4481bab4876c) Importer(815301076,1909f56bfc062723c751e8b465ee728b)
Start importing Assets/resource_default/box_a.png using Guid(ed3b4c75a68320349a9f4481bab4876c) Importer(815301076,1909f56bfc062723c751e8b465ee728b)  -> (artifact id: '69ebbf429a8059f227449042c1ef6ea4') in 0.071394 seconds 
========================================================================
Received Import Request.
  Time since last request: 0.011555 seconds.
  path: Assets/resource_default/box_a_03.png
  artifactKey: Guid(7cd59d7fb38a77f4ca92099e8d101b73) Importer(815301076,1909f56bfc062723c751e8b465ee728b)
Start importing Assets/resource_default/box_a_03.png using Guid(7cd59d7fb38a77f4ca92099e8d101b73) Importer(815301076,1909f56bfc062723c751e8b465ee728b)  -> (artifact id: '4093ca3b19f4466ee630ec931eaba66a') in 0.022142 seconds 
========================================================================
Received Import Request.
  Time since last request: 0.000026 seconds.
  path: Assets/resource_default/checkbox_check.png
  artifactKey: Guid(43e17fb59bccf0748b04cccfc220a522) Importer(815301076,1909f56bfc062723c751e8b465ee728b)
Start importing Assets/resource_default/checkbox_check.png using Guid(43e17fb59bccf0748b04cccfc220a522) Importer(815301076,1909f56bfc062723c751e8b465ee728b)  -> (artifact id: 'a666f6a5f44b4ceb9db2a10ee249b516') in 0.021655 seconds 
========================================================================
Received Import Request.
  Time since last request: 0.000025 seconds.
  path: Assets/resource_default/gage_b_fill05.png
  artifactKey: Guid(5f800e8c23f52d9439d7929cf06cd922) Importer(815301076,1909f56bfc062723c751e8b465ee728b)
Start importing Assets/resource_default/gage_b_fill05.png using Guid(5f800e8c23f52d9439d7929cf06cd922) Importer(815301076,1909f56bfc062723c751e8b465ee728b)  -> (artifact id: '919bbbd839e49dc51d24d3ca6a8824e2') in 0.021115 seconds 
========================================================================
Received Import Request.
  Time since last request: 0.000033 seconds.
  path: Assets/resource_default/btn_c_emerald.png
  artifactKey: Guid(7017830725262a140b5d8a3d39a0b11a) Importer(815301076,1909f56bfc062723c751e8b465ee728b)
Start importing Assets/resource_default/btn_c_emerald.png using Guid(7017830725262a140b5d8a3d39a0b11a) Importer(815301076,1909f56bfc062723c751e8b465ee728b)  -> (artifact id: 'e052edbcdd91de1aa9fad51daa0eec07') in 0.023419 seconds 
========================================================================
Received Import Request.
  Time since last request: 0.000036 seconds.
  path: Assets/resource_default/btn_b_grey.png
  artifactKey: Guid(d7d480a22b9c1f64bb6d748bf353e45b) Importer(815301076,1909f56bfc062723c751e8b465ee728b)
Start importing Assets/resource_default/btn_b_grey.png using Guid(d7d480a22b9c1f64bb6d748bf353e45b) Importer(815301076,1909f56bfc062723c751e8b465ee728b)  -> (artifact id: '16aee1f1c55316d675138f7e1b2902dd') in 0.019994 seconds 
========================================================================
Received Import Request.
  Time since last request: 0.000023 seconds.
  path: Assets/resource_default/btn_a_red.png
  artifactKey: Guid(74976faeb568f074d9f1a4df7ca78d18) Importer(815301076,1909f56bfc062723c751e8b465ee728b)
Start importing Assets/resource_default/btn_a_red.png using Guid(74976faeb568f074d9f1a4df7ca78d18) Importer(815301076,1909f56bfc062723c751e8b465ee728b)  -> (artifact id: 'e704cd82f92bdef2de229ffa25efeace') in 0.021443 seconds 
========================================================================
Received Import Request.
  Time since last request: 0.000017 seconds.
  path: Assets/resource_default/gage_b_fill02.png
  artifactKey: Guid(bcb5b4fb84e360f4ab517305cc7ea5ab) Importer(815301076,1909f56bfc062723c751e8b465ee728b)
Start importing Assets/resource_default/gage_b_fill02.png using Guid(bcb5b4fb84e360f4ab517305cc7ea5ab) Importer(815301076,1909f56bfc062723c751e8b465ee728b)  -> (artifact id: '88e564fda41eb167d896b0f9f6ad782d') in 0.018309 seconds 
========================================================================
Received Import Request.
  Time since last request: 0.000030 seconds.
  path: Assets/resource_default/gage_b_fill04.png
  artifactKey: Guid(74eea1e5ac116724fad3c1971b35589c) Importer(815301076,1909f56bfc062723c751e8b465ee728b)
Start importing Assets/resource_default/gage_b_fill04.png using Guid(74eea1e5ac116724fad3c1971b35589c) Importer(815301076,1909f56bfc062723c751e8b465ee728b)  -> (artifact id: '2b9f80829885944cc0bdebc3208cc245') in 0.016966 seconds 
========================================================================
Received Import Request.
  Time since last request: 0.000019 seconds.
  path: Assets/resource_default/innerbox_a.png
  artifactKey: Guid(d987d57fd92b64048bbfeee60e636663) Importer(815301076,1909f56bfc062723c751e8b465ee728b)
Start importing Assets/resource_default/innerbox_a.png using Guid(d987d57fd92b64048bbfeee60e636663) Importer(815301076,1909f56bfc062723c751e8b465ee728b)  -> (artifact id: '5440156735780ee7d7c6aa0929cc1a97') in 0.017736 seconds 
========================================================================
Received Import Request.
  Time since last request: 0.000023 seconds.
  path: Assets/resource_default/btn_a_grey.png
  artifactKey: Guid(e0b63f1cfe110994ba2ad2de0e5292de) Importer(815301076,1909f56bfc062723c751e8b465ee728b)
Start importing Assets/resource_default/btn_a_grey.png using Guid(e0b63f1cfe110994ba2ad2de0e5292de) Importer(815301076,1909f56bfc062723c751e8b465ee728b)  -> (artifact id: 'c7f420cbea11b1e31126d12a5fff9fcb') in 0.015856 seconds 
========================================================================
Received Import Request.
  Time since last request: 0.000021 seconds.
  path: Assets/resource_default/radio_check.png
  artifactKey: Guid(df907ac5977a0d543a06e726893e2c9e) Importer(815301076,1909f56bfc062723c751e8b465ee728b)
Start importing Assets/resource_default/radio_check.png using Guid(df907ac5977a0d543a06e726893e2c9e) Importer(815301076,1909f56bfc062723c751e8b465ee728b)  -> (artifact id: 'f3e92654ca7709b5741ca67d56820d13') in 0.014689 seconds 
========================================================================
Received Import Request.
  Time since last request: 0.000036 seconds.
  path: Assets/resource_default/box_c_04.png
  artifactKey: Guid(03262c876f6187b4f91fe5239e698673) Importer(815301076,1909f56bfc062723c751e8b465ee728b)
Start importing Assets/resource_default/box_c_04.png using Guid(03262c876f6187b4f91fe5239e698673) Importer(815301076,1909f56bfc062723c751e8b465ee728b)  -> (artifact id: '985fabb751e1d40d069fdbbd9c68833a') in 0.013905 seconds 
========================================================================
Received Import Request.
  Time since last request: 0.000059 seconds.
  path: Assets/resource_default/gage_b_fill07.png
  artifactKey: Guid(3e5237d08b3a99a459942236eb0532f0) Importer(815301076,1909f56bfc062723c751e8b465ee728b)
Start importing Assets/resource_default/gage_b_fill07.png using Guid(3e5237d08b3a99a459942236eb0532f0) Importer(815301076,1909f56bfc062723c751e8b465ee728b)  -> (artifact id: 'a625485bc013a3fa5e6cf8b989c7ce03') in 0.015725 seconds 
========================================================================
Received Import Request.
  Time since last request: 0.000023 seconds.
  path: Assets/resource_default/box_b_02.png
  artifactKey: Guid(4b1885f5416f3c741ac0815952921840) Importer(815301076,1909f56bfc062723c751e8b465ee728b)
Start importing Assets/resource_default/box_b_02.png using Guid(4b1885f5416f3c741ac0815952921840) Importer(815301076,1909f56bfc062723c751e8b465ee728b)  -> (artifact id: '2ca223ef4a53e827e107f82f85e25cdf') in 0.016062 seconds 
========================================================================
Received Import Request.
  Time since last request: 0.000051 seconds.
  path: Assets/resource_default/radio_blank.png
  artifactKey: Guid(cd34ff269b1774d4a914fd2ad1a6f428) Importer(815301076,1909f56bfc062723c751e8b465ee728b)
Start importing Assets/resource_default/radio_blank.png using Guid(cd34ff269b1774d4a914fd2ad1a6f428) Importer(815301076,1909f56bfc062723c751e8b465ee728b)  -> (artifact id: 'f4ecaddce1f5794985c231c82f624127') in 0.017514 seconds 
========================================================================
Received Import Request.
  Time since last request: 0.000019 seconds.
  path: Assets/resource_default/btn_c_red.png
  artifactKey: Guid(dfe0f8b3b8f11c54d94569c6e1326583) Importer(815301076,1909f56bfc062723c751e8b465ee728b)
Start importing Assets/resource_default/btn_c_red.png using Guid(dfe0f8b3b8f11c54d94569c6e1326583) Importer(815301076,1909f56bfc062723c751e8b465ee728b)  -> (artifact id: 'fffabda56fc002abdc1dd557ed7b3b37') in 0.016745 seconds 
========================================================================
Received Import Request.
  Time since last request: 0.000017 seconds.
  path: Assets/resource_default/gage_b_fill_progress.png
  artifactKey: Guid(3ce5d913607d46846a0812d1b479e3d5) Importer(815301076,1909f56bfc062723c751e8b465ee728b)
Start importing Assets/resource_default/gage_b_fill_progress.png using Guid(3ce5d913607d46846a0812d1b479e3d5) Importer(815301076,1909f56bfc062723c751e8b465ee728b)  -> (artifact id: '992453373c1bce572d94f278b8156f2c') in 0.016575 seconds 
========================================================================
Received Import Request.
  Time since last request: 0.000021 seconds.
  path: Assets/resource_default/box_a_04.png
  artifactKey: Guid(0b216ed8876b73945ad75ea6feaba010) Importer(815301076,1909f56bfc062723c751e8b465ee728b)
Start importing Assets/resource_default/box_a_04.png using Guid(0b216ed8876b73945ad75ea6feaba010) Importer(815301076,1909f56bfc062723c751e8b465ee728b)  -> (artifact id: '3603bbf41d7acb0bd7266960c70c5c54') in 0.016281 seconds 
========================================================================
Received Import Request.
  Time since last request: 0.000019 seconds.
  path: Assets/resource_default/box_c_01.png
  artifactKey: Guid(2416bf88655c40c40adc903253fb2ba1) Importer(815301076,1909f56bfc062723c751e8b465ee728b)
Start importing Assets/resource_default/box_c_01.png using Guid(2416bf88655c40c40adc903253fb2ba1) Importer(815301076,1909f56bfc062723c751e8b465ee728b)  -> (artifact id: '850ee284f4054cffd5f38036344fefc3') in 0.014627 seconds 
========================================================================
Received Import Request.
  Time since last request: 0.000024 seconds.
  path: Assets/resource_default/innerbox_a_btn_02.png
  artifactKey: Guid(49eaf0cf4f54e7a4ab865811163498e6) Importer(815301076,1909f56bfc062723c751e8b465ee728b)
Start importing Assets/resource_default/innerbox_a_btn_02.png using Guid(49eaf0cf4f54e7a4ab865811163498e6) Importer(815301076,1909f56bfc062723c751e8b465ee728b)  -> (artifact id: 'aab44bb0065f65605d5e8a35b9d7675d') in 0.013931 seconds 
========================================================================
Received Import Request.
  Time since last request: 0.000038 seconds.
  path: Assets/resource_default/innerbox_a_btn_03.png
  artifactKey: Guid(e5436bf6647d2f540b4dc774bf27593e) Importer(815301076,1909f56bfc062723c751e8b465ee728b)
Start importing Assets/resource_default/innerbox_a_btn_03.png using Guid(e5436bf6647d2f540b4dc774bf27593e) Importer(815301076,1909f56bfc062723c751e8b465ee728b)  -> (artifact id: '5839292e66469016579b84612646e51a') in 0.015659 seconds 
========================================================================
Received Import Request.
  Time since last request: 0.000018 seconds.
  path: Assets/resource_default/gage_b_fill08.png
  artifactKey: Guid(d40499526caa6e243958c6071f4d5b0f) Importer(815301076,1909f56bfc062723c751e8b465ee728b)
Start importing Assets/resource_default/gage_b_fill08.png using Guid(d40499526caa6e243958c6071f4d5b0f) Importer(815301076,1909f56bfc062723c751e8b465ee728b)  -> (artifact id: '5705c592487726ad2627a2ac3d14f1cd') in 0.015174 seconds 
========================================================================
Received Import Request.
  Time since last request: 0.000024 seconds.
  path: Assets/resource_default/innerbox_a_btn.png
  artifactKey: Guid(4dc79b73247092e4ab1b277f39e3f809) Importer(815301076,1909f56bfc062723c751e8b465ee728b)
Start importing Assets/resource_default/innerbox_a_btn.png using Guid(4dc79b73247092e4ab1b277f39e3f809) Importer(815301076,1909f56bfc062723c751e8b465ee728b)  -> (artifact id: '6d94b8aee12f40e9ae5cfa30f00f2db3') in 0.017712 seconds 
========================================================================
Received Import Request.
  Time since last request: 0.000021 seconds.
  path: Assets/resource_default/checkbox_blank.png
  artifactKey: Guid(32f25fd44c295474483ad5f89d5863fb) Importer(815301076,1909f56bfc062723c751e8b465ee728b)
Start importing Assets/resource_default/checkbox_blank.png using Guid(32f25fd44c295474483ad5f89d5863fb) Importer(815301076,1909f56bfc062723c751e8b465ee728b)  -> (artifact id: '06e549cedb2851ac6478e9ee6204d788') in 0.017437 seconds 
========================================================================
Received Import Request.
  Time since last request: 0.000025 seconds.
  path: Assets/resource_default/box_c.png
  artifactKey: Guid(7b03ca51eb13fef46ad379e25bc1bb4b) Importer(815301076,1909f56bfc062723c751e8b465ee728b)
Start importing Assets/resource_default/box_c.png using Guid(7b03ca51eb13fef46ad379e25bc1bb4b) Importer(815301076,1909f56bfc062723c751e8b465ee728b)  -> (artifact id: '82c359299139927f038eb2e7596e0f09') in 0.018152 seconds 
========================================================================
Received Import Request.
  Time since last request: 1.973820 seconds.
  path: Assets/Simasart/Hungry Bat
  artifactKey: Guid(26d4210b1ae6cfe4097c6eb5443c2dc2) Importer(815301076,1909f56bfc062723c751e8b465ee728b)
Start importing Assets/Simasart/Hungry Bat using Guid(26d4210b1ae6cfe4097c6eb5443c2dc2) Importer(815301076,1909f56bfc062723c751e8b465ee728b)  -> (artifact id: 'a00c25ca365d4daf0fc1d358b9044304') in 0.008758 seconds 
========================================================================
Received Import Request.
  Time since last request: 0.647625 seconds.
  path: Assets/Simasart/Hungry Bat/Art
  artifactKey: Guid(2548aa685f608aa4ba647e74a9149480) Importer(815301076,1909f56bfc062723c751e8b465ee728b)
Start importing Assets/Simasart/Hungry Bat/Art using Guid(2548aa685f608aa4ba647e74a9149480) Importer(815301076,1909f56bfc062723c751e8b465ee728b)  -> (artifact id: '7f9948ebe9175402949957a6185274b7') in 0.006689 seconds 
========================================================================
Received Import Request.
  Time since last request: 2.635681 seconds.
  path: Assets/Simasart/Hungry Bat/Art/UI
  artifactKey: Guid(bc7783c82557b964f9b59be9741bc16f) Importer(815301076,1909f56bfc062723c751e8b465ee728b)
Start importing Assets/Simasart/Hungry Bat/Art/UI using Guid(bc7783c82557b964f9b59be9741bc16f) Importer(815301076,1909f56bfc062723c751e8b465ee728b)  -> (artifact id: 'a396ec8bda86bc521fa70bea4b5bd0f0') in 0.006491 seconds 
========================================================================
Received Import Request.
  Time since last request: 0.061060 seconds.
  path: Assets/Simasart/Hungry Bat/Art/UI/bar_mask.png
  artifactKey: Guid(5db29c36ee7e6ff449713292d4e7c5a5) Importer(815301076,1909f56bfc062723c751e8b465ee728b)
Start importing Assets/Simasart/Hungry Bat/Art/UI/bar_mask.png using Guid(5db29c36ee7e6ff449713292d4e7c5a5) Importer(815301076,1909f56bfc062723c751e8b465ee728b)  -> (artifact id: '2a19cc1d2be35179dc24058a7ed9b5a0') in 0.020243 seconds 
========================================================================
Received Import Request.
  Time since last request: 0.000031 seconds.
  path: Assets/Simasart/Hungry Bat/Art/UI/score_bar.png
  artifactKey: Guid(7b0d029f1d2a164488ab0a51a21ca796) Importer(815301076,1909f56bfc062723c751e8b465ee728b)
Start importing Assets/Simasart/Hungry Bat/Art/UI/score_bar.png using Guid(7b0d029f1d2a164488ab0a51a21ca796) Importer(815301076,1909f56bfc062723c751e8b465ee728b)  -> (artifact id: '0678d4133eb27c7cffcf504a025f23b7') in 0.023160 seconds 
========================================================================
Received Import Request.
  Time since last request: 0.000025 seconds.
  path: Assets/Simasart/Hungry Bat/Art/UI/star_slot.png
  artifactKey: Guid(e7d9554654e4add46b9a20e0caa846a5) Importer(815301076,1909f56bfc062723c751e8b465ee728b)
Start importing Assets/Simasart/Hungry Bat/Art/UI/star_slot.png using Guid(e7d9554654e4add46b9a20e0caa846a5) Importer(815301076,1909f56bfc062723c751e8b465ee728b)  -> (artifact id: 'ee0bf5e70d62f4da508414c5deb255c1') in 0.024152 seconds 
========================================================================
Received Import Request.
  Time since last request: 0.000043 seconds.
  path: Assets/Simasart/Hungry Bat/Art/UI/speech_bubble_bg.png
  artifactKey: Guid(4ea348433890b4f439183c9c11524ad6) Importer(815301076,1909f56bfc062723c751e8b465ee728b)
Start importing Assets/Simasart/Hungry Bat/Art/UI/speech_bubble_bg.png using Guid(4ea348433890b4f439183c9c11524ad6) Importer(815301076,1909f56bfc062723c751e8b465ee728b)  -> (artifact id: 'd123b5e2108c138f8f2eb6c95a2e5ac7') in 0.021450 seconds 
========================================================================
Received Import Request.
  Time since last request: 0.000034 seconds.
  path: Assets/Simasart/Hungry Bat/Art/UI/tittle_box.png
  artifactKey: Guid(c8a9c674838776147b01b49761e36724) Importer(815301076,1909f56bfc062723c751e8b465ee728b)
Start importing Assets/Simasart/Hungry Bat/Art/UI/tittle_box.png using Guid(c8a9c674838776147b01b49761e36724) Importer(815301076,1909f56bfc062723c751e8b465ee728b)  -> (artifact id: '02ae83df3fefb2c4fed730088a030068') in 0.026807 seconds 
========================================================================
Received Import Request.
  Time since last request: 0.000018 seconds.
  path: Assets/Simasart/Hungry Bat/Art/UI/star.png
  artifactKey: Guid(1554c51b5f8695e448fe80eded370d3b) Importer(815301076,1909f56bfc062723c751e8b465ee728b)
Start importing Assets/Simasart/Hungry Bat/Art/UI/star.png using Guid(1554c51b5f8695e448fe80eded370d3b) Importer(815301076,1909f56bfc062723c751e8b465ee728b)  -> (artifact id: 'c7dc5bd7a633b83c2ffdf4d99c3a6aea') in 0.032403 seconds 
========================================================================
Received Import Request.
  Time since last request: 1.364568 seconds.
  path: Assets/Simasart/Hungry Bat/Art/UI/Bar
  artifactKey: Guid(85c4a0dd04e08834aa56b5f2cd3105e2) Importer(815301076,1909f56bfc062723c751e8b465ee728b)
Start importing Assets/Simasart/Hungry Bat/Art/UI/Bar using Guid(85c4a0dd04e08834aa56b5f2cd3105e2) Importer(815301076,1909f56bfc062723c751e8b465ee728b)  -> (artifact id: '06820c684498de59bb46032bd83e3ef4') in 0.006167 seconds 
========================================================================
Received Import Request.
  Time since last request: 0.070236 seconds.
  path: Assets/Simasart/Hungry Bat/Art/UI/Bar/bar_border.png
  artifactKey: Guid(c9fadc51fbe37964baf4960ffb627050) Importer(815301076,1909f56bfc062723c751e8b465ee728b)
Start importing Assets/Simasart/Hungry Bat/Art/UI/Bar/bar_border.png using Guid(c9fadc51fbe37964baf4960ffb627050) Importer(815301076,1909f56bfc062723c751e8b465ee728b)  -> (artifact id: 'ff0b067e2864472699f461f3cb2459d6') in 0.014562 seconds 
========================================================================
Received Import Request.
  Time since last request: 2.883983 seconds.
  path: Assets/Simasart/Hungry Bat/Art/Background
  artifactKey: Guid(9802e52cb08207147bd587ce584966f6) Importer(815301076,1909f56bfc062723c751e8b465ee728b)
Start importing Assets/Simasart/Hungry Bat/Art/Background using Guid(9802e52cb08207147bd587ce584966f6) Importer(815301076,1909f56bfc062723c751e8b465ee728b)  -> (artifact id: '2fb913f5e893695660e48f993fcf1f01') in 0.006164 seconds 
========================================================================
Received Import Request.
  Time since last request: 0.059059 seconds.
  path: Assets/Simasart/Hungry Bat/Art/Background/bg_Board.png
  artifactKey: Guid(a422b408c8c8ce14d86d2a701bcddb7c) Importer(815301076,1909f56bfc062723c751e8b465ee728b)
Start importing Assets/Simasart/Hungry Bat/Art/Background/bg_Board.png using Guid(a422b408c8c8ce14d86d2a701bcddb7c) Importer(815301076,1909f56bfc062723c751e8b465ee728b)  -> (artifact id: 'f80407e173352b39aff72ae1731a779a') in 0.103228 seconds 
========================================================================
Received Import Request.
  Time since last request: 2.892571 seconds.
  path: Assets/Simasart/Hungry Bat/Art/Character/hungry_bat.png
  artifactKey: Guid(80470d52b250cf34f83808dd6803e5d7) Importer(815301076,1909f56bfc062723c751e8b465ee728b)
Start importing Assets/Simasart/Hungry Bat/Art/Character/hungry_bat.png using Guid(80470d52b250cf34f83808dd6803e5d7) Importer(815301076,1909f56bfc062723c751e8b465ee728b)  -> (artifact id: '29c43c24f483ec3bfc4a5e5b161b30f0') in 0.037313 seconds 
========================================================================
Received Import Request.
  Time since last request: 1.319035 seconds.
  path: Assets/Simasart/Hungry Bat/Art/Demos/hungrybats3-complete.png
  artifactKey: Guid(bf7fd5c0af4755f42a61fc639aee0e1a) Importer(815301076,1909f56bfc062723c751e8b465ee728b)
Start importing Assets/Simasart/Hungry Bat/Art/Demos/hungrybats3-complete.png using Guid(bf7fd5c0af4755f42a61fc639aee0e1a) Importer(815301076,1909f56bfc062723c751e8b465ee728b)  -> (artifact id: 'a900c6c83037ba90ddcd545abd9c2e45') in 0.173763 seconds 
========================================================================
Received Import Request.
  Time since last request: 2.245454 seconds.
  path: Assets/Simasart/Hungry Bat/Art/Fruits/apple.png
  artifactKey: Guid(b7481a4c424715542a70ac1efc7468db) Importer(815301076,1909f56bfc062723c751e8b465ee728b)
Start importing Assets/Simasart/Hungry Bat/Art/Fruits/apple.png using Guid(b7481a4c424715542a70ac1efc7468db) Importer(815301076,1909f56bfc062723c751e8b465ee728b)  -> (artifact id: '42e1bd74beac0a6c7e0b37fbb6380da5') in 0.022122 seconds 
========================================================================
Received Import Request.
  Time since last request: 0.000025 seconds.
  path: Assets/Simasart/Hungry Bat/Art/Fruits/strawberry.png
  artifactKey: Guid(140169fe467b8b649aa2541e0c8d6c09) Importer(815301076,1909f56bfc062723c751e8b465ee728b)
Start importing Assets/Simasart/Hungry Bat/Art/Fruits/strawberry.png using Guid(140169fe467b8b649aa2541e0c8d6c09) Importer(815301076,1909f56bfc062723c751e8b465ee728b)  -> (artifact id: 'c778345f55b4dfb34c2f6b7564d03b67') in 0.021351 seconds 
========================================================================
Received Import Request.
  Time since last request: 0.764050 seconds.
  path: Assets/Simasart/Hungry Bat/Art/Project/hungrybat_logo.png
  artifactKey: Guid(5a7e277dfcab1b94ca994394bce8a844) Importer(815301076,1909f56bfc062723c751e8b465ee728b)
Start importing Assets/Simasart/Hungry Bat/Art/Project/hungrybat_logo.png using Guid(5a7e277dfcab1b94ca994394bce8a844) Importer(815301076,1909f56bfc062723c751e8b465ee728b)  -> (artifact id: '0b6b34af753e33fab188aafd676c114c') in 0.188996 seconds 
========================================================================
Received Import Request.
  Time since last request: 1.758536 seconds.
  path: Assets/Simasart/Hungry Bat/Art/UI/Buttons/button_purple_idle.png
  artifactKey: Guid(1fa89cf92f2b49a479b36c296eedc2dc) Importer(815301076,1909f56bfc062723c751e8b465ee728b)
Start importing Assets/Simasart/Hungry Bat/Art/UI/Buttons/button_purple_idle.png using Guid(1fa89cf92f2b49a479b36c296eedc2dc) Importer(815301076,1909f56bfc062723c751e8b465ee728b)  -> (artifact id: 'd0ddc2b7867ee9eac14261c43539c20e') in 0.020268 seconds 
========================================================================
Received Import Request.
  Time since last request: 0.000032 seconds.
  path: Assets/Simasart/Hungry Bat/Art/UI/Buttons/round_button_press.png
  artifactKey: Guid(78c9ee4deb6ba8444981dd45dab7a228) Importer(815301076,1909f56bfc062723c751e8b465ee728b)
Start importing Assets/Simasart/Hungry Bat/Art/UI/Buttons/round_button_press.png using Guid(78c9ee4deb6ba8444981dd45dab7a228) Importer(815301076,1909f56bfc062723c751e8b465ee728b)  -> (artifact id: '4b19b2540adb5cc0660fec72e2459d83') in 0.017439 seconds 
========================================================================
Received Import Request.
  Time since last request: 209.068141 seconds.
  path: Assets/FourEvilDragonsHP/Mesh
  artifactKey: Guid(0553ea6024bba774baf76bde78e887fa) Importer(815301076,1909f56bfc062723c751e8b465ee728b)
Start importing Assets/FourEvilDragonsHP/Mesh using Guid(0553ea6024bba774baf76bde78e887fa) Importer(815301076,1909f56bfc062723c751e8b465ee728b)  -> (artifact id: 'f843fae4fc52262fd6850e272734563d') in 0.006105 seconds 
========================================================================
Received Import Request.
  Time since last request: 0.161989 seconds.
  path: Assets/FourEvilDragonsHP/Mesh/DragonSoulEaterMesh.fbx
  artifactKey: Guid(063e65bf9ea59ea44bb459f4b7490fd3) Importer(815301076,1909f56bfc062723c751e8b465ee728b)
Start importing Assets/FourEvilDragonsHP/Mesh/DragonSoulEaterMesh.fbx using Guid(063e65bf9ea59ea44bb459f4b7490fd3) Importer(815301076,1909f56bfc062723c751e8b465ee728b)  -> (artifact id: '1778d2c502d8b651f3b9e37b62474670') in 0.329247 seconds 
========================================================================
Received Import Request.
  Time since last request: 0.000027 seconds.
  path: Assets/FourEvilDragonsHP/Mesh/DragonTheNightmareMesh.fbx
  artifactKey: Guid(2f4e6492f506bbb4a8aeba850e3bb52f) Importer(815301076,1909f56bfc062723c751e8b465ee728b)
Start importing Assets/FourEvilDragonsHP/Mesh/DragonTheNightmareMesh.fbx using Guid(2f4e6492f506bbb4a8aeba850e3bb52f) Importer(815301076,1909f56bfc062723c751e8b465ee728b)  -> (artifact id: '77439e4dde28b64f174f8a7582ac6799') in 0.023749 seconds 
========================================================================
Received Import Request.
  Time since last request: 14.053181 seconds.
  path: Assets/FourEvilDragonsHP/Materials/Stage.mat
  artifactKey: Guid(34466cf7960487a4380913c62e795ebd) Importer(815301076,1909f56bfc062723c751e8b465ee728b)
Start importing Assets/FourEvilDragonsHP/Materials/Stage.mat using Guid(34466cf7960487a4380913c62e795ebd) Importer(815301076,1909f56bfc062723c751e8b465ee728b)  -> (artifact id: '1cbc37f40eb710d4c48705034abdbe04') in 0.248347 seconds 
========================================================================
Received Import Request.
  Time since last request: 0.000028 seconds.
  path: Assets/FourEvilDragonsHP/Materials/DragonUsurper/RedHP.mat
  artifactKey: Guid(1131ac1e42ee4884ab91bd69310a2715) Importer(815301076,1909f56bfc062723c751e8b465ee728b)
Start importing Assets/FourEvilDragonsHP/Materials/DragonUsurper/RedHP.mat using Guid(1131ac1e42ee4884ab91bd69310a2715) Importer(815301076,1909f56bfc062723c751e8b465ee728b)  -> (artifact id: 'adfd9aca6f4ee337fb64cba25e2dff67') in 0.021412 seconds 
========================================================================
Received Import Request.
  Time since last request: 0.000032 seconds.
  path: Assets/FourEvilDragonsHP/Materials/DragonSoulEater/RedHP.mat
  artifactKey: Guid(483bc84e9c06fb74a978565bf66ff42d) Importer(815301076,1909f56bfc062723c751e8b465ee728b)
Start importing Assets/FourEvilDragonsHP/Materials/DragonSoulEater/RedHP.mat using Guid(483bc84e9c06fb74a978565bf66ff42d) Importer(815301076,1909f56bfc062723c751e8b465ee728b)  -> (artifact id: '978e3a2390487a45764e3c5fac8cc3fb') in 0.020505 seconds 
========================================================================
Received Import Request.
  Time since last request: 0.000035 seconds.
  path: Assets/TextMesh Pro/Resources/Fonts & Materials/LiberationSans SDF.asset
  artifactKey: Guid(8f586378b4e144a9851e7b34d9b748ee) Importer(815301076,1909f56bfc062723c751e8b465ee728b)
Start importing Assets/TextMesh Pro/Resources/Fonts & Materials/LiberationSans SDF.asset using Guid(8f586378b4e144a9851e7b34d9b748ee) Importer(815301076,1909f56bfc062723c751e8b465ee728b)  -> (artifact id: '007425405e2f4fef13b63816c7a4cdee') in 0.074176 seconds 
========================================================================
Received Import Request.
  Time since last request: 0.000021 seconds.
  path: Assets/FourEvilDragonsHP/Materials/DragonUsurper/PurpleHP.mat
  artifactKey: Guid(c6a1d1f1e0ac339489c17274f110669a) Importer(815301076,1909f56bfc062723c751e8b465ee728b)
Start importing Assets/FourEvilDragonsHP/Materials/DragonUsurper/PurpleHP.mat using Guid(c6a1d1f1e0ac339489c17274f110669a) Importer(815301076,1909f56bfc062723c751e8b465ee728b)  -> (artifact id: 'ad500de1804b6ecf5a8e532844408563') in 0.025268 seconds 
========================================================================
Received Import Request.
  Time since last request: 0.000033 seconds.
  path: Assets/FourEvilDragonsHP/Materials/DragonTerrorBringer/PurpleHP.mat
  artifactKey: Guid(2cc3d51c3b46bec4a95b1cf2d2488afd) Importer(815301076,1909f56bfc062723c751e8b465ee728b)
Start importing Assets/FourEvilDragonsHP/Materials/DragonTerrorBringer/PurpleHP.mat using Guid(2cc3d51c3b46bec4a95b1cf2d2488afd) Importer(815301076,1909f56bfc062723c751e8b465ee728b)  -> (artifact id: '4be106a2bc77c7bfad6645808989fa64') in 0.019407 seconds 
========================================================================
Received Import Request.
  Time since last request: 0.000027 seconds.
  path: Assets/TextMesh Pro/Resources/Fonts & Materials/LiberationSans SDF - Outline.mat
  artifactKey: Guid(79459efec17a4d00a321bdcc27bbc385) Importer(815301076,1909f56bfc062723c751e8b465ee728b)
Start importing Assets/TextMesh Pro/Resources/Fonts & Materials/LiberationSans SDF - Outline.mat using Guid(79459efec17a4d00a321bdcc27bbc385) Importer(815301076,1909f56bfc062723c751e8b465ee728b)  -> (artifact id: '55f06dfd56a7f047da03d3e15a962a2d') in 0.082965 seconds 
========================================================================
Received Import Request.
  Time since last request: 0.000025 seconds.
  path: Assets/FourEvilDragonsHP/Materials/DragonSoulEater/GreyHP.mat
  artifactKey: Guid(0526c5be35ba93547acf614ed1950a2f) Importer(815301076,1909f56bfc062723c751e8b465ee728b)
Start importing Assets/FourEvilDragonsHP/Materials/DragonSoulEater/GreyHP.mat using Guid(0526c5be35ba93547acf614ed1950a2f) Importer(815301076,1909f56bfc062723c751e8b465ee728b)  -> (artifact id: '2f1a89660a1e10b0380d839ef5a73213') in 0.021615 seconds 
========================================================================
Received Import Request.
  Time since last request: 0.000041 seconds.
  path: Assets/FourEvilDragonsHP/Materials/DragonSoulEater/GreenHP.mat
  artifactKey: Guid(1b51484aceb3349479b6c084713a5517) Importer(815301076,1909f56bfc062723c751e8b465ee728b)
Start importing Assets/FourEvilDragonsHP/Materials/DragonSoulEater/GreenHP.mat using Guid(1b51484aceb3349479b6c084713a5517) Importer(815301076,1909f56bfc062723c751e8b465ee728b)  -> (artifact id: '4b888ca0e357a3bea47c4ff4faf048b9') in 0.018635 seconds 
========================================================================
Received Import Request.
  Time since last request: 0.000024 seconds.
  path: Assets/TextMesh Pro/Resources/Fonts & Materials/LiberationSans SDF - Fallback.asset
  artifactKey: Guid(2e498d1c8094910479dc3e1b768306a4) Importer(815301076,1909f56bfc062723c751e8b465ee728b)
Start importing Assets/TextMesh Pro/Resources/Fonts & Materials/LiberationSans SDF - Fallback.asset using Guid(2e498d1c8094910479dc3e1b768306a4) Importer(815301076,1909f56bfc062723c751e8b465ee728b)  -> (artifact id: 'fdde9b31eee1e5ed14f30c0db6833f41') in 0.019442 seconds 
========================================================================
Received Import Request.
  Time since last request: 0.000043 seconds.
  path: Assets/FourEvilDragonsHP/Materials/DragonTerrorBringer/GreenHP.mat
  artifactKey: Guid(63a8442de5af83f49902935ef0d8904e) Importer(815301076,1909f56bfc062723c751e8b465ee728b)
Start importing Assets/FourEvilDragonsHP/Materials/DragonTerrorBringer/GreenHP.mat using Guid(63a8442de5af83f49902935ef0d8904e) Importer(815301076,1909f56bfc062723c751e8b465ee728b)  -> (artifact id: '6387cc2fa086d8fb9ee8f0e51910dfa9') in 0.014710 seconds 
========================================================================
Received Import Request.
  Time since last request: 0.000024 seconds.
  path: Assets/FourEvilDragonsHP/Materials/DragonUsurper/GreenHP.mat
  artifactKey: Guid(acd197acde96c544b8d8fd85cc2e8b20) Importer(815301076,1909f56bfc062723c751e8b465ee728b)
Start importing Assets/FourEvilDragonsHP/Materials/DragonUsurper/GreenHP.mat using Guid(acd197acde96c544b8d8fd85cc2e8b20) Importer(815301076,1909f56bfc062723c751e8b465ee728b)  -> (artifact id: '7c0937b41010c05516d6974f38395fe1') in 0.016793 seconds 
========================================================================
Received Import Request.
  Time since last request: 0.000022 seconds.
  path: Assets/Simasart/Hungry Bat/Fonts/TMP/gomarice_rocks_yellow_outline_small.asset
  artifactKey: Guid(e933cef826c0cdf40953edc5cd7edf70) Importer(815301076,1909f56bfc062723c751e8b465ee728b)
Start importing Assets/Simasart/Hungry Bat/Fonts/TMP/gomarice_rocks_yellow_outline_small.asset using Guid(e933cef826c0cdf40953edc5cd7edf70) Importer(815301076,1909f56bfc062723c751e8b465ee728b)  -> (artifact id: '4b97359e0c4b1871583b2435007c2d85') in 0.038363 seconds 
========================================================================
Received Import Request.
  Time since last request: 0.000048 seconds.
  path: Assets/FourEvilDragonsHP/Animations/DragonTerrorBringer/Run.fbx
  artifactKey: Guid(9700edab3a23d7d408e78a7cb99cf41d) Importer(815301076,1909f56bfc062723c751e8b465ee728b)
Start importing Assets/FourEvilDragonsHP/Animations/DragonTerrorBringer/Run.fbx using Guid(9700edab3a23d7d408e78a7cb99cf41d) Importer(815301076,1909f56bfc062723c751e8b465ee728b)  -> (artifact id: '87be9eadf947f4b53634d34a793129d0') in 0.107635 seconds 
========================================================================
Received Import Request.
  Time since last request: 1.782068 seconds.
  path: Assets/Simasart/Hungry Bat/Fonts/TMP/gomarice_rocks_purple.asset
  artifactKey: Guid(914bdd14ee6179647977adb5ac747cf3) Importer(815301076,1909f56bfc062723c751e8b465ee728b)
Start importing Assets/Simasart/Hungry Bat/Fonts/TMP/gomarice_rocks_purple.asset using Guid(914bdd14ee6179647977adb5ac747cf3) Importer(815301076,1909f56bfc062723c751e8b465ee728b)  -> (artifact id: '93d4a27e01060dc83cbe6cd1ae886ef0') in 0.033594 seconds 
========================================================================
Received Import Request.
  Time since last request: 0.000033 seconds.
  path: Assets/Fantasy Skybox FREE/Panoramics/FS017/FS017_Sunset.mat
  artifactKey: Guid(aed657681c6812845bb7736c343b5e9b) Importer(815301076,1909f56bfc062723c751e8b465ee728b)
Start importing Assets/Fantasy Skybox FREE/Panoramics/FS017/FS017_Sunset.mat using Guid(aed657681c6812845bb7736c343b5e9b) Importer(815301076,1909f56bfc062723c751e8b465ee728b)  -> (artifact id: 'de17810c215c7e8a7f01381c4cd1cc1a') in 0.064039 seconds 
========================================================================
Received Import Request.
  Time since last request: 0.071186 seconds.
  path: Assets/Fantasy Skybox FREE/Panoramics/FS017/FS017_Sunrise.mat
  artifactKey: Guid(39d27e80110a983468075fd1868610d7) Importer(815301076,1909f56bfc062723c751e8b465ee728b)
Start importing Assets/Fantasy Skybox FREE/Panoramics/FS017/FS017_Sunrise.mat using Guid(39d27e80110a983468075fd1868610d7) Importer(815301076,1909f56bfc062723c751e8b465ee728b)  -> (artifact id: 'a6cf92f03246d6df2abb3c74022b8c67') in 0.014882 seconds 
========================================================================
Received Import Request.
  Time since last request: 0.085849 seconds.
  path: Assets/Fantasy Skybox FREE/Panoramics/FS017/FS017_Night.mat
  artifactKey: Guid(d3823126980dd98479f7761e6d47338a) Importer(815301076,1909f56bfc062723c751e8b465ee728b)
Start importing Assets/Fantasy Skybox FREE/Panoramics/FS017/FS017_Night.mat using Guid(d3823126980dd98479f7761e6d47338a) Importer(815301076,1909f56bfc062723c751e8b465ee728b)  -> (artifact id: 'c52cb0025fd138c2c889146d710eff94') in 0.016341 seconds 
========================================================================
Received Import Request.
  Time since last request: 0.000023 seconds.
  path: Assets/Fantasy Skybox FREE/Panoramics/FS017/FS017_Rainy.mat
  artifactKey: Guid(7a8675eb396637d43b4ba0a69cc715a5) Importer(815301076,1909f56bfc062723c751e8b465ee728b)
Start importing Assets/Fantasy Skybox FREE/Panoramics/FS017/FS017_Rainy.mat using Guid(7a8675eb396637d43b4ba0a69cc715a5) Importer(815301076,1909f56bfc062723c751e8b465ee728b)  -> (artifact id: '847d52f9ce50f0d86a96c6ac8af3cdb0') in 0.012883 seconds 
========================================================================
Received Import Request.
  Time since last request: 0.000025 seconds.
  path: Assets/Fantasy Skybox FREE/Cubemaps/FS017/FS017_Night_Moonless_Cubemap.mat
  artifactKey: Guid(53d73dd4f99c4c84d95a657e638c4553) Importer(815301076,1909f56bfc062723c751e8b465ee728b)
Start importing Assets/Fantasy Skybox FREE/Cubemaps/FS017/FS017_Night_Moonless_Cubemap.mat using Guid(53d73dd4f99c4c84d95a657e638c4553) Importer(815301076,1909f56bfc062723c751e8b465ee728b)  -> (artifact id: '5bb992c2b0d004f1a2774ad8e1b7cff5') in 0.017980 seconds 
========================================================================
Received Import Request.
  Time since last request: 0.000039 seconds.
  path: Assets/Fantasy Skybox FREE/Cubemaps/FS017/FS017_Snowy_Cubemap.mat
  artifactKey: Guid(b1026180dc7c2da46ae84254ddc371da) Importer(815301076,1909f56bfc062723c751e8b465ee728b)
Start importing Assets/Fantasy Skybox FREE/Cubemaps/FS017/FS017_Snowy_Cubemap.mat using Guid(b1026180dc7c2da46ae84254ddc371da) Importer(815301076,1909f56bfc062723c751e8b465ee728b)  -> (artifact id: '936902d58e801f61614bf66776b09c93') in 0.018011 seconds 
========================================================================
Received Import Request.
  Time since last request: 0.053549 seconds.
  path: Assets/Fantasy Skybox FREE/Panoramics/FS017/FS017_Day.mat
  artifactKey: Guid(0d5771081eb9abb43b1792b52260d914) Importer(815301076,1909f56bfc062723c751e8b465ee728b)
Start importing Assets/Fantasy Skybox FREE/Panoramics/FS017/FS017_Day.mat using Guid(0d5771081eb9abb43b1792b52260d914) Importer(815301076,1909f56bfc062723c751e8b465ee728b)  -> (artifact id: '6f0bae4e57c45026f566b622a535ce5b') in 0.017073 seconds 
========================================================================
Received Import Request.
  Time since last request: 0.000023 seconds.
  path: Assets/Fantasy Skybox FREE/Cubemaps/FS017/FS017_Day_Sunless_Cubemap.mat
  artifactKey: Guid(0cd0203ab60f88f4db947a87b4f57cbd) Importer(815301076,1909f56bfc062723c751e8b465ee728b)
Start importing Assets/Fantasy Skybox FREE/Cubemaps/FS017/FS017_Day_Sunless_Cubemap.mat using Guid(0cd0203ab60f88f4db947a87b4f57cbd) Importer(815301076,1909f56bfc062723c751e8b465ee728b)  -> (artifact id: 'f7780392a7eb31867dada1979694705a') in 0.017302 seconds 
========================================================================
Received Import Request.
  Time since last request: 0.023947 seconds.
  path: Assets/Fantasy Skybox FREE/Panoramics/FS013/FS013_Sunset.mat
  artifactKey: Guid(de1d750fefeeac642bf9b11a3978ccf5) Importer(815301076,1909f56bfc062723c751e8b465ee728b)
Start importing Assets/Fantasy Skybox FREE/Panoramics/FS013/FS013_Sunset.mat using Guid(de1d750fefeeac642bf9b11a3978ccf5) Importer(815301076,1909f56bfc062723c751e8b465ee728b)  -> (artifact id: '14c63044e1b983240e7b33ebb8e04161') in 0.015465 seconds 
========================================================================
Received Import Request.
  Time since last request: 0.100209 seconds.
  path: Assets/Fantasy Skybox FREE/Panoramics/FS013/FS013_Sunrise.mat
  artifactKey: Guid(3a253cab252a165478338fba0f03e63a) Importer(815301076,1909f56bfc062723c751e8b465ee728b)
Start importing Assets/Fantasy Skybox FREE/Panoramics/FS013/FS013_Sunrise.mat using Guid(3a253cab252a165478338fba0f03e63a) Importer(815301076,1909f56bfc062723c751e8b465ee728b)  -> (artifact id: '0504ce443655da8ee77662c43144b642') in 0.016270 seconds 
========================================================================
Received Import Request.
  Time since last request: 0.000024 seconds.
  path: Assets/Fantasy Skybox FREE/Cubemaps/FS013/FS013_Snowy_Cubemap.mat
  artifactKey: Guid(87567e7d36a377546a61db55aebf554c) Importer(815301076,1909f56bfc062723c751e8b465ee728b)
Start importing Assets/Fantasy Skybox FREE/Cubemaps/FS013/FS013_Snowy_Cubemap.mat using Guid(87567e7d36a377546a61db55aebf554c) Importer(815301076,1909f56bfc062723c751e8b465ee728b)  -> (artifact id: '3aa5c945250ef0cec65c126d712476cd') in 0.016998 seconds 
========================================================================
Received Import Request.
  Time since last request: 0.015039 seconds.
  path: Assets/Fantasy Skybox FREE/Panoramics/FS013/FS013_Rainy.mat
  artifactKey: Guid(8426cf3d3939a7d419671f3d5c269c0b) Importer(815301076,1909f56bfc062723c751e8b465ee728b)
Start importing Assets/Fantasy Skybox FREE/Panoramics/FS013/FS013_Rainy.mat using Guid(8426cf3d3939a7d419671f3d5c269c0b) Importer(815301076,1909f56bfc062723c751e8b465ee728b)  -> (artifact id: 'c8dd819f50cf0306e0a812acda14e215') in 0.014783 seconds 
========================================================================
Received Import Request.
  Time since last request: 0.029469 seconds.
  path: Assets/Fantasy Skybox FREE/Panoramics/FS013/FS013_Night_Moonless.mat
  artifactKey: Guid(56c9ed5ee739a324e8d8bdb9613f4890) Importer(815301076,1909f56bfc062723c751e8b465ee728b)
Start importing Assets/Fantasy Skybox FREE/Panoramics/FS013/FS013_Night_Moonless.mat using Guid(56c9ed5ee739a324e8d8bdb9613f4890) Importer(815301076,1909f56bfc062723c751e8b465ee728b)  -> (artifact id: 'c4175b8b2ce7ee57f9cae5d663d2db15') in 0.016177 seconds 
========================================================================
Received Import Request.
  Time since last request: 0.027583 seconds.
  path: Assets/Fantasy Skybox FREE/Panoramics/FS013/FS013_Night.mat
  artifactKey: Guid(6eecb3bb77b3f7a43a504fceda3b0b5f) Importer(815301076,1909f56bfc062723c751e8b465ee728b)
Start importing Assets/Fantasy Skybox FREE/Panoramics/FS013/FS013_Night.mat using Guid(6eecb3bb77b3f7a43a504fceda3b0b5f) Importer(815301076,1909f56bfc062723c751e8b465ee728b)  -> (artifact id: 'a6a83b44caf18b57a4bba4c901bf1d20') in 0.015285 seconds 
========================================================================
Received Import Request.
  Time since last request: 0.081244 seconds.
  path: Assets/Fantasy Skybox FREE/Panoramics/FS003/FS003_Sunset.mat
  artifactKey: Guid(6e00f8b39315691449f256740a5cb862) Importer(815301076,1909f56bfc062723c751e8b465ee728b)
Start importing Assets/Fantasy Skybox FREE/Panoramics/FS003/FS003_Sunset.mat using Guid(6e00f8b39315691449f256740a5cb862) Importer(815301076,1909f56bfc062723c751e8b465ee728b)  -> (artifact id: '9a9618b0953f7b77d2baeebc7262edb5') in 0.017070 seconds 
========================================================================
Received Import Request.
  Time since last request: 0.000028 seconds.
  path: Assets/Fantasy Skybox FREE/Panoramics/FS003/FS003_Sunrise.mat
  artifactKey: Guid(023808db2bfa00d44929aa2176d29c76) Importer(815301076,1909f56bfc062723c751e8b465ee728b)
Start importing Assets/Fantasy Skybox FREE/Panoramics/FS003/FS003_Sunrise.mat using Guid(023808db2bfa00d44929aa2176d29c76) Importer(815301076,1909f56bfc062723c751e8b465ee728b)  -> (artifact id: 'eed0cc08b7471f7322c0e925650287cf') in 0.015797 seconds 
========================================================================
Received Import Request.
  Time since last request: 0.130225 seconds.
  path: Assets/Fantasy Skybox FREE/Panoramics/FS003/FS003_Snowy.mat
  artifactKey: Guid(b141c8e4f6387ef45b13a68b10c88b7f) Importer(815301076,1909f56bfc062723c751e8b465ee728b)
Start importing Assets/Fantasy Skybox FREE/Panoramics/FS003/FS003_Snowy.mat using Guid(b141c8e4f6387ef45b13a68b10c88b7f) Importer(815301076,1909f56bfc062723c751e8b465ee728b)  -> (artifact id: '3d6c896662107d69388c90f8780dc788') in 0.016300 seconds 
========================================================================
Received Import Request.
  Time since last request: 0.087003 seconds.
  path: Assets/Fantasy Skybox FREE/Panoramics/FS003/FS003_Night.mat
  artifactKey: Guid(80fa4f34db87aad4d93c45188b19bfd6) Importer(815301076,1909f56bfc062723c751e8b465ee728b)
Start importing Assets/Fantasy Skybox FREE/Panoramics/FS003/FS003_Night.mat using Guid(80fa4f34db87aad4d93c45188b19bfd6) Importer(815301076,1909f56bfc062723c751e8b465ee728b)  -> (artifact id: 'd35dbb713fb22fb7d2b0c4935c73fbf5') in 0.016327 seconds 
========================================================================
Received Import Request.
  Time since last request: 0.104563 seconds.
  path: Assets/Fantasy Skybox FREE/Panoramics/FS002/FS002_Sunset.mat
  artifactKey: Guid(44d0573bf6d91e447b62f3aff840f2ae) Importer(815301076,1909f56bfc062723c751e8b465ee728b)
Start importing Assets/Fantasy Skybox FREE/Panoramics/FS002/FS002_Sunset.mat using Guid(44d0573bf6d91e447b62f3aff840f2ae) Importer(815301076,1909f56bfc062723c751e8b465ee728b)  -> (artifact id: '113fda09c89dcfefcd12162d601183db') in 0.017284 seconds 
========================================================================
Received Import Request.
  Time since last request: 0.000071 seconds.
  path: Assets/Fantasy Skybox FREE/Panoramics/FS002/FS002_Sunrise.mat
  artifactKey: Guid(7c86d4abbd33b564b9e773aceadb8572) Importer(815301076,1909f56bfc062723c751e8b465ee728b)
Start importing Assets/Fantasy Skybox FREE/Panoramics/FS002/FS002_Sunrise.mat using Guid(7c86d4abbd33b564b9e773aceadb8572) Importer(815301076,1909f56bfc062723c751e8b465ee728b)  -> (artifact id: '0c3b465eb79e04ae9d901b96e663becf') in 0.013665 seconds 
========================================================================
Received Import Request.
  Time since last request: 0.083534 seconds.
  path: Assets/Fantasy Skybox FREE/Panoramics/FS002/FS002_Snowy.mat
  artifactKey: Guid(7b0f2096b49ccfb4f8b47c8084d650fa) Importer(815301076,1909f56bfc062723c751e8b465ee728b)
Start importing Assets/Fantasy Skybox FREE/Panoramics/FS002/FS002_Snowy.mat using Guid(7b0f2096b49ccfb4f8b47c8084d650fa) Importer(815301076,1909f56bfc062723c751e8b465ee728b)  -> (artifact id: '39a58a128d3437f128b7c3b42bca772e') in 0.013891 seconds 
========================================================================
Received Import Request.
  Time since last request: 0.102935 seconds.
  path: Assets/Fantasy Skybox FREE/Panoramics/FS002/FS002_Night.mat
  artifactKey: Guid(d1fdb8e44b28da34d9e922cca0bc740e) Importer(815301076,1909f56bfc062723c751e8b465ee728b)
Start importing Assets/Fantasy Skybox FREE/Panoramics/FS002/FS002_Night.mat using Guid(d1fdb8e44b28da34d9e922cca0bc740e) Importer(815301076,1909f56bfc062723c751e8b465ee728b)  -> (artifact id: '87066ad151a64ade834b02dac6f480f6') in 0.015580 seconds 
========================================================================
Received Import Request.
  Time since last request: 0.047796 seconds.
  path: Assets/Fantasy Skybox FREE/Panoramics/FS002/FS002_Day_Sunless.mat
  artifactKey: Guid(67950864b84c5db4f9eee7ca51c85571) Importer(815301076,1909f56bfc062723c751e8b465ee728b)
Start importing Assets/Fantasy Skybox FREE/Panoramics/FS002/FS002_Day_Sunless.mat using Guid(67950864b84c5db4f9eee7ca51c85571) Importer(815301076,1909f56bfc062723c751e8b465ee728b)  -> (artifact id: '678c1c647772dc5a427992e41f4e2092') in 0.014173 seconds 
========================================================================
Received Import Request.
  Time since last request: 0.126888 seconds.
  path: Assets/Fantasy Skybox FREE/Panoramics/FS002/FS002_Day.mat
  artifactKey: Guid(9ca22510633fbfd4399f1704cd9d5c72) Importer(815301076,1909f56bfc062723c751e8b465ee728b)
Start importing Assets/Fantasy Skybox FREE/Panoramics/FS002/FS002_Day.mat using Guid(9ca22510633fbfd4399f1704cd9d5c72) Importer(815301076,1909f56bfc062723c751e8b465ee728b)  -> (artifact id: '50a821e6e149652dadde97401a57116e') in 0.017218 seconds 
========================================================================
Received Import Request.
  Time since last request: 0.041501 seconds.
  path: Assets/Fantasy Skybox FREE/Cubemaps/Classic/FS000_Night_02.mat
  artifactKey: Guid(8202c457dff32486ba5ae1f2f548d983) Importer(815301076,1909f56bfc062723c751e8b465ee728b)
Start importing Assets/Fantasy Skybox FREE/Cubemaps/Classic/FS000_Night_02.mat using Guid(8202c457dff32486ba5ae1f2f548d983) Importer(815301076,1909f56bfc062723c751e8b465ee728b)  -> (artifact id: 'f871dc503c38a80ddd567caaec383912') in 0.014213 seconds 
========================================================================
Received Import Request.
  Time since last request: 0.030947 seconds.
  path: Assets/Fantasy Skybox FREE/Cubemaps/Classic/FS000_Day_06.mat
  artifactKey: Guid(123caa41e84e041d0bd65bb3ae888dd1) Importer(815301076,1909f56bfc062723c751e8b465ee728b)
Start importing Assets/Fantasy Skybox FREE/Cubemaps/Classic/FS000_Day_06.mat using Guid(123caa41e84e041d0bd65bb3ae888dd1) Importer(815301076,1909f56bfc062723c751e8b465ee728b)  -> (artifact id: '0716808c6aed5ec3e42f609e73acfcdd') in 0.018181 seconds 
========================================================================
Received Import Request.
  Time since last request: 0.171693 seconds.
  path: Assets/Fantasy Skybox FREE/Cubemaps/Classic/FS000_Day_05.mat
  artifactKey: Guid(e11f5b66aad75483b8cd16ee18a0c917) Importer(815301076,1909f56bfc062723c751e8b465ee728b)
Start importing Assets/Fantasy Skybox FREE/Cubemaps/Classic/FS000_Day_05.mat using Guid(e11f5b66aad75483b8cd16ee18a0c917) Importer(815301076,1909f56bfc062723c751e8b465ee728b)  -> (artifact id: '0588a4f716167aa911323a3569afef43') in 0.016320 seconds 
========================================================================
Received Import Request.
  Time since last request: 0.000040 seconds.
  path: Assets/Fantasy Skybox FREE/Cubemaps/Classic/FS000_Day_03.mat
  artifactKey: Guid(33ab377b49aa14f6fae6e5bac230a5d4) Importer(815301076,1909f56bfc062723c751e8b465ee728b)
Start importing Assets/Fantasy Skybox FREE/Cubemaps/Classic/FS000_Day_03.mat using Guid(33ab377b49aa14f6fae6e5bac230a5d4) Importer(815301076,1909f56bfc062723c751e8b465ee728b)  -> (artifact id: 'eb6ccc8de8e72cb5adf4a4199fef4139') in 0.014224 seconds 
========================================================================
Received Import Request.
  Time since last request: 10.532837 seconds.
  path: Assets/FourEvilDragonsHP/Materials/DragonNightmare
  artifactKey: Guid(8951681ce11f2c740af714951bdd1ad5) Importer(815301076,1909f56bfc062723c751e8b465ee728b)
Start importing Assets/FourEvilDragonsHP/Materials/DragonNightmare using Guid(8951681ce11f2c740af714951bdd1ad5) Importer(815301076,1909f56bfc062723c751e8b465ee728b)  -> (artifact id: '89d2ca54ef5107626a39aa808501d464') in 0.006410 seconds 
========================================================================
Received Import Request.
  Time since last request: 0.076231 seconds.
  path: Assets/FourEvilDragonsHP/Materials/DragonNightmare/AlbinoHP.mat
  artifactKey: Guid(8000a685f5b509b45b455c9ffd1f347f) Importer(815301076,1909f56bfc062723c751e8b465ee728b)
Start importing Assets/FourEvilDragonsHP/Materials/DragonNightmare/AlbinoHP.mat using Guid(8000a685f5b509b45b455c9ffd1f347f) Importer(815301076,1909f56bfc062723c751e8b465ee728b)  -> (artifact id: '0b1f07a593dde8b92811758a4ecb22ab') in 0.020195 seconds 
========================================================================
Received Import Request.
  Time since last request: 29.912293 seconds.
  path: Assets/Fantasy Skybox FREE/Cubemaps/Classic/FS000_Day_02.mat
  artifactKey: Guid(fa95802f80bd745cfb5e9c89f7e22341) Importer(815301076,1909f56bfc062723c751e8b465ee728b)
Start importing Assets/Fantasy Skybox FREE/Cubemaps/Classic/FS000_Day_02.mat using Guid(fa95802f80bd745cfb5e9c89f7e22341) Importer(815301076,1909f56bfc062723c751e8b465ee728b)  -> (artifact id: 'ff8023659edaa8027f61cdf29eb9d7c9') in 0.013511 seconds 
========================================================================
Received Import Request.
  Time since last request: 0.037146 seconds.
  path: Assets/Fantasy Skybox FREE/Cubemaps/Classic/FS000_Day_01.mat
  artifactKey: Guid(12ccb828343c3405fb94289774b51aad) Importer(815301076,1909f56bfc062723c751e8b465ee728b)
Start importing Assets/Fantasy Skybox FREE/Cubemaps/Classic/FS000_Day_01.mat using Guid(12ccb828343c3405fb94289774b51aad) Importer(815301076,1909f56bfc062723c751e8b465ee728b)  -> (artifact id: '082c02e450f2f354e9b2283c919fa594') in 0.016051 seconds 
========================================================================
Received Import Request.
  Time since last request: 0.142930 seconds.
  path: Assets/FourEvilDragonsHP/Materials/DragonSoulEater/BlueHP.mat
  artifactKey: Guid(5fcde950c31077243850f23d14ba9a5a) Importer(815301076,1909f56bfc062723c751e8b465ee728b)
Start importing Assets/FourEvilDragonsHP/Materials/DragonSoulEater/BlueHP.mat using Guid(5fcde950c31077243850f23d14ba9a5a) Importer(815301076,1909f56bfc062723c751e8b465ee728b)  -> (artifact id: 'b09b6681a779a5572b03c7415dbef030') in 0.013442 seconds 
========================================================================
Received Import Request.
  Time since last request: 0.006697 seconds.
  path: Assets/FourEvilDragonsHP/Materials/DragonUsurper/BlueHP.mat
  artifactKey: Guid(b610c12dfb915564fa7d6ed9771555e3) Importer(815301076,1909f56bfc062723c751e8b465ee728b)
Start importing Assets/FourEvilDragonsHP/Materials/DragonUsurper/BlueHP.mat using Guid(b610c12dfb915564fa7d6ed9771555e3) Importer(815301076,1909f56bfc062723c751e8b465ee728b)  -> (artifact id: 'c75a86cd184e2a7283320163cf909a9c') in 0.015731 seconds 
========================================================================
Received Import Request.
  Time since last request: 8.390840 seconds.
  path: Assets/FourEvilDragonsHP/Animations/DragonNightMare/Claw Attack.fbx
  artifactKey: Guid(a8d68f882ac2f2f48982204cc9c22f27) Importer(815301076,1909f56bfc062723c751e8b465ee728b)
Start importing Assets/FourEvilDragonsHP/Animations/DragonNightMare/Claw Attack.fbx using Guid(a8d68f882ac2f2f48982204cc9c22f27) Importer(815301076,1909f56bfc062723c751e8b465ee728b)  -> (artifact id: '4baa31b7ebc9dd6959b9c117138dcc48') in 0.022560 seconds 
========================================================================
Received Import Request.
  Time since last request: 0.055988 seconds.
  path: Assets/FourEvilDragonsHP/Animations/DragonNightMare/die.fbx
  artifactKey: Guid(4b1dcfc331de54549a94b650385f751e) Importer(815301076,1909f56bfc062723c751e8b465ee728b)
Start importing Assets/FourEvilDragonsHP/Animations/DragonNightMare/die.fbx using Guid(4b1dcfc331de54549a94b650385f751e) Importer(815301076,1909f56bfc062723c751e8b465ee728b)  -> (artifact id: 'af6847748768a0309521cf690387853f') in 0.022374 seconds 
========================================================================
Received Import Request.
  Time since last request: 0.533180 seconds.
  path: Assets/FourEvilDragonsHP/Animations/DragonNightMare/Horn Attack.fbx
  artifactKey: Guid(19a5a8dd9f6eaba49980048610a6e8e3) Importer(815301076,1909f56bfc062723c751e8b465ee728b)
Start importing Assets/FourEvilDragonsHP/Animations/DragonNightMare/Horn Attack.fbx using Guid(19a5a8dd9f6eaba49980048610a6e8e3) Importer(815301076,1909f56bfc062723c751e8b465ee728b)  -> (artifact id: 'b0d95adb00d580faf71f7dc9793e672c') in 0.019778 seconds 
========================================================================
Received Import Request.
  Time since last request: 0.027647 seconds.
  path: Assets/FourEvilDragonsHP/Animations/DragonNightMare/idle02.fbx
  artifactKey: Guid(9d21fa939f154f147ac659d23465c4ed) Importer(815301076,1909f56bfc062723c751e8b465ee728b)
Start importing Assets/FourEvilDragonsHP/Animations/DragonNightMare/idle02.fbx using Guid(9d21fa939f154f147ac659d23465c4ed) Importer(815301076,1909f56bfc062723c751e8b465ee728b)  -> (artifact id: 'ad28a5a679929892c0490fa488197d20') in 0.025224 seconds 
========================================================================
Received Import Request.
  Time since last request: 0.491955 seconds.
  path: Assets/FourEvilDragonsHP/Animations/DragonNightMare/Sleep.fbx
  artifactKey: Guid(5cfe5b96be26d60478f7a5749d947a62) Importer(815301076,1909f56bfc062723c751e8b465ee728b)
Start importing Assets/FourEvilDragonsHP/Animations/DragonNightMare/Sleep.fbx using Guid(5cfe5b96be26d60478f7a5749d947a62) Importer(815301076,1909f56bfc062723c751e8b465ee728b)  -> (artifact id: '91bfa738f624e3fad36c4f0878921853') in 0.020156 seconds 
========================================================================
Received Import Request.
  Time since last request: 0.034297 seconds.
  path: Assets/FourEvilDragonsHP/Animations/DragonNightMare/walkBack.fbx
  artifactKey: Guid(febc3ddda9a2b7e48a803fdfeeaf757d) Importer(815301076,1909f56bfc062723c751e8b465ee728b)
Start importing Assets/FourEvilDragonsHP/Animations/DragonNightMare/walkBack.fbx using Guid(febc3ddda9a2b7e48a803fdfeeaf757d) Importer(815301076,1909f56bfc062723c751e8b465ee728b)  -> (artifact id: '697b873993147c2ea7b4c005bc21092e') in 0.051945 seconds 
========================================================================
Received Import Request.
  Time since last request: 0.000035 seconds.
  path: Assets/FourEvilDragonsHP/Animations/DragonSoulEater/Scream.fbx
  artifactKey: Guid(8b0b248c4105fd841aad612f61769ae9) Importer(815301076,1909f56bfc062723c751e8b465ee728b)
Start importing Assets/FourEvilDragonsHP/Animations/DragonSoulEater/Scream.fbx using Guid(8b0b248c4105fd841aad612f61769ae9) Importer(815301076,1909f56bfc062723c751e8b465ee728b)  -> (artifact id: 'bfe4368a944027599f106e4cb5fe31d9') in 0.017729 seconds 
========================================================================
Received Import Request.
  Time since last request: 0.204597 seconds.
  path: Assets/FourEvilDragonsHP/Animations/DragonSoulEater/Walk.fbx
  artifactKey: Guid(555c2f8b240202a4c8f3c3f412587e5a) Importer(815301076,1909f56bfc062723c751e8b465ee728b)
Start importing Assets/FourEvilDragonsHP/Animations/DragonSoulEater/Walk.fbx using Guid(555c2f8b240202a4c8f3c3f412587e5a) Importer(815301076,1909f56bfc062723c751e8b465ee728b)  -> (artifact id: '610fa692d6db96fc09f3d8095fb78a04') in 0.025751 seconds 
========================================================================
Received Import Request.
  Time since last request: 0.000026 seconds.
  path: Assets/FourEvilDragonsHP/Animations/DragonSoulEater/Run.fbx
  artifactKey: Guid(93048e03d4dc597468fce555d02e9274) Importer(815301076,1909f56bfc062723c751e8b465ee728b)
Start importing Assets/FourEvilDragonsHP/Animations/DragonSoulEater/Run.fbx using Guid(93048e03d4dc597468fce555d02e9274) Importer(815301076,1909f56bfc062723c751e8b465ee728b)  -> (artifact id: 'ef686c072a6558847b333d8bbc6e34b8') in 0.021715 seconds 
========================================================================
Received Import Request.
  Time since last request: 0.661553 seconds.
  path: Assets/FourEvilDragonsHP/Animations/DragonSoulEater/Idle.fbx
  artifactKey: Guid(53822ae0b4a40a24b97e0cf0388e4248) Importer(815301076,1909f56bfc062723c751e8b465ee728b)
Start importing Assets/FourEvilDragonsHP/Animations/DragonSoulEater/Idle.fbx using Guid(53822ae0b4a40a24b97e0cf0388e4248) Importer(815301076,1909f56bfc062723c751e8b465ee728b)  -> (artifact id: 'a175537e083068290a37f6b5c301a452') in 0.026280 seconds 
========================================================================
Received Import Request.
  Time since last request: 0.000034 seconds.
  path: Assets/FourEvilDragonsHP/Animations/DragonSoulEater/Fireball Shoot.fbx
  artifactKey: Guid(6e4f9ef5485ccb04299f52ceae24d120) Importer(815301076,1909f56bfc062723c751e8b465ee728b)
Start importing Assets/FourEvilDragonsHP/Animations/DragonSoulEater/Fireball Shoot.fbx using Guid(6e4f9ef5485ccb04299f52ceae24d120) Importer(815301076,1909f56bfc062723c751e8b465ee728b)  -> (artifact id: 'b36e074bd1eb06c97ca053c210c482d8') in 0.027987 seconds 
========================================================================
Received Import Request.
  Time since last request: 0.003931 seconds.
  path: Assets/FourEvilDragonsHP/Animations/DragonSoulEater/Basic Attack.fbx
  artifactKey: Guid(5d9efb65c776b714fb5123711f07de0c) Importer(815301076,1909f56bfc062723c751e8b465ee728b)
Start importing Assets/FourEvilDragonsHP/Animations/DragonSoulEater/Basic Attack.fbx using Guid(5d9efb65c776b714fb5123711f07de0c) Importer(815301076,1909f56bfc062723c751e8b465ee728b)  -> (artifact id: 'ece8357ddf9570554e02528cbf260ab7') in 0.020677 seconds 
========================================================================
Received Import Request.
  Time since last request: 0.016722 seconds.
  path: Assets/FourEvilDragonsHP/Animations/DragonTerrorBringer/sleep.fbx
  artifactKey: Guid(d1f47f7ac86a75840bfb342ed7ca65d0) Importer(815301076,1909f56bfc062723c751e8b465ee728b)
Start importing Assets/FourEvilDragonsHP/Animations/DragonTerrorBringer/sleep.fbx using Guid(d1f47f7ac86a75840bfb342ed7ca65d0) Importer(815301076,1909f56bfc062723c751e8b465ee728b)  -> (artifact id: '32b43b13becc93e7ada6b5d65ac4ccc8') in 0.027541 seconds 
========================================================================
Received Import Request.
  Time since last request: 0.000018 seconds.
  path: Assets/FourEvilDragonsHP/Animations/DragonTerrorBringer/die.fbx
  artifactKey: Guid(49d0a594e1ca9d54ca3e17fb24d28f5c) Importer(815301076,1909f56bfc062723c751e8b465ee728b)
Start importing Assets/FourEvilDragonsHP/Animations/DragonTerrorBringer/die.fbx using Guid(49d0a594e1ca9d54ca3e17fb24d28f5c) Importer(815301076,1909f56bfc062723c751e8b465ee728b)  -> (artifact id: '43a90ba2f53204eb1fc45ad674093cd1') in 0.025259 seconds 
========================================================================
Received Import Request.
  Time since last request: 0.000022 seconds.
  path: Assets/FourEvilDragonsHP/Animations/DragonTerrorBringer/Landing.fbx
  artifactKey: Guid(f728a9645c91629469fdc1e9a452ddea) Importer(815301076,1909f56bfc062723c751e8b465ee728b)
Start importing Assets/FourEvilDragonsHP/Animations/DragonTerrorBringer/Landing.fbx using Guid(f728a9645c91629469fdc1e9a452ddea) Importer(815301076,1909f56bfc062723c751e8b465ee728b)  -> (artifact id: 'bbfae0d8c9ac20b9b7586a376e472364') in 0.021042 seconds 
========================================================================
Received Import Request.
  Time since last request: 0.012003 seconds.
  path: Assets/FourEvilDragonsHP/Animations/DragonTerrorBringer/idle02.fbx
  artifactKey: Guid(cbbe4ed6e6acf294e9df235ff6184874) Importer(815301076,1909f56bfc062723c751e8b465ee728b)
Start importing Assets/FourEvilDragonsHP/Animations/DragonTerrorBringer/idle02.fbx using Guid(cbbe4ed6e6acf294e9df235ff6184874) Importer(815301076,1909f56bfc062723c751e8b465ee728b)  -> (artifact id: '0b36715c31ef6e7e8f6abf32e8ac0127') in 0.018772 seconds 
========================================================================
Received Import Request.
  Time since last request: 0.076755 seconds.
  path: Assets/FourEvilDragonsHP/Animations/DragonTerrorBringer/FlyIdle.fbx
  artifactKey: Guid(fe8f656bdccb4074683e623a09c9728e) Importer(815301076,1909f56bfc062723c751e8b465ee728b)
Start importing Assets/FourEvilDragonsHP/Animations/DragonTerrorBringer/FlyIdle.fbx using Guid(fe8f656bdccb4074683e623a09c9728e) Importer(815301076,1909f56bfc062723c751e8b465ee728b)  -> (artifact id: '9b2a56458efd51eb6cfb5c43785600d7') in 0.021771 seconds 
========================================================================
Received Import Request.
  Time since last request: 0.071354 seconds.
  path: Assets/FourEvilDragonsHP/Animations/DragonTerrorBringer/FlyForward.fbx
  artifactKey: Guid(d1facc13bc40c14408f2106cf788a7fd) Importer(815301076,1909f56bfc062723c751e8b465ee728b)
Start importing Assets/FourEvilDragonsHP/Animations/DragonTerrorBringer/FlyForward.fbx using Guid(d1facc13bc40c14408f2106cf788a7fd) Importer(815301076,1909f56bfc062723c751e8b465ee728b)  -> (artifact id: '38a159ac24628d31c324c70018ee7b6b') in 0.019771 seconds 
========================================================================
Received Import Request.
  Time since last request: 0.135642 seconds.
  path: Assets/FourEvilDragonsHP/Animations/DragonTerrorBringer/Flame Attack.fbx
  artifactKey: Guid(b39c8cd2e979bd0458d96f045c9e4464) Importer(815301076,1909f56bfc062723c751e8b465ee728b)
Start importing Assets/FourEvilDragonsHP/Animations/DragonTerrorBringer/Flame Attack.fbx using Guid(b39c8cd2e979bd0458d96f045c9e4464) Importer(815301076,1909f56bfc062723c751e8b465ee728b)  -> (artifact id: '4aa7ddd040619b9401c204d4e1050e9d') in 0.020000 seconds 
========================================================================
Received Import Request.
  Time since last request: 0.111379 seconds.
  path: Assets/FourEvilDragonsHP/Animations/DragonUsurper/Defend.fbx
  artifactKey: Guid(0cbecf51da098bb49a79d74e183a1695) Importer(815301076,1909f56bfc062723c751e8b465ee728b)
Start importing Assets/FourEvilDragonsHP/Animations/DragonUsurper/Defend.fbx using Guid(0cbecf51da098bb49a79d74e183a1695) Importer(815301076,1909f56bfc062723c751e8b465ee728b)  -> (artifact id: '48c98fa08ee668ec6eb7882038f4efc9') in 0.020802 seconds 
========================================================================
Received Import Request.
  Time since last request: 0.039612 seconds.
  path: Assets/FourEvilDragonsHP/Animations/DragonUsurper/attackHand.fbx
  artifactKey: Guid(1420a40f7b2cd1341944b103718427f4) Importer(815301076,1909f56bfc062723c751e8b465ee728b)
Start importing Assets/FourEvilDragonsHP/Animations/DragonUsurper/attackHand.fbx using Guid(1420a40f7b2cd1341944b103718427f4) Importer(815301076,1909f56bfc062723c751e8b465ee728b)  -> (artifact id: 'ca81a5ced8b35e9044a15191f1fa41a9') in 0.026917 seconds 
========================================================================
Received Import Request.
  Time since last request: 0.089906 seconds.
  path: Assets/FourEvilDragonsHP/Animations/DragonUsurper/Scream.fbx
  artifactKey: Guid(497f35860988216419561f5b7835a430) Importer(815301076,1909f56bfc062723c751e8b465ee728b)
Start importing Assets/FourEvilDragonsHP/Animations/DragonUsurper/Scream.fbx using Guid(497f35860988216419561f5b7835a430) Importer(815301076,1909f56bfc062723c751e8b465ee728b)  -> (artifact id: 'fd7f5cd7cf1e3226fb6e5c880970970e') in 0.025505 seconds 
========================================================================
Received Import Request.
  Time since last request: 0.000035 seconds.
  path: Assets/FourEvilDragonsHP/Animations/DragonUsurper/attackFlame.fbx
  artifactKey: Guid(f3c4af16992f14c43a050675b9be2f68) Importer(815301076,1909f56bfc062723c751e8b465ee728b)
Start importing Assets/FourEvilDragonsHP/Animations/DragonUsurper/attackFlame.fbx using Guid(f3c4af16992f14c43a050675b9be2f68) Importer(815301076,1909f56bfc062723c751e8b465ee728b)  -> (artifact id: '4e0b836da70d2bff9186bc7568f59266') in 0.027393 seconds 
========================================================================
Received Import Request.
  Time since last request: 0.051423 seconds.
  path: Assets/FourEvilDragonsHP/Animations/DragonUsurper/Die.fbx
  artifactKey: Guid(347d2e064d3a3f946b17655dcc998386) Importer(815301076,1909f56bfc062723c751e8b465ee728b)
Start importing Assets/FourEvilDragonsHP/Animations/DragonUsurper/Die.fbx using Guid(347d2e064d3a3f946b17655dcc998386) Importer(815301076,1909f56bfc062723c751e8b465ee728b)  -> (artifact id: '3d88755cb5ce7feeb7fb9eb63a435d23') in 0.022734 seconds 
========================================================================
Received Import Request.
  Time since last request: 33.944858 seconds.
  path: Assets/FourEvilDragonsHP/Prefab/DragonNightmare
  artifactKey: Guid(8dbb47dd5a279ff48ae42d51c9373f57) Importer(815301076,1909f56bfc062723c751e8b465ee728b)
Start importing Assets/FourEvilDragonsHP/Prefab/DragonNightmare using Guid(8dbb47dd5a279ff48ae42d51c9373f57) Importer(815301076,1909f56bfc062723c751e8b465ee728b)  -> (artifact id: 'e59b9d3047e4d9b1991134bf053f30df') in 0.002440 seconds 
========================================================================
Received Import Request.
  Time since last request: 0.050630 seconds.
  path: Assets/FourEvilDragonsHP/Prefab/DragonNightmare/Albino.prefab
  artifactKey: Guid(8252519d2c6fd014bb5f75765a8c4fda) Importer(815301076,1909f56bfc062723c751e8b465ee728b)
Start importing Assets/FourEvilDragonsHP/Prefab/DragonNightmare/Albino.prefab using Guid(8252519d2c6fd014bb5f75765a8c4fda) Importer(815301076,1909f56bfc062723c751e8b465ee728b)  -> (artifact id: '132fbafa08e3fbac25c15365e36edc3f') in 0.050748 seconds 
========================================================================
Received Import Request.
  Time since last request: 13.924927 seconds.
  path: Assets/FourEvilDragonsHP/Texture/DragonNightmare
  artifactKey: Guid(ca31e7e920cf2b54b8ee9bc980b80888) Importer(815301076,1909f56bfc062723c751e8b465ee728b)
Start importing Assets/FourEvilDragonsHP/Texture/DragonNightmare using Guid(ca31e7e920cf2b54b8ee9bc980b80888) Importer(815301076,1909f56bfc062723c751e8b465ee728b)  -> (artifact id: '6b03f789cd865fcedb7847b40d369b49') in 0.005984 seconds 
========================================================================
Received Import Request.
  Time since last request: 0.047179 seconds.
  path: Assets/FourEvilDragonsHP/Texture/DragonNightmare/AlbinoHP.png
  artifactKey: Guid(567379e57808cd747b2f0e08790e0d76) Importer(815301076,1909f56bfc062723c751e8b465ee728b)
Start importing Assets/FourEvilDragonsHP/Texture/DragonNightmare/AlbinoHP.png using Guid(567379e57808cd747b2f0e08790e0d76) Importer(815301076,1909f56bfc062723c751e8b465ee728b)  -> (artifact id: '22410e15dca5a3e56995e5d9a96b164e') in 0.021831 seconds 
Editor requested this worker to shutdown with reason: Scaling down because of idle timeout
AssetImportWorker is now disconnected from the server
Process exiting
Exiting without the bug reporter. Application will terminate with return code 0