Using pre-set license
Built from '2021.3/staging' branch; Version is '2021.3.24f1 (cf10dcf7010d) revision 13570268'; Using compiler version '192829333'; Build Type 'Release'
OS: 'Windows 10  (10.0.19045) 64bit Core' Language: 'ko' Physical Memory: 16334 MB
BatchMode: 1, IsHumanControllingUs: 0, StartBugReporterOnCrash: 0, Is64bit: 1, IsPro: 1

COMMAND LINE ARGUMENTS:
D:\Unity\2021.3.24f1\Editor\Unity.exe
-adb2
-batchMode
-noUpm
-name
AssetImportWorker2
-projectPath
D:/UnityProjects/FinalProj/FinalProject/FinalProject
-logFile
Logs/AssetImportWorker2.log
-srvPort
10400
Successfully changed project path to: D:/UnityProjects/FinalProj/FinalProject/FinalProject
D:/UnityProjects/FinalProj/FinalProject/FinalProject
[UnityMemory] Configuration Parameters - Can be set up in boot.config
    "memorysetup-bucket-allocator-granularity=16"
    "memorysetup-bucket-allocator-bucket-count=8"
    "memorysetup-bucket-allocator-block-size=33554432"
    "memorysetup-bucket-allocator-block-count=8"
    "memorysetup-main-allocator-block-size=16777216"
    "memorysetup-thread-allocator-block-size=16777216"
    "memorysetup-gfx-main-allocator-block-size=16777216"
    "memorysetup-gfx-thread-allocator-block-size=16777216"
    "memorysetup-cache-allocator-block-size=4194304"
    "memorysetup-typetree-allocator-block-size=2097152"
    "memorysetup-profiler-bucket-allocator-granularity=16"
    "memorysetup-profiler-bucket-allocator-bucket-count=8"
    "memorysetup-profiler-bucket-allocator-block-size=33554432"
    "memorysetup-profiler-bucket-allocator-block-count=8"
    "memorysetup-profiler-allocator-block-size=16777216"
    "memorysetup-profiler-editor-allocator-block-size=1048576"
    "memorysetup-temp-allocator-size-main=16777216"
    "memorysetup-job-temp-allocator-block-size=2097152"
    "memorysetup-job-temp-allocator-block-size-background=1048576"
    "memorysetup-job-temp-allocator-reduction-small-platforms=262144"
    "memorysetup-temp-allocator-size-background-worker=32768"
    "memorysetup-temp-allocator-size-job-worker=262144"
    "memorysetup-temp-allocator-size-preload-manager=33554432"
    "memorysetup-temp-allocator-size-nav-mesh-worker=65536"
    "memorysetup-temp-allocator-size-audio-worker=65536"
    "memorysetup-temp-allocator-size-cloud-worker=32768"
    "memorysetup-temp-allocator-size-gi-baking-worker=262144"
    "memorysetup-temp-allocator-size-gfx=262144"
Player connection [30860] Host "[IP] 192.168.25.3 [Port] 0 [Flags] 2 [Guid] 2486568756 [EditorId] 2486568756 [Version] 1048832 [Id] WindowsEditor(7,DESKTOP-U6G1BF4) [Debug] 1 [PackageName] WindowsEditor [ProjectName] Editor" joined multi-casting on [225.0.0.222:54997]...

Player connection [30860] Host "[IP] 192.168.25.3 [Port] 0 [Flags] 2 [Guid] 2486568756 [EditorId] 2486568756 [Version] 1048832 [Id] WindowsEditor(7,DESKTOP-U6G1BF4) [Debug] 1 [PackageName] WindowsEditor [ProjectName] Editor" joined alternative multi-casting on [225.0.0.222:34997]...

Refreshing native plugins compatible for Editor in 113.91 ms, found 3 plugins.
Preloading 0 native plugins for Editor in 0.00 ms.
Initialize engine version: 2021.3.24f1 (cf10dcf7010d)
[Subsystems] Discovering subsystems at path D:/Unity/2021.3.24f1/Editor/Data/Resources/UnitySubsystems
[Subsystems] Discovering subsystems at path D:/UnityProjects/FinalProj/FinalProject/FinalProject/Assets
GfxDevice: creating device client; threaded=0; jobified=0
Direct3D:
    Version:  Direct3D 11.0 [level 11.1]
    Renderer: NVIDIA GeForce GTX 1070 Ti (ID=0x1b82)
    Vendor:   NVIDIA
    VRAM:     8079 MB
    Driver:   31.0.15.1694
Initialize mono
Mono path[0] = 'D:/Unity/2021.3.24f1/Editor/Data/Managed'
Mono path[1] = 'D:/Unity/2021.3.24f1/Editor/Data/MonoBleedingEdge/lib/mono/unityjit-win32'
Mono config path = 'D:/Unity/2021.3.24f1/Editor/Data/MonoBleedingEdge/etc'
Using monoOptions --debugger-agent=transport=dt_socket,embedding=1,server=y,suspend=n,address=127.0.0.1:56236
Begin MonoManager ReloadAssembly
Registering precompiled unity dll's ...
Register platform support module: D:/Unity/2021.3.24f1/Editor/Data/PlaybackEngines/WindowsStandaloneSupport/UnityEditor.WindowsStandalone.Extensions.dll
Registered in 0.010402 seconds.
Native extension for WindowsStandalone target not found
Refreshing native plugins compatible for Editor in 115.60 ms, found 3 plugins.
Preloading 0 native plugins for Editor in 0.00 ms.
Mono: successfully reloaded assembly
- Completed reload, in  1.197 seconds
Domain Reload Profiling:
	ReloadAssembly (1198ms)
		BeginReloadAssembly (265ms)
			ExecutionOrderSort (0ms)
			DisableScriptedObjects (0ms)
			BackupInstance (0ms)
			ReleaseScriptingObjects (0ms)
			CreateAndSetChildDomain (1ms)
		EndReloadAssembly (750ms)
			LoadAssemblies (266ms)
			RebuildTransferFunctionScriptingTraits (0ms)
			SetupTypeCache (189ms)
			ReleaseScriptCaches (0ms)
			RebuildScriptCaches (47ms)
			SetupLoadedEditorAssemblies (426ms)
				LogAssemblyErrors (0ms)
				InitializePlatformSupportModulesInManaged (12ms)
				SetLoadedEditorAssemblies (0ms)
				RefreshPlugins (116ms)
				BeforeProcessingInitializeOnLoad (2ms)
				ProcessInitializeOnLoadAttributes (202ms)
				ProcessInitializeOnLoadMethodAttributes (94ms)
				AfterProcessingInitializeOnLoad (0ms)
				EditorAssembliesLoaded (0ms)
			ExecutionOrderSort2 (0ms)
			AwakeInstancesAfterBackupRestoration (0ms)
Platform modules already initialized, skipping
Registering precompiled user dll's ...
Registered in 0.015899 seconds.
Begin MonoManager ReloadAssembly
Symbol file LoadedFromMemory doesn't match image D:\UnityProjects\FinalProj\FinalProject\FinalProject\Library\PackageCache\com.unity.visualscripting@1.8.0\Editor\VisualScripting.Core\Dependencies\YamlDotNet\Unity.VisualScripting.YamlDotNet.dll
Symbol file LoadedFromMemory doesn't match image D:\UnityProjects\FinalProj\FinalProject\FinalProject\Library\PackageCache\com.unity.visualscripting@1.8.0\Editor\VisualScripting.Core\Dependencies\DotNetZip\Unity.VisualScripting.IonicZip.dll
Native extension for WindowsStandalone target not found
Refreshing native plugins compatible for Editor in 1.10 ms, found 3 plugins.
Preloading 0 native plugins for Editor in 0.00 ms.
System.Exception: Error! Visual Scripting: couldn't find visual scripting package
  at Unity.VisualScripting.PackageVersionUtility.get_version () [0x00043] in D:\UnityProjects\FinalProj\FinalProject\FinalProject\Library\PackageCache\com.unity.visualscripting@1.8.0\Editor\VisualScripting.Core\Utilities\PackageVersionUtility.cs:31 
  at Unity.VisualScripting.BoltCoreManifest.get_version () [0x00000] in D:\UnityProjects\FinalProj\FinalProject\FinalProject\Library\PackageCache\com.unity.visualscripting@1.8.0\Editor\VisualScripting.Core\Plugin\BoltCoreManifest.cs:11 
  at Unity.VisualScripting.PluginManifest.get_currentVersion () [0x00000] in D:\UnityProjects\FinalProj\FinalProject\FinalProject\Library\PackageCache\com.unity.visualscripting@1.8.0\Editor\VisualScripting.Core\Plugins\PluginManifest.cs:33 
  at Unity.VisualScripting.PluginManifest.get_versionMismatch () [0x00000] in D:\UnityProjects\FinalProj\FinalProject\FinalProject\Library\PackageCache\com.unity.visualscripting@1.8.0\Editor\VisualScripting.Core\Plugins\PluginManifest.cs:48 
  at Unity.VisualScripting.PluginContainer.Initialize () [0x00525] in D:\UnityProjects\FinalProj\FinalProject\FinalProject\Library\PackageCache\com.unity.visualscripting@1.8.0\Editor\VisualScripting.Core\Plugins\PluginContainer.cs:208 
  at Unity.VisualScripting.PluginContainer.InitializeOnLoad () [0x00009] in D:\UnityProjects\FinalProj\FinalProject\FinalProject\Library\PackageCache\com.unity.visualscripting@1.8.0\Editor\VisualScripting.Core\Plugins\PluginContainer.cs:32 
  at Unity.VisualScripting.VSUsageUtility.DoInitializeOnLoadCalls () [0x00034] in D:\UnityProjects\FinalProj\FinalProject\FinalProject\Library\PackageCache\com.unity.visualscripting@1.8.0\Editor\VisualScripting.Core\Utilities\VSUsageUtility.cs:76 
  at Unity.VisualScripting.VSUsageUtility.set_isVisualScriptingUsed (System.Boolean value) [0x0002c] in D:\UnityProjects\FinalProj\FinalProject\FinalProject\Library\PackageCache\com.unity.visualscripting@1.8.0\Editor\VisualScripting.Core\Utilities\VSUsageUtility.cs:114 
  at Unity.VisualScripting.VSUsageUtility.CheckAndSetIsVisualScriptingUsed () [0x00032] in D:\UnityProjects\FinalProj\FinalProject\FinalProject\Library\PackageCache\com.unity.visualscripting@1.8.0\Editor\VisualScripting.Core\Utilities\VSUsageUtility.cs:48 
  at Unity.VisualScripting.VSUsageUtility..cctor () [0x00000] in D:\UnityProjects\FinalProj\FinalProject\FinalProject\Library\PackageCache\com.unity.visualscripting@1.8.0\Editor\VisualScripting.Core\Utilities\VSUsageUtility.cs:22 
UnityEngine.StackTraceUtility:ExtractStackTrace ()
UnityEngine.DebugLogHandler:LogFormat (UnityEngine.LogType,UnityEngine.Object,string,object[])
UnityEngine.Logger:Log (UnityEngine.LogType,object)
UnityEngine.Debug:LogError (object)
UnityEditor.EditorAssemblies:ProcessInitializeOnLoadAttributes (System.Type[])

Mono: successfully reloaded assembly
- Completed reload, in  2.424 seconds
Domain Reload Profiling:
	ReloadAssembly (2426ms)
		BeginReloadAssembly (314ms)
			ExecutionOrderSort (0ms)
			DisableScriptedObjects (9ms)
			BackupInstance (0ms)
			ReleaseScriptingObjects (0ms)
			CreateAndSetChildDomain (33ms)
		EndReloadAssembly (1950ms)
			LoadAssemblies (292ms)
			RebuildTransferFunctionScriptingTraits (0ms)
			SetupTypeCache (398ms)
			ReleaseScriptCaches (1ms)
			RebuildScriptCaches (74ms)
			SetupLoadedEditorAssemblies (1254ms)
				LogAssemblyErrors (0ms)
				InitializePlatformSupportModulesInManaged (7ms)
				SetLoadedEditorAssemblies (1ms)
				RefreshPlugins (1ms)
				BeforeProcessingInitializeOnLoad (106ms)
				ProcessInitializeOnLoadAttributes (1096ms)
				ProcessInitializeOnLoadMethodAttributes (31ms)
				AfterProcessingInitializeOnLoad (12ms)
				EditorAssembliesLoaded (0ms)
			ExecutionOrderSort2 (0ms)
			AwakeInstancesAfterBackupRestoration (27ms)
Platform modules already initialized, skipping
========================================================================
Worker process is ready to serve import requests
Launched and connected shader compiler UnityShaderCompiler.exe after 0.09 seconds
Refreshing native plugins compatible for Editor in 2.71 ms, found 3 plugins.
Preloading 0 native plugins for Editor in 0.00 ms.
Unloading 3120 Unused Serialized files (Serialized files now loaded: 0)
Unloading 22 unused Assets / (56.1 KB). Loaded Objects now: 3583.
Memory consumption went from 111.7 MB to 111.7 MB.
Total: 50.636300 ms (FindLiveObjects: 1.589600 ms CreateObjectMapping: 0.672400 ms MarkObjects: 47.847700 ms  DeleteObjects: 0.522200 ms)

AssetImportParameters requested are different than current active one (requested -> active):
  custom:video-decoder-ogg-theora: a1e56fd34408186e4bbccfd4996cb3dc -> 
  custom:container-muxer-webm: aa71ff27fc2769a1b78a27578f13a17b -> 
  custom:container-demuxer-webm: 4f35f7cbe854078d1ac9338744f61a02 -> 
  custom:video-encoder-webm-vp8: eb34c28f22e8b96e1ab97ce403110664 -> 
  custom:audio-encoder-webm-vorbis: bf7c407c2cedff20999df2af8eb42d56 -> 
  custom:framework-win-MediaFoundation: 216162199b28c13a410421893ffa2e32 -> 
  custom:container-demuxer-ogg: 62fdf1f143b41e24485cea50d1cbac27 -> 
  custom:video-decoder-webm-vp8: 9c59270c3fd7afecdb556c50c9e8de78 -> 
  custom:audio-decoder-ogg-vorbis: bf7c407c2cedff20999df2af8eb42d56 -> 
========================================================================
Received Import Request.
  Time since last request: 1937681.373832 seconds.
  path: Assets/Caution.prefab
  artifactKey: Guid(71db6e7b1ac09774dabfc42835b9e177) Importer(815301076,1909f56bfc062723c751e8b465ee728b)
Start importing Assets/Caution.prefab using Guid(71db6e7b1ac09774dabfc42835b9e177) Importer(815301076,1909f56bfc062723c751e8b465ee728b)  -> (artifact id: '35f35b28e010c3ee57501e3dab7cf34f') in 0.742451 seconds 
========================================================================
Received Import Request.
  Time since last request: 0.000039 seconds.
  path: Assets/Damage.prefab
  artifactKey: Guid(91846bb808626d24998c351b31e1c144) Importer(815301076,1909f56bfc062723c751e8b465ee728b)
Start importing Assets/Damage.prefab using Guid(91846bb808626d24998c351b31e1c144) Importer(815301076,1909f56bfc062723c751e8b465ee728b)  -> (artifact id: '3995bab19cfcade76a82c1aeeea949f7') in 0.499206 seconds 
========================================================================
Received Import Request.
  Time since last request: 54.869023 seconds.
  path: Assets/Win.prefab
  artifactKey: Guid(2bb10636115f2ef4b9bbd5f3c281b2b0) Importer(815301076,1909f56bfc062723c751e8b465ee728b)
Start importing Assets/Win.prefab using Guid(2bb10636115f2ef4b9bbd5f3c281b2b0) Importer(815301076,1909f56bfc062723c751e8b465ee728b)  -> (artifact id: '31e45ff0e0fc5d61ce9aa1f814d8488d') in 0.484530 seconds 
========================================================================
Received Import Request.
  Time since last request: 0.535662 seconds.
  path: Assets/Title.unity
  artifactKey: Guid(bf9393375780a54418cac4d3b9cfa771) Importer(815301076,1909f56bfc062723c751e8b465ee728b)
Start importing Assets/Title.unity using Guid(bf9393375780a54418cac4d3b9cfa771) Importer(815301076,1909f56bfc062723c751e8b465ee728b)  -> (artifact id: 'bc5703e37a06ebb11197dc5c65b70c3d') in 0.005981 seconds 
========================================================================
Received Import Request.
  Time since last request: 3.351409 seconds.
  path: Assets/SaveData.cs
  artifactKey: Guid(2605fd1590599e642a3fa342c7bd165a) Importer(815301076,1909f56bfc062723c751e8b465ee728b)
Start importing Assets/SaveData.cs using Guid(2605fd1590599e642a3fa342c7bd165a) Importer(815301076,1909f56bfc062723c751e8b465ee728b)  -> (artifact id: '67c9f81de893e0ab870b84c20a1ea095') in 0.019414 seconds 
========================================================================
Received Import Request.
  Time since last request: 0.256923 seconds.
  path: Assets/SceneControl.cs
  artifactKey: Guid(f5846de6a81ad4448bb92c2235d28bdb) Importer(815301076,1909f56bfc062723c751e8b465ee728b)
Start importing Assets/SceneControl.cs using Guid(f5846de6a81ad4448bb92c2235d28bdb) Importer(815301076,1909f56bfc062723c751e8b465ee728b)  -> (artifact id: 'cf86dcda9ccba9c78676d86d49e3c727') in 0.005565 seconds 
========================================================================
Received Import Request.
  Time since last request: 0.299746 seconds.
  path: Assets/ScoreCounter.cs
  artifactKey: Guid(c41dd356512901f4787b220012a7938c) Importer(815301076,1909f56bfc062723c751e8b465ee728b)
Start importing Assets/ScoreCounter.cs using Guid(c41dd356512901f4787b220012a7938c) Importer(815301076,1909f56bfc062723c751e8b465ee728b)  -> (artifact id: '10f030e6ad9dae14172ee2bf1f70ec69') in 0.006001 seconds 
========================================================================
Received Import Request.
  Time since last request: 12.606065 seconds.
  path: Assets/Resources
  artifactKey: Guid(58f8218207162bb438ad72e93ba781da) Importer(815301076,1909f56bfc062723c751e8b465ee728b)
Start importing Assets/Resources using Guid(58f8218207162bb438ad72e93ba781da) Importer(815301076,1909f56bfc062723c751e8b465ee728b)  -> (artifact id: 'b7e245f71cc403c34ee7f8ce761e3cfa') in 0.005540 seconds 
========================================================================
Received Import Request.
  Time since last request: 0.724724 seconds.
  path: Assets/Resources/Material
  artifactKey: Guid(d9d50e5394c82204398dd6927fa07846) Importer(815301076,1909f56bfc062723c751e8b465ee728b)
Start importing Assets/Resources/Material using Guid(d9d50e5394c82204398dd6927fa07846) Importer(815301076,1909f56bfc062723c751e8b465ee728b)  -> (artifact id: '809bf644822ef7843ea44df4069268aa') in 0.005358 seconds 
========================================================================
Received Import Request.
  Time since last request: 0.370397 seconds.
  path: Assets/Resources/Material/BLUE.mat
  artifactKey: Guid(29acc42dcd230a44b92c06c6bd729b9b) Importer(815301076,1909f56bfc062723c751e8b465ee728b)
Start importing Assets/Resources/Material/BLUE.mat using Guid(29acc42dcd230a44b92c06c6bd729b9b) Importer(815301076,1909f56bfc062723c751e8b465ee728b)  -> (artifact id: '43b789c1c6bccb92b3eba6c163b38cce') in 0.173472 seconds 
========================================================================
Received Import Request.
  Time since last request: 0.000041 seconds.
  path: Assets/Resources/Material/fire.png
  artifactKey: Guid(80f88f33602180845ae1bdb9b3431939) Importer(815301076,1909f56bfc062723c751e8b465ee728b)
Start importing Assets/Resources/Material/fire.png using Guid(80f88f33602180845ae1bdb9b3431939) Importer(815301076,1909f56bfc062723c751e8b465ee728b)  -> (artifact id: '9a43f8a8ab0a5b0371820a6e59f74a5a') in 0.152342 seconds 
========================================================================
Received Import Request.
  Time since last request: 0.000039 seconds.
  path: Assets/Resources/Material/waterspecial.png
  artifactKey: Guid(37fbc548f25a6024487f8a658f6fdf92) Importer(815301076,1909f56bfc062723c751e8b465ee728b)
Start importing Assets/Resources/Material/waterspecial.png using Guid(37fbc548f25a6024487f8a658f6fdf92) Importer(815301076,1909f56bfc062723c751e8b465ee728b)  -> (artifact id: '37e7354bf9ccc025ea13426fadebf634') in 0.027473 seconds 
========================================================================
Received Import Request.
  Time since last request: 0.000065 seconds.
  path: Assets/Resources/Material/firespecial.png
  artifactKey: Guid(5035f34e9b92774429f563d4529ec72b) Importer(815301076,1909f56bfc062723c751e8b465ee728b)
Start importing Assets/Resources/Material/firespecial.png using Guid(5035f34e9b92774429f563d4529ec72b) Importer(815301076,1909f56bfc062723c751e8b465ee728b)  -> (artifact id: '2ae567e8b1eabf6bf2c825b82ef1431b') in 0.030440 seconds 
========================================================================
Received Import Request.
  Time since last request: 0.000040 seconds.
  path: Assets/Resources/Material/water.png
  artifactKey: Guid(01464c5bd4e83f14bab485b4b7d0fc64) Importer(815301076,1909f56bfc062723c751e8b465ee728b)
Start importing Assets/Resources/Material/water.png using Guid(01464c5bd4e83f14bab485b4b7d0fc64) Importer(815301076,1909f56bfc062723c751e8b465ee728b)  -> (artifact id: '59ad1e0602e7d96a8c15a18c372d3207') in 0.027033 seconds 
========================================================================
Received Import Request.
  Time since last request: 0.000037 seconds.
  path: Assets/Resources/Material/WHITESPECIAL.mat
  artifactKey: Guid(90bd1260e5ec8374b9f30fda163e98aa) Importer(815301076,1909f56bfc062723c751e8b465ee728b)
Start importing Assets/Resources/Material/WHITESPECIAL.mat using Guid(90bd1260e5ec8374b9f30fda163e98aa) Importer(815301076,1909f56bfc062723c751e8b465ee728b)  -> (artifact id: '1b1bfbc5d6372ab71b8b17028fda1511') in 0.020321 seconds 
========================================================================
Received Import Request.
  Time since last request: 0.000030 seconds.
  path: Assets/Resources/Material/ice.png
  artifactKey: Guid(bfa70fa74cdb580489d3501324ac9bc4) Importer(815301076,1909f56bfc062723c751e8b465ee728b)
Start importing Assets/Resources/Material/ice.png using Guid(bfa70fa74cdb580489d3501324ac9bc4) Importer(815301076,1909f56bfc062723c751e8b465ee728b)  -> (artifact id: '1691b3c8113adc37d3b2dc9714ecd2c4') in 0.026820 seconds 
========================================================================
Received Import Request.
  Time since last request: 0.000037 seconds.
  path: Assets/Resources/Material/GREENSPECIAL.mat
  artifactKey: Guid(20d792624e3e03d478c96f07a4232ce1) Importer(815301076,1909f56bfc062723c751e8b465ee728b)
Start importing Assets/Resources/Material/GREENSPECIAL.mat using Guid(20d792624e3e03d478c96f07a4232ce1) Importer(815301076,1909f56bfc062723c751e8b465ee728b)  -> (artifact id: '66a567f9160a5d9c9c542d7b84e0369c') in 0.023843 seconds 
========================================================================
Received Import Request.
  Time since last request: 0.000064 seconds.
  path: Assets/Resources/Material/grass.png
  artifactKey: Guid(c241fa102e2376b4da10bf3e77ce2dcd) Importer(815301076,1909f56bfc062723c751e8b465ee728b)
Start importing Assets/Resources/Material/grass.png using Guid(c241fa102e2376b4da10bf3e77ce2dcd) Importer(815301076,1909f56bfc062723c751e8b465ee728b)  -> (artifact id: 'ed1463e0cc8f2b9b101f8bbad15bb24e') in 0.026502 seconds 
========================================================================
Received Import Request.
  Time since last request: 0.000048 seconds.
  path: Assets/Resources/Material/PURPLESPECIAL.mat
  artifactKey: Guid(10279efa7547a6d4d8665dc97ec9b827) Importer(815301076,1909f56bfc062723c751e8b465ee728b)
Start importing Assets/Resources/Material/PURPLESPECIAL.mat using Guid(10279efa7547a6d4d8665dc97ec9b827) Importer(815301076,1909f56bfc062723c751e8b465ee728b)  -> (artifact id: 'd5afbcda869c0eb6783335630f28be38') in 0.019597 seconds 
========================================================================
Received Import Request.
  Time since last request: 2.254579 seconds.
  path: Assets/Resources/Element/Image.prefab
  artifactKey: Guid(1c26d506f11ded94ba3ddb51fa30db1a) Importer(815301076,1909f56bfc062723c751e8b465ee728b)
Start importing Assets/Resources/Element/Image.prefab using Guid(1c26d506f11ded94ba3ddb51fa30db1a) Importer(815301076,1909f56bfc062723c751e8b465ee728b)  -> (artifact id: 'b086f1e183f32b205ecb6809fe4de413') in 0.008386 seconds 
========================================================================
Received Import Request.
  Time since last request: 4.663770 seconds.
  path: Assets/Resources/Sound/dragon-breathe-ire-6216.mp3
  artifactKey: Guid(6093e222682ae2b49bc120d8c8f8d1ef) Importer(815301076,1909f56bfc062723c751e8b465ee728b)
Start importing Assets/Resources/Sound/dragon-breathe-ire-6216.mp3 using Guid(6093e222682ae2b49bc120d8c8f8d1ef) Importer(815301076,1909f56bfc062723c751e8b465ee728b)  -> (artifact id: '88801346500d2ae0625a52f34408a895') in 0.066264 seconds 
========================================================================
Received Import Request.
  Time since last request: 0.000052 seconds.
  path: Assets/Resources/Sound/dragon-roar-96996.mp3
  artifactKey: Guid(6d25489be42ccad4daae8daabb6c5efb) Importer(815301076,1909f56bfc062723c751e8b465ee728b)
Start importing Assets/Resources/Sound/dragon-roar-96996.mp3 using Guid(6d25489be42ccad4daae8daabb6c5efb) Importer(815301076,1909f56bfc062723c751e8b465ee728b)  -> (artifact id: 'b1c52bfaadd777ffffe6bbb569b019c9') in 0.020919 seconds 
========================================================================
Received Import Request.
  Time since last request: 0.000047 seconds.
  path: Assets/Resources/Sound/risk-136788.mp3
  artifactKey: Guid(49e47d7da3bb88740a62356cdb07c4ce) Importer(815301076,1909f56bfc062723c751e8b465ee728b)
Start importing Assets/Resources/Sound/risk-136788.mp3 using Guid(49e47d7da3bb88740a62356cdb07c4ce) Importer(815301076,1909f56bfc062723c751e8b465ee728b)  -> (artifact id: '287b75897396839baea7628cba83b97a') in 0.022637 seconds 
========================================================================
Received Import Request.
  Time since last request: 0.000047 seconds.
  path: Assets/Resources/Sound/return-of-the-demon-slayer-8686.mp3
  artifactKey: Guid(17acc37cd88164645970ab11136b1d8f) Importer(815301076,1909f56bfc062723c751e8b465ee728b)
Start importing Assets/Resources/Sound/return-of-the-demon-slayer-8686.mp3 using Guid(17acc37cd88164645970ab11136b1d8f) Importer(815301076,1909f56bfc062723c751e8b465ee728b)  -> (artifact id: '43fb7c13497fa3fc4a3305a95ed385a4') in 0.019304 seconds 
========================================================================
Received Import Request.
  Time since last request: 0.000040 seconds.
  path: Assets/Resources/Sound/draw-sword1-44724.mp3
  artifactKey: Guid(54eacb93d3af330439d56808e5b8a0f6) Importer(815301076,1909f56bfc062723c751e8b465ee728b)
Start importing Assets/Resources/Sound/draw-sword1-44724.mp3 using Guid(54eacb93d3af330439d56808e5b8a0f6) Importer(815301076,1909f56bfc062723c751e8b465ee728b)  -> (artifact id: '21b8a3bca017cfbd80e91c3e398e7bc9') in 0.017490 seconds 
========================================================================
Received Import Request.
  Time since last request: 0.000030 seconds.
  path: Assets/Resources/Sound/MP_Balloon Popping.mp3
  artifactKey: Guid(bf1a54d55a4aac54cbd7f03f754131f7) Importer(815301076,1909f56bfc062723c751e8b465ee728b)
Start importing Assets/Resources/Sound/MP_Balloon Popping.mp3 using Guid(bf1a54d55a4aac54cbd7f03f754131f7) Importer(815301076,1909f56bfc062723c751e8b465ee728b)  -> (artifact id: '71709b9788976fd74407bd068ba0d05e') in 0.018401 seconds 
========================================================================
Received Import Request.
  Time since last request: 0.000030 seconds.
  path: Assets/Resources/Sound/fire-breath-6922.mp3
  artifactKey: Guid(58b62ae9b6c64cd4b830edc287203de5) Importer(815301076,1909f56bfc062723c751e8b465ee728b)
Start importing Assets/Resources/Sound/fire-breath-6922.mp3 using Guid(58b62ae9b6c64cd4b830edc287203de5) Importer(815301076,1909f56bfc062723c751e8b465ee728b)  -> (artifact id: 'b3031162b45fa90f6477fdf0fdb70782') in 0.018091 seconds 
========================================================================
Received Import Request.
  Time since last request: 0.000043 seconds.
  path: Assets/Resources/Sound/suspense-metal-doom-111839.mp3
  artifactKey: Guid(816b98e152d70724fa0b1446fd84f437) Importer(815301076,1909f56bfc062723c751e8b465ee728b)
Start importing Assets/Resources/Sound/suspense-metal-doom-111839.mp3 using Guid(816b98e152d70724fa0b1446fd84f437) Importer(815301076,1909f56bfc062723c751e8b465ee728b)  -> (artifact id: 'd0520b5d4c13398fd3bd91035d9ebe1a') in 0.019360 seconds 
Editor requested this worker to shutdown with reason: Scaling down because of idle timeout
AssetImportWorker is now disconnected from the server
Process exiting
Exiting without the bug reporter. Application will terminate with return code 0